<?xml version="1.0" encoding="UTF-8"?>
<testsuites name="Chiragh links" time="610" tests="16" failures="14" errors="0">
   <testsuite name="Chiragh links" tests="16" failures="14" errors="0" time="610" timestamp="2019-01-03 12:31:47" hostname="HP - DESKTOP-2D7LI1O.mshome.net" id="Test Suites/Chiragh links">
      <properties>
         <property name="deviceName" value=""/>
         <property name="devicePlatform" value=""/>
         <property name="logFolder" value="C:\\Users\\HP\\Katalon Studio\\links\\Reports\\Chiragh links\\20190103_123143"/>
         <property name="logFiles" value="C:\\Users\\HP\\Katalon Studio\\links\\Reports\\Chiragh links\\20190103_123143\\execution0.log"/>
         <property name="attachments" value="C:\\Users\\HP\\Katalon Studio\\links\\Reports\\Chiragh links\\20190103_123143\\1546500805785.png, C:\\Users\\HP\\Katalon Studio\\links\\Reports\\Chiragh links\\20190103_123143\\1546500806280.png, C:\\Users\\HP\\Katalon Studio\\links\\Reports\\Chiragh links\\20190103_123143\\1546500832932.png, C:\\Users\\HP\\Katalon Studio\\links\\Reports\\Chiragh links\\20190103_123143\\1546500833765.png, C:\\Users\\HP\\Katalon Studio\\links\\Reports\\Chiragh links\\20190103_123143\\1546500850472.png, C:\\Users\\HP\\Katalon Studio\\links\\Reports\\Chiragh links\\20190103_123143\\1546500850842.png, C:\\Users\\HP\\Katalon Studio\\links\\Reports\\Chiragh links\\20190103_123143\\1546500867114.png, C:\\Users\\HP\\Katalon Studio\\links\\Reports\\Chiragh links\\20190103_123143\\1546500867404.png, C:\\Users\\HP\\Katalon Studio\\links\\Reports\\Chiragh links\\20190103_123143\\1546500894546.png, C:\\Users\\HP\\Katalon Studio\\links\\Reports\\Chiragh links\\20190103_123143\\1546500895211.png, C:\\Users\\HP\\Katalon Studio\\links\\Reports\\Chiragh links\\20190103_123143\\1546500919399.png, C:\\Users\\HP\\Katalon Studio\\links\\Reports\\Chiragh links\\20190103_123143\\1546500920007.png, C:\\Users\\HP\\Katalon Studio\\links\\Reports\\Chiragh links\\20190103_123143\\1546501184321.png, C:\\Users\\HP\\Katalon Studio\\links\\Reports\\Chiragh links\\20190103_123143\\1546501184610.png, C:\\Users\\HP\\Katalon Studio\\links\\Reports\\Chiragh links\\20190103_123143\\1546501255951.png, C:\\Users\\HP\\Katalon Studio\\links\\Reports\\Chiragh links\\20190103_123143\\1546501256214.png, C:\\Users\\HP\\Katalon Studio\\links\\Reports\\Chiragh links\\20190103_123143\\1546501294371.png, C:\\Users\\HP\\Katalon Studio\\links\\Reports\\Chiragh links\\20190103_123143\\1546501316564.png, C:\\Users\\HP\\Katalon Studio\\links\\Reports\\Chiragh links\\20190103_123143\\1546501316846.png"/>
         <property name="hostName" value="HP - DESKTOP-2D7LI1O.mshome.net"/>
         <property name="os" value="Windows 10 64bit"/>
         <property name="katalonVersion" value="5.10.0.1"/>
         <property name="browser" value="Chrome 71.0.3578.98"/>
         <property name="hostAddress" value="192.168.137.1"/>
         <property name="sessionId" value="e6227d0f4df7519adee500572929ef71"/>
         <property name="seleniumVersion" value="3.7.1"/>
         <property name="proxyInformation" value="ProxyInformation{proxyOption=NO_PROXY, proxyServerType=HTTP, password=, proxyServerAddress=, proxyServerPort=0}"/>
         <property name="platform" value="Windows 10"/>
      </properties>
      <testcase name="Test Cases/register/read more" classname="Test Cases/register/read more" status="PASSED">
         <system-out><![CDATA[2019-01-03 12:31:48 - [TEST_CASE][PASSED] - Test Cases/register/read more: Test Cases/register/read more

2019-01-03 12:31:48 - [TEST_STEP][PASSED] - openBrowser(""): Browser is opened with url: ''

2019-01-03 12:31:49 - [MESSAGE][INFO] - Starting 'Chrome' driver

2019-01-03 12:31:49 - [MESSAGE][INFO] - Action delay is set to 0 seconds

2019-01-03 12:31:53 - [MESSAGE][PASSED] - Browser is opened with url: ''

2019-01-03 12:31:53 - [TEST_STEP][PASSED] - navigateToUrl(Url): Navigate to 'http://demo.chiragh.com/' successfully

2019-01-03 12:32:03 - [MESSAGE][PASSED] - Navigate to 'http://demo.chiragh.com/' successfully

2019-01-03 12:32:03 - [TEST_STEP][PASSED] - maximizeWindow(): Current window maximized

2019-01-03 12:32:04 - [MESSAGE][PASSED] - Current window maximized

2019-01-03 12:32:04 - [TEST_STEP][PASSED] - delay(3): Delayed 3 second(s)

2019-01-03 12:32:07 - [MESSAGE][PASSED] - Delayed 3 second(s)

2019-01-03 12:32:07 - [TEST_STEP][PASSED] - click(findTestObject("sign in/Page_Chiragh/div_Login                    o")): Object: 'Object Repository/sign in/Page_Chiragh/div_Login                    o' is clicked on

2019-01-03 12:32:07 - [MESSAGE][PASSED] - Object: 'Object Repository/sign in/Page_Chiragh/div_Login                    o' is clicked on

2019-01-03 12:32:07 - [TEST_STEP][PASSED] - click(findTestObject("sign in/Page_Chiragh/a_Register")): Object: 'Object Repository/sign in/Page_Chiragh/a_Register' is clicked on

2019-01-03 12:32:07 - [MESSAGE][PASSED] - Object: 'Object Repository/sign in/Page_Chiragh/a_Register' is clicked on

2019-01-03 12:32:07 - [TEST_STEP][PASSED] - delay(3): Delayed 3 second(s)

2019-01-03 12:32:10 - [MESSAGE][PASSED] - Delayed 3 second(s)

2019-01-03 12:32:10 - [TEST_STEP][PASSED] - click(findTestObject("Object Repository/read more/Page_Chiragh/a_(Read More)")): Object: 'Object Repository/read more/Page_Chiragh/a_(Read More)' is clicked on

2019-01-03 12:32:11 - [MESSAGE][PASSED] - Object: 'Object Repository/read more/Page_Chiragh/a_(Read More)' is clicked on

2019-01-03 12:32:11 - [TEST_STEP][PASSED] - verifyElementPresent(findTestObject("Object Repository/read more/Page_Chiragh/div_Terms  Conditions"), 5): Object 'Object Repository/read more/Page_Chiragh/div_Terms  Conditions' is present

2019-01-03 12:32:11 - [MESSAGE][PASSED] - Object 'Object Repository/read more/Page_Chiragh/div_Terms  Conditions' is present

2019-01-03 12:32:11 - [TEST_STEP][PASSED] - closeBrowser(): Browser is closed

2019-01-03 12:32:12 - [MESSAGE][PASSED] - Browser is closed

2019-01-03 12:32:12 - [TEST_STEP][PASSED] - Start listener action : sampleAfterTestCase: null

2019-01-03 12:32:12 - [TEST_STEP][PASSED] - println(testCaseContext.getTestCaseId()): null

2019-01-03 12:32:12 - [TEST_STEP][PASSED] - println(testCaseContext.getTestCaseStatus()): null]]></system-out>
         <system-err><![CDATA[]]></system-err>
      </testcase>
      <testcase name="Test Cases/signin/Forgot Password" classname="Test Cases/signin/Forgot Password" status="PASSED">
         <system-out><![CDATA[2019-01-03 12:32:12 - [TEST_CASE][PASSED] - Test Cases/signin/Forgot Password: Test Cases/signin/Forgot Password

2019-01-03 12:32:12 - [TEST_STEP][PASSED] - openBrowser(""): Browser is opened with url: ''

2019-01-03 12:32:12 - [MESSAGE][INFO] - Starting 'Chrome' driver

2019-01-03 12:32:14 - [MESSAGE][PASSED] - Browser is opened with url: ''

2019-01-03 12:32:14 - [TEST_STEP][PASSED] - navigateToUrl(Url): Navigate to 'http://demo.chiragh.com/' successfully

2019-01-03 12:32:23 - [MESSAGE][PASSED] - Navigate to 'http://demo.chiragh.com/' successfully

2019-01-03 12:32:23 - [TEST_STEP][PASSED] - maximizeWindow(): Current window maximized

2019-01-03 12:32:24 - [MESSAGE][PASSED] - Current window maximized

2019-01-03 12:32:24 - [TEST_STEP][PASSED] - delay(3): Delayed 3 second(s)

2019-01-03 12:32:27 - [MESSAGE][PASSED] - Delayed 3 second(s)

2019-01-03 12:32:27 - [TEST_STEP][PASSED] - click(findTestObject("Object Repository/forgot password/Page_Chiragh/div_Login                    o")): Object: 'Object Repository/forgot password/Page_Chiragh/div_Login                    o' is clicked on

2019-01-03 12:32:27 - [MESSAGE][PASSED] - Object: 'Object Repository/forgot password/Page_Chiragh/div_Login                    o' is clicked on

2019-01-03 12:32:27 - [TEST_STEP][PASSED] - click(findTestObject("Object Repository/forgot password/Page_Chiragh/a_Login")): Object: 'Object Repository/forgot password/Page_Chiragh/a_Login' is clicked on

2019-01-03 12:32:27 - [MESSAGE][PASSED] - Object: 'Object Repository/forgot password/Page_Chiragh/a_Login' is clicked on

2019-01-03 12:32:27 - [TEST_STEP][PASSED] - delay(3): Delayed 3 second(s)

2019-01-03 12:32:30 - [MESSAGE][PASSED] - Delayed 3 second(s)

2019-01-03 12:32:30 - [TEST_STEP][PASSED] - click(findTestObject("Object Repository/forgot password/Page_Chiragh/a_Forgot Password")): Object: 'Object Repository/forgot password/Page_Chiragh/a_Forgot Password' is clicked on

2019-01-03 12:32:31 - [MESSAGE][PASSED] - Object: 'Object Repository/forgot password/Page_Chiragh/a_Forgot Password' is clicked on

2019-01-03 12:32:31 - [TEST_STEP][PASSED] - verifyElementPresent(findTestObject("Object Repository/forgot password/Page_Chiragh/form_Forgot Password"), 3): Object 'Object Repository/forgot password/Page_Chiragh/form_Forgot Password' is present

2019-01-03 12:32:31 - [MESSAGE][PASSED] - Object 'Object Repository/forgot password/Page_Chiragh/form_Forgot Password' is present

2019-01-03 12:32:31 - [TEST_STEP][PASSED] - verifyElementPresent(findTestObject("Object Repository/forgot password/Page_Chiragh/div_Follow these simple steps"), 3): Object 'Object Repository/forgot password/Page_Chiragh/div_Follow these simple steps' is present

2019-01-03 12:32:31 - [MESSAGE][PASSED] - Object 'Object Repository/forgot password/Page_Chiragh/div_Follow these simple steps' is present

2019-01-03 12:32:31 - [TEST_STEP][PASSED] - verifyElementPresent(findTestObject("Object Repository/forgot password/Page_Chiragh/div_Submit"), 3): Object 'Object Repository/forgot password/Page_Chiragh/div_Submit' is present

2019-01-03 12:32:31 - [MESSAGE][PASSED] - Object 'Object Repository/forgot password/Page_Chiragh/div_Submit' is present

2019-01-03 12:32:31 - [TEST_STEP][PASSED] - closeBrowser(): Browser is closed

2019-01-03 12:32:32 - [MESSAGE][PASSED] - Browser is closed

2019-01-03 12:32:32 - [TEST_STEP][PASSED] - Start listener action : sampleAfterTestCase: null

2019-01-03 12:32:32 - [TEST_STEP][PASSED] - println(testCaseContext.getTestCaseId()): null

2019-01-03 12:32:32 - [TEST_STEP][PASSED] - println(testCaseContext.getTestCaseStatus()): null]]></system-out>
         <system-err><![CDATA[]]></system-err>
      </testcase>
      <testcase name="Test Cases/signin/login" classname="Test Cases/signin/login" status="PASSED">
         <system-out><![CDATA[2019-01-03 12:32:32 - [TEST_CASE][PASSED] - Test Cases/signin/login: Test Cases/signin/login

2019-01-03 12:32:32 - [TEST_STEP][PASSED] - openBrowser(""): Browser is opened with url: ''

2019-01-03 12:32:32 - [MESSAGE][INFO] - Starting 'Chrome' driver

2019-01-03 12:32:34 - [MESSAGE][PASSED] - Browser is opened with url: ''

2019-01-03 12:32:34 - [TEST_STEP][PASSED] - navigateToUrl(Url): Navigate to 'http://demo.chiragh.com/' successfully

2019-01-03 12:32:44 - [MESSAGE][PASSED] - Navigate to 'http://demo.chiragh.com/' successfully

2019-01-03 12:32:44 - [TEST_STEP][PASSED] - maximizeWindow(): Current window maximized

2019-01-03 12:32:46 - [MESSAGE][PASSED] - Current window maximized

2019-01-03 12:32:46 - [TEST_STEP][PASSED] - click(findTestObject("sign in/Page_Chiragh/div_Login                    o")): Object: 'Object Repository/sign in/Page_Chiragh/div_Login                    o' is clicked on

2019-01-03 12:32:46 - [MESSAGE][PASSED] - Object: 'Object Repository/sign in/Page_Chiragh/div_Login                    o' is clicked on

2019-01-03 12:32:46 - [TEST_STEP][PASSED] - click(findTestObject("sign in/Page_Chiragh/a_Login")): Object: 'Object Repository/sign in/Page_Chiragh/a_Login' is clicked on

2019-01-03 12:32:46 - [MESSAGE][PASSED] - Object: 'Object Repository/sign in/Page_Chiragh/a_Login' is clicked on

2019-01-03 12:32:46 - [TEST_STEP][PASSED] - delay(3): Delayed 3 second(s)

2019-01-03 12:32:49 - [MESSAGE][PASSED] - Delayed 3 second(s)

2019-01-03 12:32:49 - [TEST_STEP][PASSED] - setText(findTestObject("Object Repository/Page_Chiragh/input_Sign In_userName (1)"), userName): Text 'newuser11' is set on object 'Object Repository/Page_Chiragh/input_Sign In_userName (1)'

2019-01-03 12:32:50 - [MESSAGE][PASSED] - Text 'newuser11' is set on object 'Object Repository/Page_Chiragh/input_Sign In_userName (1)'

2019-01-03 12:32:50 - [TEST_STEP][PASSED] - setText(findTestObject("Object Repository/Page_Chiragh/input_Sign In_userPassword (1)"), userPassword): Text '12345678' is set on object 'Object Repository/Page_Chiragh/input_Sign In_userPassword (1)'

2019-01-03 12:32:50 - [MESSAGE][PASSED] - Text '12345678' is set on object 'Object Repository/Page_Chiragh/input_Sign In_userPassword (1)'

2019-01-03 12:32:50 - [TEST_STEP][PASSED] - click(findTestObject("sell/Page_Chiragh/button_Sign In")): Object: 'Object Repository/sell/Page_Chiragh/button_Sign In' is clicked on

2019-01-03 12:32:50 - [MESSAGE][PASSED] - Object: 'Object Repository/sell/Page_Chiragh/button_Sign In' is clicked on

2019-01-03 12:32:50 - [TEST_STEP][PASSED] - delay(3): Delayed 3 second(s)

2019-01-03 12:32:53 - [MESSAGE][PASSED] - Delayed 3 second(s)

2019-01-03 12:32:53 - [TEST_STEP][PASSED] - verifyTextPresent(userName, false): Text 'newuser11' is present on page 

2019-01-03 12:32:54 - [MESSAGE][PASSED] - Text 'newuser11' is present on page 

2019-01-03 12:32:54 - [TEST_STEP][PASSED] - click(findTestObject("Object Repository/Page_Chiragh/button_Sign In")): Object: 'Object Repository/Page_Chiragh/button_Sign In' is clicked on

2019-01-03 12:32:54 - [MESSAGE][PASSED] - Object: 'Object Repository/Page_Chiragh/button_Sign In' is clicked on

2019-01-03 12:32:54 - [TEST_STEP][PASSED] - closeBrowser(): Browser is closed

2019-01-03 12:32:55 - [MESSAGE][PASSED] - Browser is closed

2019-01-03 12:32:55 - [TEST_STEP][PASSED] - Start listener action : sampleAfterTestCase: null

2019-01-03 12:32:55 - [TEST_STEP][PASSED] - println(testCaseContext.getTestCaseId()): null

2019-01-03 12:32:55 - [TEST_STEP][PASSED] - println(testCaseContext.getTestCaseStatus()): null]]></system-out>
         <system-err><![CDATA[]]></system-err>
      </testcase>
      <testcase name="Test Cases/home page/Contact Us" classname="Test Cases/home page/Contact Us" status="PASSED">
         <system-out><![CDATA[2019-01-03 12:32:55 - [TEST_CASE][PASSED] - Test Cases/home page/Contact Us: Test Cases/home page/Contact Us

2019-01-03 12:32:55 - [TEST_STEP][PASSED] - openBrowser(""): Browser is opened with url: ''

2019-01-03 12:32:55 - [MESSAGE][INFO] - Starting 'Chrome' driver

2019-01-03 12:32:57 - [MESSAGE][PASSED] - Browser is opened with url: ''

2019-01-03 12:32:57 - [TEST_STEP][PASSED] - navigateToUrl(Url): Navigate to 'http://demo.chiragh.com/' successfully

2019-01-03 12:33:06 - [MESSAGE][PASSED] - Navigate to 'http://demo.chiragh.com/' successfully

2019-01-03 12:33:06 - [TEST_STEP][PASSED] - maximizeWindow(): Current window maximized

2019-01-03 12:33:07 - [MESSAGE][PASSED] - Current window maximized

2019-01-03 12:33:07 - [TEST_STEP][PASSED] - delay(3): Delayed 3 second(s)

2019-01-03 12:33:10 - [MESSAGE][PASSED] - Delayed 3 second(s)

2019-01-03 12:33:10 - [TEST_STEP][PASSED] - click(findTestObject("Object Repository/Contact Us/Page_Chiragh/a_CONTACT US")): Object: 'Object Repository/Contact Us/Page_Chiragh/a_CONTACT US' is clicked on

2019-01-03 12:33:10 - [MESSAGE][PASSED] - Object: 'Object Repository/Contact Us/Page_Chiragh/a_CONTACT US' is clicked on

2019-01-03 12:33:10 - [TEST_STEP][PASSED] - delay(3): Delayed 3 second(s)

2019-01-03 12:33:13 - [MESSAGE][PASSED] - Delayed 3 second(s)

2019-01-03 12:33:13 - [TEST_STEP][PASSED] - verifyElementPresent(findTestObject("Object Repository/Contact Us/Page_Chiragh/div_Headquarter"), 3): Object 'Object Repository/Contact Us/Page_Chiragh/div_Headquarter' is present

2019-01-03 12:33:13 - [MESSAGE][PASSED] - Object 'Object Repository/Contact Us/Page_Chiragh/div_Headquarter' is present

2019-01-03 12:33:13 - [TEST_STEP][PASSED] - closeBrowser(): Browser is closed

2019-01-03 12:33:14 - [MESSAGE][PASSED] - Browser is closed

2019-01-03 12:33:14 - [TEST_STEP][PASSED] - Start listener action : sampleAfterTestCase: null

2019-01-03 12:33:14 - [TEST_STEP][PASSED] - println(testCaseContext.getTestCaseId()): null

2019-01-03 12:33:14 - [TEST_STEP][PASSED] - println(testCaseContext.getTestCaseStatus()): null]]></system-out>
         <system-err><![CDATA[]]></system-err>
      </testcase>
      <testcase name="Test Cases/home page/first learn more" classname="Test Cases/home page/first learn more" status="FAILED">
         <failure type="FAILED" message="Test Cases/home page/first learn more FAILED.
Reason:
com.kms.katalon.core.exception.StepFailedException: Unable to accept alert (Root cause: com.kms.katalon.core.exception.StepFailedException: No alert found)
	at com.kms.katalon.core.keyword.internal.KeywordMain.stepFailed(KeywordMain.groovy:36)
	at com.kms.katalon.core.webui.keyword.internal.WebUIKeywordMain.stepFailed(WebUIKeywordMain.groovy:65)
	at com.kms.katalon.core.webui.keyword.internal.WebUIKeywordMain.runKeyword(WebUIKeywordMain.groovy:27)
	at com.kms.katalon.core.webui.keyword.builtin.AcceptAlertKeyword.acceptAlert(AcceptAlertKeyword.groovy:71)
	at com.kms.katalon.core.webui.keyword.builtin.AcceptAlertKeyword.execute(AcceptAlertKeyword.groovy:66)
	at com.kms.katalon.core.keyword.internal.KeywordExecutor.executeKeywordForPlatform(KeywordExecutor.groovy:53)
	at com.kms.katalon.core.webui.keyword.WebUiBuiltInKeywords.acceptAlert(WebUiBuiltInKeywords.groovy:1492)
	at com.kms.katalon.core.webui.keyword.WebUiBuiltInKeywords$acceptAlert$7.call(Unknown Source)
	at first learn more.run(first learn more:22)
	at com.kms.katalon.core.main.ScriptEngine.run(ScriptEngine.java:194)
	at com.kms.katalon.core.main.ScriptEngine.runScriptAsRawText(ScriptEngine.java:119)
	at com.kms.katalon.core.main.TestCaseExecutor.runScript(TestCaseExecutor.java:328)
	at com.kms.katalon.core.main.TestCaseExecutor.doExecute(TestCaseExecutor.java:319)
	at com.kms.katalon.core.main.TestCaseExecutor.processExecutionPhase(TestCaseExecutor.java:298)
	at com.kms.katalon.core.main.TestCaseExecutor.accessMainPhase(TestCaseExecutor.java:290)
	at com.kms.katalon.core.main.TestCaseExecutor.execute(TestCaseExecutor.java:224)
	at com.kms.katalon.core.main.TestSuiteExecutor.accessTestCaseMainPhase(TestSuiteExecutor.java:129)
	at com.kms.katalon.core.main.TestSuiteExecutor.accessTestSuiteMainPhase(TestSuiteExecutor.java:112)
	at com.kms.katalon.core.main.TestSuiteExecutor.execute(TestSuiteExecutor.java:81)
	at com.kms.katalon.core.main.TestCaseMain.startTestSuite(TestCaseMain.java:149)
	at com.kms.katalon.core.main.TestCaseMain$startTestSuite$0.call(Unknown Source)
	at TempTestSuite1546500703440.run(TempTestSuite1546500703440.groovy:36)
"/>
         <system-out><![CDATA[2019-01-03 12:33:14 - [TEST_CASE][FAILED] - Test Cases/home page/first learn more: Test Cases/home page/first learn more FAILED.
Reason:
com.kms.katalon.core.exception.StepFailedException: Unable to accept alert (Root cause: com.kms.katalon.core.exception.StepFailedException: No alert found)
	at com.kms.katalon.core.keyword.internal.KeywordMain.stepFailed(KeywordMain.groovy:36)
	at com.kms.katalon.core.webui.keyword.internal.WebUIKeywordMain.stepFailed(WebUIKeywordMain.groovy:65)
	at com.kms.katalon.core.webui.keyword.internal.WebUIKeywordMain.runKeyword(WebUIKeywordMain.groovy:27)
	at com.kms.katalon.core.webui.keyword.builtin.AcceptAlertKeyword.acceptAlert(AcceptAlertKeyword.groovy:71)
	at com.kms.katalon.core.webui.keyword.builtin.AcceptAlertKeyword.execute(AcceptAlertKeyword.groovy:66)
	at com.kms.katalon.core.keyword.internal.KeywordExecutor.executeKeywordForPlatform(KeywordExecutor.groovy:53)
	at com.kms.katalon.core.webui.keyword.WebUiBuiltInKeywords.acceptAlert(WebUiBuiltInKeywords.groovy:1492)
	at com.kms.katalon.core.webui.keyword.WebUiBuiltInKeywords$acceptAlert$7.call(Unknown Source)
	at first learn more.run(first learn more:22)
	at com.kms.katalon.core.main.ScriptEngine.run(ScriptEngine.java:194)
	at com.kms.katalon.core.main.ScriptEngine.runScriptAsRawText(ScriptEngine.java:119)
	at com.kms.katalon.core.main.TestCaseExecutor.runScript(TestCaseExecutor.java:328)
	at com.kms.katalon.core.main.TestCaseExecutor.doExecute(TestCaseExecutor.java:319)
	at com.kms.katalon.core.main.TestCaseExecutor.processExecutionPhase(TestCaseExecutor.java:298)
	at com.kms.katalon.core.main.TestCaseExecutor.accessMainPhase(TestCaseExecutor.java:290)
	at com.kms.katalon.core.main.TestCaseExecutor.execute(TestCaseExecutor.java:224)
	at com.kms.katalon.core.main.TestSuiteExecutor.accessTestCaseMainPhase(TestSuiteExecutor.java:129)
	at com.kms.katalon.core.main.TestSuiteExecutor.accessTestSuiteMainPhase(TestSuiteExecutor.java:112)
	at com.kms.katalon.core.main.TestSuiteExecutor.execute(TestSuiteExecutor.java:81)
	at com.kms.katalon.core.main.TestCaseMain.startTestSuite(TestCaseMain.java:149)
	at com.kms.katalon.core.main.TestCaseMain$startTestSuite$0.call(Unknown Source)
	at TempTestSuite1546500703440.run(TempTestSuite1546500703440.groovy:36)


2019-01-03 12:33:14 - [TEST_STEP][PASSED] - openBrowser(""): Browser is opened with url: ''

2019-01-03 12:33:14 - [MESSAGE][INFO] - Starting 'Chrome' driver

2019-01-03 12:33:17 - [MESSAGE][PASSED] - Browser is opened with url: ''

2019-01-03 12:33:17 - [TEST_STEP][PASSED] - navigateToUrl(Url): Navigate to 'http://demo.chiragh.com/' successfully

2019-01-03 12:33:25 - [MESSAGE][PASSED] - Navigate to 'http://demo.chiragh.com/' successfully

2019-01-03 12:33:25 - [TEST_STEP][PASSED] - click(findTestObject("Object Repository/first learn more/Page_Chiragh/button_LEARN MORE")): Object: 'Object Repository/first learn more/Page_Chiragh/button_LEARN MORE' is clicked on

2019-01-03 12:33:25 - [MESSAGE][PASSED] - Object: 'Object Repository/first learn more/Page_Chiragh/button_LEARN MORE' is clicked on

2019-01-03 12:33:25 - [TEST_STEP][FAILED] - acceptAlert(): acceptAlert() FAILED.
Reason:
com.kms.katalon.core.exception.StepFailedException: Unable to accept alert (Root cause: com.kms.katalon.core.exception.StepFailedException: No alert found)
	at com.kms.katalon.core.keyword.internal.KeywordMain.stepFailed(KeywordMain.groovy:36)
	at com.kms.katalon.core.webui.keyword.internal.WebUIKeywordMain.stepFailed(WebUIKeywordMain.groovy:65)
	at com.kms.katalon.core.webui.keyword.internal.WebUIKeywordMain.runKeyword(WebUIKeywordMain.groovy:27)
	at com.kms.katalon.core.webui.keyword.builtin.AcceptAlertKeyword.acceptAlert(AcceptAlertKeyword.groovy:71)
	at com.kms.katalon.core.webui.keyword.builtin.AcceptAlertKeyword.execute(AcceptAlertKeyword.groovy:66)
	at com.kms.katalon.core.keyword.internal.KeywordExecutor.executeKeywordForPlatform(KeywordExecutor.groovy:53)
	at com.kms.katalon.core.webui.keyword.WebUiBuiltInKeywords.acceptAlert(WebUiBuiltInKeywords.groovy:1492)
	at com.kms.katalon.core.webui.keyword.WebUiBuiltInKeywords$acceptAlert$7.call(Unknown Source)
	at first learn more.run(first learn more:22)
	at com.kms.katalon.core.main.ScriptEngine.run(ScriptEngine.java:194)
	at com.kms.katalon.core.main.ScriptEngine.runScriptAsRawText(ScriptEngine.java:119)
	at com.kms.katalon.core.main.TestCaseExecutor.runScript(TestCaseExecutor.java:328)
	at com.kms.katalon.core.main.TestCaseExecutor.doExecute(TestCaseExecutor.java:319)
	at com.kms.katalon.core.main.TestCaseExecutor.processExecutionPhase(TestCaseExecutor.java:298)
	at com.kms.katalon.core.main.TestCaseExecutor.accessMainPhase(TestCaseExecutor.java:290)
	at com.kms.katalon.core.main.TestCaseExecutor.execute(TestCaseExecutor.java:224)
	at com.kms.katalon.core.main.TestSuiteExecutor.accessTestCaseMainPhase(TestSuiteExecutor.java:129)
	at com.kms.katalon.core.main.TestSuiteExecutor.accessTestSuiteMainPhase(TestSuiteExecutor.java:112)
	at com.kms.katalon.core.main.TestSuiteExecutor.execute(TestSuiteExecutor.java:81)
	at com.kms.katalon.core.main.TestCaseMain.startTestSuite(TestCaseMain.java:149)
	at com.kms.katalon.core.main.TestCaseMain$startTestSuite$0.call(Unknown Source)
	at TempTestSuite1546500703440.run(TempTestSuite1546500703440.groovy:36)


2019-01-03 12:33:26 - [MESSAGE][FAILED] - No alert found
[[ATTACHMENT|C:\\Users\\HP\\Katalon Studio\\links\\Reports\\Chiragh links\\20190103_123143\\1546500805785.png]]

2019-01-03 12:33:26 - [MESSAGE][FAILED] - Unable to accept alert (Root cause: com.kms.katalon.core.exception.StepFailedException: No alert found)
[[ATTACHMENT|C:\\Users\\HP\\Katalon Studio\\links\\Reports\\Chiragh links\\20190103_123143\\1546500806280.png]]

2019-01-03 12:33:26 - [MESSAGE][FAILED] - acceptAlert() FAILED.
Reason:
com.kms.katalon.core.exception.StepFailedException: Unable to accept alert (Root cause: com.kms.katalon.core.exception.StepFailedException: No alert found)
	at com.kms.katalon.core.keyword.internal.KeywordMain.stepFailed(KeywordMain.groovy:36)
	at com.kms.katalon.core.webui.keyword.internal.WebUIKeywordMain.stepFailed(WebUIKeywordMain.groovy:65)
	at com.kms.katalon.core.webui.keyword.internal.WebUIKeywordMain.runKeyword(WebUIKeywordMain.groovy:27)
	at com.kms.katalon.core.webui.keyword.builtin.AcceptAlertKeyword.acceptAlert(AcceptAlertKeyword.groovy:71)
	at com.kms.katalon.core.webui.keyword.builtin.AcceptAlertKeyword.execute(AcceptAlertKeyword.groovy:66)
	at com.kms.katalon.core.keyword.internal.KeywordExecutor.executeKeywordForPlatform(KeywordExecutor.groovy:53)
	at com.kms.katalon.core.webui.keyword.WebUiBuiltInKeywords.acceptAlert(WebUiBuiltInKeywords.groovy:1492)
	at com.kms.katalon.core.webui.keyword.WebUiBuiltInKeywords$acceptAlert$7.call(Unknown Source)
	at first learn more.run(first learn more:22)
	at com.kms.katalon.core.main.ScriptEngine.run(ScriptEngine.java:194)
	at com.kms.katalon.core.main.ScriptEngine.runScriptAsRawText(ScriptEngine.java:119)
	at com.kms.katalon.core.main.TestCaseExecutor.runScript(TestCaseExecutor.java:328)
	at com.kms.katalon.core.main.TestCaseExecutor.doExecute(TestCaseExecutor.java:319)
	at com.kms.katalon.core.main.TestCaseExecutor.processExecutionPhase(TestCaseExecutor.java:298)
	at com.kms.katalon.core.main.TestCaseExecutor.accessMainPhase(TestCaseExecutor.java:290)
	at com.kms.katalon.core.main.TestCaseExecutor.execute(TestCaseExecutor.java:224)
	at com.kms.katalon.core.main.TestSuiteExecutor.accessTestCaseMainPhase(TestSuiteExecutor.java:129)
	at com.kms.katalon.core.main.TestSuiteExecutor.accessTestSuiteMainPhase(TestSuiteExecutor.java:112)
	at com.kms.katalon.core.main.TestSuiteExecutor.execute(TestSuiteExecutor.java:81)
	at com.kms.katalon.core.main.TestCaseMain.startTestSuite(TestCaseMain.java:149)
	at com.kms.katalon.core.main.TestCaseMain$startTestSuite$0.call(Unknown Source)
	at TempTestSuite1546500703440.run(TempTestSuite1546500703440.groovy:36)


2019-01-03 12:33:26 - [TEST_STEP][PASSED] - Start listener action : sampleAfterTestCase: null

2019-01-03 12:33:26 - [TEST_STEP][PASSED] - println(testCaseContext.getTestCaseId()): null

2019-01-03 12:33:26 - [TEST_STEP][PASSED] - println(testCaseContext.getTestCaseStatus()): null]]></system-out>
         <system-err><![CDATA[2019-01-03 12:33:14 - [TEST_CASE][FAILED] - Test Cases/home page/first learn more: Test Cases/home page/first learn more FAILED.
Reason:
com.kms.katalon.core.exception.StepFailedException: Unable to accept alert (Root cause: com.kms.katalon.core.exception.StepFailedException: No alert found)
	at com.kms.katalon.core.keyword.internal.KeywordMain.stepFailed(KeywordMain.groovy:36)
	at com.kms.katalon.core.webui.keyword.internal.WebUIKeywordMain.stepFailed(WebUIKeywordMain.groovy:65)
	at com.kms.katalon.core.webui.keyword.internal.WebUIKeywordMain.runKeyword(WebUIKeywordMain.groovy:27)
	at com.kms.katalon.core.webui.keyword.builtin.AcceptAlertKeyword.acceptAlert(AcceptAlertKeyword.groovy:71)
	at com.kms.katalon.core.webui.keyword.builtin.AcceptAlertKeyword.execute(AcceptAlertKeyword.groovy:66)
	at com.kms.katalon.core.keyword.internal.KeywordExecutor.executeKeywordForPlatform(KeywordExecutor.groovy:53)
	at com.kms.katalon.core.webui.keyword.WebUiBuiltInKeywords.acceptAlert(WebUiBuiltInKeywords.groovy:1492)
	at com.kms.katalon.core.webui.keyword.WebUiBuiltInKeywords$acceptAlert$7.call(Unknown Source)
	at first learn more.run(first learn more:22)
	at com.kms.katalon.core.main.ScriptEngine.run(ScriptEngine.java:194)
	at com.kms.katalon.core.main.ScriptEngine.runScriptAsRawText(ScriptEngine.java:119)
	at com.kms.katalon.core.main.TestCaseExecutor.runScript(TestCaseExecutor.java:328)
	at com.kms.katalon.core.main.TestCaseExecutor.doExecute(TestCaseExecutor.java:319)
	at com.kms.katalon.core.main.TestCaseExecutor.processExecutionPhase(TestCaseExecutor.java:298)
	at com.kms.katalon.core.main.TestCaseExecutor.accessMainPhase(TestCaseExecutor.java:290)
	at com.kms.katalon.core.main.TestCaseExecutor.execute(TestCaseExecutor.java:224)
	at com.kms.katalon.core.main.TestSuiteExecutor.accessTestCaseMainPhase(TestSuiteExecutor.java:129)
	at com.kms.katalon.core.main.TestSuiteExecutor.accessTestSuiteMainPhase(TestSuiteExecutor.java:112)
	at com.kms.katalon.core.main.TestSuiteExecutor.execute(TestSuiteExecutor.java:81)
	at com.kms.katalon.core.main.TestCaseMain.startTestSuite(TestCaseMain.java:149)
	at com.kms.katalon.core.main.TestCaseMain$startTestSuite$0.call(Unknown Source)
	at TempTestSuite1546500703440.run(TempTestSuite1546500703440.groovy:36)]]></system-err>
      </testcase>
      <testcase name="Test Cases/home page/load more" classname="Test Cases/home page/load more" status="FAILED">
         <failure type="FAILED" message="Test Cases/home page/load more FAILED.
Reason:
com.kms.katalon.core.exception.StepFailedException: Unable to verify object 'Object Repository/load more/Page_Chiragh/div_property id 51556' is present (Root cause: com.kms.katalon.core.exception.StepFailedException: com.kms.katalon.core.webui.exception.WebElementNotFoundException: Web element with id: 'Object Repository/load more/Page_Chiragh/div_property id 51556' located by 'By.xpath: id(&quot;caSlider&quot;)/div[@class=&quot;block-inner3 w-100&quot;]/div[@class=&quot;row block-item3 ng-star-inserted&quot;]/div[@class=&quot;ca-blocks-col ca-blocks-col-rt px-0 col-md-6&quot;][count(. | //div[(text() = '
            
              property id: 51556
            
            
              
                Burj Khalifa, 3214, Dubai main road
              
              Dubai main road
            
            
              234 sqm
              4
              3
            
            
              Auction Ends: 24 Apr 2018
              Time Remaining: 22 : 36 : 33
              
    
    
      
      
    
    
  
  

    




              
            
          ' or . = '
            
              property id: 51556
            
            
              
                Burj Khalifa, 3214, Dubai main road
              
              Dubai main road
            
            
              234 sqm
              4
              3
            
            
              Auction Ends: 24 Apr 2018
              Time Remaining: 22 : 36 : 33
              
    
    
      
      
    
    
  
  

    




              
            
          ')]) = count(//div[(text() = '
            
              property id: 51556
            
            
              
                Burj Khalifa, 3214, Dubai main road
              
              Dubai main road
            
            
              234 sqm
              4
              3
            
            
              Auction Ends: 24 Apr 2018
              Time Remaining: 22 : 36 : 33
              
    
    
      
      
    
    
  
  

    




              
            
          ' or . = '
            
              property id: 51556
            
            
              
                Burj Khalifa, 3214, Dubai main road
              
              Dubai main road
            
            
              234 sqm
              4
              3
            
            
              Auction Ends: 24 Apr 2018
              Time Remaining: 22 : 36 : 33
              
    
    
      
      
    
    
  
  

    




              
            
          ')])]' not found)
	at com.kms.katalon.core.keyword.internal.KeywordMain.stepFailed(KeywordMain.groovy:36)
	at com.kms.katalon.core.webui.keyword.internal.WebUIKeywordMain.stepFailed(WebUIKeywordMain.groovy:65)
	at com.kms.katalon.core.webui.keyword.internal.WebUIKeywordMain.runKeyword(WebUIKeywordMain.groovy:27)
	at com.kms.katalon.core.webui.keyword.builtin.VerifyElementPresentKeyword.verifyElementPresent(VerifyElementPresentKeyword.groovy:92)
	at com.kms.katalon.core.webui.keyword.builtin.VerifyElementPresentKeyword.execute(VerifyElementPresentKeyword.groovy:68)
	at com.kms.katalon.core.keyword.internal.KeywordExecutor.executeKeywordForPlatform(KeywordExecutor.groovy:53)
	at com.kms.katalon.core.webui.keyword.WebUiBuiltInKeywords.verifyElementPresent(WebUiBuiltInKeywords.groovy:1434)
	at com.kms.katalon.core.webui.keyword.WebUiBuiltInKeywords$verifyElementPresent$3.call(Unknown Source)
	at load more.run(load more:24)
	at com.kms.katalon.core.main.ScriptEngine.run(ScriptEngine.java:194)
	at com.kms.katalon.core.main.ScriptEngine.runScriptAsRawText(ScriptEngine.java:119)
	at com.kms.katalon.core.main.TestCaseExecutor.runScript(TestCaseExecutor.java:328)
	at com.kms.katalon.core.main.TestCaseExecutor.doExecute(TestCaseExecutor.java:319)
	at com.kms.katalon.core.main.TestCaseExecutor.processExecutionPhase(TestCaseExecutor.java:298)
	at com.kms.katalon.core.main.TestCaseExecutor.accessMainPhase(TestCaseExecutor.java:290)
	at com.kms.katalon.core.main.TestCaseExecutor.execute(TestCaseExecutor.java:224)
	at com.kms.katalon.core.main.TestSuiteExecutor.accessTestCaseMainPhase(TestSuiteExecutor.java:129)
	at com.kms.katalon.core.main.TestSuiteExecutor.accessTestSuiteMainPhase(TestSuiteExecutor.java:112)
	at com.kms.katalon.core.main.TestSuiteExecutor.execute(TestSuiteExecutor.java:81)
	at com.kms.katalon.core.main.TestCaseMain.startTestSuite(TestCaseMain.java:149)
	at com.kms.katalon.core.main.TestCaseMain$startTestSuite$0.call(Unknown Source)
	at TempTestSuite1546500703440.run(TempTestSuite1546500703440.groovy:36)
"/>
         <system-out><![CDATA[2019-01-03 12:33:26 - [TEST_CASE][FAILED] - Test Cases/home page/load more: Test Cases/home page/load more FAILED.
Reason:
com.kms.katalon.core.exception.StepFailedException: Unable to verify object 'Object Repository/load more/Page_Chiragh/div_property id 51556' is present (Root cause: com.kms.katalon.core.exception.StepFailedException: com.kms.katalon.core.webui.exception.WebElementNotFoundException: Web element with id: 'Object Repository/load more/Page_Chiragh/div_property id 51556' located by 'By.xpath: id("caSlider")/div[@class="block-inner3 w-100"]/div[@class="row block-item3 ng-star-inserted"]/div[@class="ca-blocks-col ca-blocks-col-rt px-0 col-md-6"][count(. | //div[(text() = '
            
              property id: 51556
            
            
              
                Burj Khalifa, 3214, Dubai main road
              
              Dubai main road
            
            
              234 sqm
              4
              3
            
            
              Auction Ends: 24 Apr 2018
              Time Remaining: 22 : 36 : 33
              
    
    
      
      
    
    
  
  

    




              
            
          ' or . = '
            
              property id: 51556
            
            
              
                Burj Khalifa, 3214, Dubai main road
              
              Dubai main road
            
            
              234 sqm
              4
              3
            
            
              Auction Ends: 24 Apr 2018
              Time Remaining: 22 : 36 : 33
              
    
    
      
      
    
    
  
  

    




              
            
          ')]) = count(//div[(text() = '
            
              property id: 51556
            
            
              
                Burj Khalifa, 3214, Dubai main road
              
              Dubai main road
            
            
              234 sqm
              4
              3
            
            
              Auction Ends: 24 Apr 2018
              Time Remaining: 22 : 36 : 33
              
    
    
      
      
    
    
  
  

    




              
            
          ' or . = '
            
              property id: 51556
            
            
              
                Burj Khalifa, 3214, Dubai main road
              
              Dubai main road
            
            
              234 sqm
              4
              3
            
            
              Auction Ends: 24 Apr 2018
              Time Remaining: 22 : 36 : 33
              
    
    
      
      
    
    
  
  

    




              
            
          ')])]' not found)
	at com.kms.katalon.core.keyword.internal.KeywordMain.stepFailed(KeywordMain.groovy:36)
	at com.kms.katalon.core.webui.keyword.internal.WebUIKeywordMain.stepFailed(WebUIKeywordMain.groovy:65)
	at com.kms.katalon.core.webui.keyword.internal.WebUIKeywordMain.runKeyword(WebUIKeywordMain.groovy:27)
	at com.kms.katalon.core.webui.keyword.builtin.VerifyElementPresentKeyword.verifyElementPresent(VerifyElementPresentKeyword.groovy:92)
	at com.kms.katalon.core.webui.keyword.builtin.VerifyElementPresentKeyword.execute(VerifyElementPresentKeyword.groovy:68)
	at com.kms.katalon.core.keyword.internal.KeywordExecutor.executeKeywordForPlatform(KeywordExecutor.groovy:53)
	at com.kms.katalon.core.webui.keyword.WebUiBuiltInKeywords.verifyElementPresent(WebUiBuiltInKeywords.groovy:1434)
	at com.kms.katalon.core.webui.keyword.WebUiBuiltInKeywords$verifyElementPresent$3.call(Unknown Source)
	at load more.run(load more:24)
	at com.kms.katalon.core.main.ScriptEngine.run(ScriptEngine.java:194)
	at com.kms.katalon.core.main.ScriptEngine.runScriptAsRawText(ScriptEngine.java:119)
	at com.kms.katalon.core.main.TestCaseExecutor.runScript(TestCaseExecutor.java:328)
	at com.kms.katalon.core.main.TestCaseExecutor.doExecute(TestCaseExecutor.java:319)
	at com.kms.katalon.core.main.TestCaseExecutor.processExecutionPhase(TestCaseExecutor.java:298)
	at com.kms.katalon.core.main.TestCaseExecutor.accessMainPhase(TestCaseExecutor.java:290)
	at com.kms.katalon.core.main.TestCaseExecutor.execute(TestCaseExecutor.java:224)
	at com.kms.katalon.core.main.TestSuiteExecutor.accessTestCaseMainPhase(TestSuiteExecutor.java:129)
	at com.kms.katalon.core.main.TestSuiteExecutor.accessTestSuiteMainPhase(TestSuiteExecutor.java:112)
	at com.kms.katalon.core.main.TestSuiteExecutor.execute(TestSuiteExecutor.java:81)
	at com.kms.katalon.core.main.TestCaseMain.startTestSuite(TestCaseMain.java:149)
	at com.kms.katalon.core.main.TestCaseMain$startTestSuite$0.call(Unknown Source)
	at TempTestSuite1546500703440.run(TempTestSuite1546500703440.groovy:36)


2019-01-03 12:33:26 - [TEST_STEP][PASSED] - openBrowser(""): Browser is opened with url: ''

2019-01-03 12:33:26 - [MESSAGE][WARNING] - A browser is already opened. Closing browser and opening a new one

2019-01-03 12:33:27 - [MESSAGE][INFO] - Starting 'Chrome' driver

2019-01-03 12:33:30 - [MESSAGE][PASSED] - Browser is opened with url: ''

2019-01-03 12:33:30 - [TEST_STEP][PASSED] - navigateToUrl(Url): Navigate to 'http://demo.chiragh.com/' successfully

2019-01-03 12:33:39 - [MESSAGE][PASSED] - Navigate to 'http://demo.chiragh.com/' successfully

2019-01-03 12:33:39 - [TEST_STEP][PASSED] - maximizeWindow(): Current window maximized

2019-01-03 12:33:40 - [MESSAGE][PASSED] - Current window maximized

2019-01-03 12:33:40 - [TEST_STEP][PASSED] - delay(5): Delayed 5 second(s)

2019-01-03 12:33:45 - [MESSAGE][PASSED] - Delayed 5 second(s)

2019-01-03 12:33:45 - [TEST_STEP][FAILED] - verifyElementPresent(findTestObject("load more/Page_Chiragh/div_property id 51556"), 7): verifyElementPresent(findTestObject("load more/Page_Chiragh/div_property id 51556"), 7) FAILED.
Reason:
com.kms.katalon.core.exception.StepFailedException: Unable to verify object 'Object Repository/load more/Page_Chiragh/div_property id 51556' is present (Root cause: com.kms.katalon.core.exception.StepFailedException: com.kms.katalon.core.webui.exception.WebElementNotFoundException: Web element with id: 'Object Repository/load more/Page_Chiragh/div_property id 51556' located by 'By.xpath: id("caSlider")/div[@class="block-inner3 w-100"]/div[@class="row block-item3 ng-star-inserted"]/div[@class="ca-blocks-col ca-blocks-col-rt px-0 col-md-6"][count(. | //div[(text() = '
            
              property id: 51556
            
            
              
                Burj Khalifa, 3214, Dubai main road
              
              Dubai main road
            
            
              234 sqm
              4
              3
            
            
              Auction Ends: 24 Apr 2018
              Time Remaining: 22 : 36 : 33
              
    
    
      
      
    
    
  
  

    




              
            
          ' or . = '
            
              property id: 51556
            
            
              
                Burj Khalifa, 3214, Dubai main road
              
              Dubai main road
            
            
              234 sqm
              4
              3
            
            
              Auction Ends: 24 Apr 2018
              Time Remaining: 22 : 36 : 33
              
    
    
      
      
    
    
  
  

    




              
            
          ')]) = count(//div[(text() = '
            
              property id: 51556
            
            
              
                Burj Khalifa, 3214, Dubai main road
              
              Dubai main road
            
            
              234 sqm
              4
              3
            
            
              Auction Ends: 24 Apr 2018
              Time Remaining: 22 : 36 : 33
              
    
    
      
      
    
    
  
  

    




              
            
          ' or . = '
            
              property id: 51556
            
            
              
                Burj Khalifa, 3214, Dubai main road
              
              Dubai main road
            
            
              234 sqm
              4
              3
            
            
              Auction Ends: 24 Apr 2018
              Time Remaining: 22 : 36 : 33
              
    
    
      
      
    
    
  
  

    




              
            
          ')])]' not found)
	at com.kms.katalon.core.keyword.internal.KeywordMain.stepFailed(KeywordMain.groovy:36)
	at com.kms.katalon.core.webui.keyword.internal.WebUIKeywordMain.stepFailed(WebUIKeywordMain.groovy:65)
	at com.kms.katalon.core.webui.keyword.internal.WebUIKeywordMain.runKeyword(WebUIKeywordMain.groovy:27)
	at com.kms.katalon.core.webui.keyword.builtin.VerifyElementPresentKeyword.verifyElementPresent(VerifyElementPresentKeyword.groovy:92)
	at com.kms.katalon.core.webui.keyword.builtin.VerifyElementPresentKeyword.execute(VerifyElementPresentKeyword.groovy:68)
	at com.kms.katalon.core.keyword.internal.KeywordExecutor.executeKeywordForPlatform(KeywordExecutor.groovy:53)
	at com.kms.katalon.core.webui.keyword.WebUiBuiltInKeywords.verifyElementPresent(WebUiBuiltInKeywords.groovy:1434)
	at com.kms.katalon.core.webui.keyword.WebUiBuiltInKeywords$verifyElementPresent$3.call(Unknown Source)
	at load more.run(load more:24)
	at com.kms.katalon.core.main.ScriptEngine.run(ScriptEngine.java:194)
	at com.kms.katalon.core.main.ScriptEngine.runScriptAsRawText(ScriptEngine.java:119)
	at com.kms.katalon.core.main.TestCaseExecutor.runScript(TestCaseExecutor.java:328)
	at com.kms.katalon.core.main.TestCaseExecutor.doExecute(TestCaseExecutor.java:319)
	at com.kms.katalon.core.main.TestCaseExecutor.processExecutionPhase(TestCaseExecutor.java:298)
	at com.kms.katalon.core.main.TestCaseExecutor.accessMainPhase(TestCaseExecutor.java:290)
	at com.kms.katalon.core.main.TestCaseExecutor.execute(TestCaseExecutor.java:224)
	at com.kms.katalon.core.main.TestSuiteExecutor.accessTestCaseMainPhase(TestSuiteExecutor.java:129)
	at com.kms.katalon.core.main.TestSuiteExecutor.accessTestSuiteMainPhase(TestSuiteExecutor.java:112)
	at com.kms.katalon.core.main.TestSuiteExecutor.execute(TestSuiteExecutor.java:81)
	at com.kms.katalon.core.main.TestCaseMain.startTestSuite(TestCaseMain.java:149)
	at com.kms.katalon.core.main.TestCaseMain$startTestSuite$0.call(Unknown Source)
	at TempTestSuite1546500703440.run(TempTestSuite1546500703440.groovy:36)


2019-01-03 12:33:52 - [MESSAGE][INFO] - Unable to find the element located by 'By.xpath: id("caSlider")/div[@class="block-inner3 w-100"]/div[@class="row block-item3 ng-star-inserted"]/div[@class="ca-blocks-col ca-blocks-col-rt px-0 col-md-6"][count(. | //div[(text() = '
            
              property id: 51556
            
            
              
                Burj Khalifa, 3214, Dubai main road
              
              Dubai main road
            
            
              234 sqm
              4
              3
            
            
              Auction Ends: 24 Apr 2018
              Time Remaining: 22 : 36 : 33
              
    
    
      
      
    
    
  
  

    




              
            
          ' or . = '
            
              property id: 51556
            
            
              
                Burj Khalifa, 3214, Dubai main road
              
              Dubai main road
            
            
              234 sqm
              4
              3
            
            
              Auction Ends: 24 Apr 2018
              Time Remaining: 22 : 36 : 33
              
    
    
      
      
    
    
  
  

    




              
            
          ')]) = count(//div[(text() = '
            
              property id: 51556
            
            
              
                Burj Khalifa, 3214, Dubai main road
              
              Dubai main road
            
            
              234 sqm
              4
              3
            
            
              Auction Ends: 24 Apr 2018
              Time Remaining: 22 : 36 : 33
              
    
    
      
      
    
    
  
  

    




              
            
          ' or . = '
            
              property id: 51556
            
            
              
                Burj Khalifa, 3214, Dubai main road
              
              Dubai main road
            
            
              234 sqm
              4
              3
            
            
              Auction Ends: 24 Apr 2018
              Time Remaining: 22 : 36 : 33
              
    
    
      
      
    
    
  
  

    




              
            
          ')])]'. Please recheck the objects properties to make sure the desired element is located. 

2019-01-03 12:33:53 - [MESSAGE][FAILED] - com.kms.katalon.core.webui.exception.WebElementNotFoundException: Web element with id: 'Object Repository/load more/Page_Chiragh/div_property id 51556' located by 'By.xpath: id("caSlider")/div[@class="block-inner3 w-100"]/div[@class="row block-item3 ng-star-inserted"]/div[@class="ca-blocks-col ca-blocks-col-rt px-0 col-md-6"][count(. | //div[(text() = '
            
              property id: 51556
            
            
              
                Burj Khalifa, 3214, Dubai main road
              
              Dubai main road
            
            
              234 sqm
              4
              3
            
            
              Auction Ends: 24 Apr 2018
              Time Remaining: 22 : 36 : 33
              
    
    
      
      
    
    
  
  

    




              
            
          ' or . = '
            
              property id: 51556
            
            
              
                Burj Khalifa, 3214, Dubai main road
              
              Dubai main road
            
            
              234 sqm
              4
              3
            
            
              Auction Ends: 24 Apr 2018
              Time Remaining: 22 : 36 : 33
              
    
    
      
      
    
    
  
  

    




              
            
          ')]) = count(//div[(text() = '
            
              property id: 51556
            
            
              
                Burj Khalifa, 3214, Dubai main road
              
              Dubai main road
            
            
              234 sqm
              4
              3
            
            
              Auction Ends: 24 Apr 2018
              Time Remaining: 22 : 36 : 33
              
    
    
      
      
    
    
  
  

    




              
            
          ' or . = '
            
              property id: 51556
            
            
              
                Burj Khalifa, 3214, Dubai main road
              
              Dubai main road
            
            
              234 sqm
              4
              3
            
            
              Auction Ends: 24 Apr 2018
              Time Remaining: 22 : 36 : 33
              
    
    
      
      
    
    
  
  

    




              
            
          ')])]' not found
[[ATTACHMENT|C:\\Users\\HP\\Katalon Studio\\links\\Reports\\Chiragh links\\20190103_123143\\1546500832932.png]]

2019-01-03 12:33:54 - [MESSAGE][FAILED] - Unable to verify object 'Object Repository/load more/Page_Chiragh/div_property id 51556' is present (Root cause: com.kms.katalon.core.exception.StepFailedException: com.kms.katalon.core.webui.exception.WebElementNotFoundException: Web element with id: 'Object Repository/load more/Page_Chiragh/div_property id 51556' located by 'By.xpath: id("caSlider")/div[@class="block-inner3 w-100"]/div[@class="row block-item3 ng-star-inserted"]/div[@class="ca-blocks-col ca-blocks-col-rt px-0 col-md-6"][count(. | //div[(text() = '
            
              property id: 51556
            
            
              
                Burj Khalifa, 3214, Dubai main road
              
              Dubai main road
            
            
              234 sqm
              4
              3
            
            
              Auction Ends: 24 Apr 2018
              Time Remaining: 22 : 36 : 33
              
    
    
      
      
    
    
  
  

    




              
            
          ' or . = '
            
              property id: 51556
            
            
              
                Burj Khalifa, 3214, Dubai main road
              
              Dubai main road
            
            
              234 sqm
              4
              3
            
            
              Auction Ends: 24 Apr 2018
              Time Remaining: 22 : 36 : 33
              
    
    
      
      
    
    
  
  

    




              
            
          ')]) = count(//div[(text() = '
            
              property id: 51556
            
            
              
                Burj Khalifa, 3214, Dubai main road
              
              Dubai main road
            
            
              234 sqm
              4
              3
            
            
              Auction Ends: 24 Apr 2018
              Time Remaining: 22 : 36 : 33
              
    
    
      
      
    
    
  
  

    




              
            
          ' or . = '
            
              property id: 51556
            
            
              
                Burj Khalifa, 3214, Dubai main road
              
              Dubai main road
            
            
              234 sqm
              4
              3
            
            
              Auction Ends: 24 Apr 2018
              Time Remaining: 22 : 36 : 33
              
    
    
      
      
    
    
  
  

    




              
            
          ')])]' not found)
[[ATTACHMENT|C:\\Users\\HP\\Katalon Studio\\links\\Reports\\Chiragh links\\20190103_123143\\1546500833765.png]]

2019-01-03 12:33:54 - [MESSAGE][FAILED] - verifyElementPresent(findTestObject("load more/Page_Chiragh/div_property id 51556"), 7) FAILED.
Reason:
com.kms.katalon.core.exception.StepFailedException: Unable to verify object 'Object Repository/load more/Page_Chiragh/div_property id 51556' is present (Root cause: com.kms.katalon.core.exception.StepFailedException: com.kms.katalon.core.webui.exception.WebElementNotFoundException: Web element with id: 'Object Repository/load more/Page_Chiragh/div_property id 51556' located by 'By.xpath: id("caSlider")/div[@class="block-inner3 w-100"]/div[@class="row block-item3 ng-star-inserted"]/div[@class="ca-blocks-col ca-blocks-col-rt px-0 col-md-6"][count(. | //div[(text() = '
            
              property id: 51556
            
            
              
                Burj Khalifa, 3214, Dubai main road
              
              Dubai main road
            
            
              234 sqm
              4
              3
            
            
              Auction Ends: 24 Apr 2018
              Time Remaining: 22 : 36 : 33
              
    
    
      
      
    
    
  
  

    




              
            
          ' or . = '
            
              property id: 51556
            
            
              
                Burj Khalifa, 3214, Dubai main road
              
              Dubai main road
            
            
              234 sqm
              4
              3
            
            
              Auction Ends: 24 Apr 2018
              Time Remaining: 22 : 36 : 33
              
    
    
      
      
    
    
  
  

    




              
            
          ')]) = count(//div[(text() = '
            
              property id: 51556
            
            
              
                Burj Khalifa, 3214, Dubai main road
              
              Dubai main road
            
            
              234 sqm
              4
              3
            
            
              Auction Ends: 24 Apr 2018
              Time Remaining: 22 : 36 : 33
              
    
    
      
      
    
    
  
  

    




              
            
          ' or . = '
            
              property id: 51556
            
            
              
                Burj Khalifa, 3214, Dubai main road
              
              Dubai main road
            
            
              234 sqm
              4
              3
            
            
              Auction Ends: 24 Apr 2018
              Time Remaining: 22 : 36 : 33
              
    
    
      
      
    
    
  
  

    




              
            
          ')])]' not found)
	at com.kms.katalon.core.keyword.internal.KeywordMain.stepFailed(KeywordMain.groovy:36)
	at com.kms.katalon.core.webui.keyword.internal.WebUIKeywordMain.stepFailed(WebUIKeywordMain.groovy:65)
	at com.kms.katalon.core.webui.keyword.internal.WebUIKeywordMain.runKeyword(WebUIKeywordMain.groovy:27)
	at com.kms.katalon.core.webui.keyword.builtin.VerifyElementPresentKeyword.verifyElementPresent(VerifyElementPresentKeyword.groovy:92)
	at com.kms.katalon.core.webui.keyword.builtin.VerifyElementPresentKeyword.execute(VerifyElementPresentKeyword.groovy:68)
	at com.kms.katalon.core.keyword.internal.KeywordExecutor.executeKeywordForPlatform(KeywordExecutor.groovy:53)
	at com.kms.katalon.core.webui.keyword.WebUiBuiltInKeywords.verifyElementPresent(WebUiBuiltInKeywords.groovy:1434)
	at com.kms.katalon.core.webui.keyword.WebUiBuiltInKeywords$verifyElementPresent$3.call(Unknown Source)
	at load more.run(load more:24)
	at com.kms.katalon.core.main.ScriptEngine.run(ScriptEngine.java:194)
	at com.kms.katalon.core.main.ScriptEngine.runScriptAsRawText(ScriptEngine.java:119)
	at com.kms.katalon.core.main.TestCaseExecutor.runScript(TestCaseExecutor.java:328)
	at com.kms.katalon.core.main.TestCaseExecutor.doExecute(TestCaseExecutor.java:319)
	at com.kms.katalon.core.main.TestCaseExecutor.processExecutionPhase(TestCaseExecutor.java:298)
	at com.kms.katalon.core.main.TestCaseExecutor.accessMainPhase(TestCaseExecutor.java:290)
	at com.kms.katalon.core.main.TestCaseExecutor.execute(TestCaseExecutor.java:224)
	at com.kms.katalon.core.main.TestSuiteExecutor.accessTestCaseMainPhase(TestSuiteExecutor.java:129)
	at com.kms.katalon.core.main.TestSuiteExecutor.accessTestSuiteMainPhase(TestSuiteExecutor.java:112)
	at com.kms.katalon.core.main.TestSuiteExecutor.execute(TestSuiteExecutor.java:81)
	at com.kms.katalon.core.main.TestCaseMain.startTestSuite(TestCaseMain.java:149)
	at com.kms.katalon.core.main.TestCaseMain$startTestSuite$0.call(Unknown Source)
	at TempTestSuite1546500703440.run(TempTestSuite1546500703440.groovy:36)


2019-01-03 12:33:54 - [TEST_STEP][PASSED] - Start listener action : sampleAfterTestCase: null

2019-01-03 12:33:54 - [TEST_STEP][PASSED] - println(testCaseContext.getTestCaseId()): null

2019-01-03 12:33:54 - [TEST_STEP][PASSED] - println(testCaseContext.getTestCaseStatus()): null]]></system-out>
         <system-err><![CDATA[2019-01-03 12:33:26 - [TEST_CASE][FAILED] - Test Cases/home page/load more: Test Cases/home page/load more FAILED.
Reason:
com.kms.katalon.core.exception.StepFailedException: Unable to verify object 'Object Repository/load more/Page_Chiragh/div_property id 51556' is present (Root cause: com.kms.katalon.core.exception.StepFailedException: com.kms.katalon.core.webui.exception.WebElementNotFoundException: Web element with id: 'Object Repository/load more/Page_Chiragh/div_property id 51556' located by 'By.xpath: id("caSlider")/div[@class="block-inner3 w-100"]/div[@class="row block-item3 ng-star-inserted"]/div[@class="ca-blocks-col ca-blocks-col-rt px-0 col-md-6"][count(. | //div[(text() = '
            
              property id: 51556
            
            
              
                Burj Khalifa, 3214, Dubai main road
              
              Dubai main road
            
            
              234 sqm
              4
              3
            
            
              Auction Ends: 24 Apr 2018
              Time Remaining: 22 : 36 : 33
              
    
    
      
      
    
    
  
  

    




              
            
          ' or . = '
            
              property id: 51556
            
            
              
                Burj Khalifa, 3214, Dubai main road
              
              Dubai main road
            
            
              234 sqm
              4
              3
            
            
              Auction Ends: 24 Apr 2018
              Time Remaining: 22 : 36 : 33
              
    
    
      
      
    
    
  
  

    




              
            
          ')]) = count(//div[(text() = '
            
              property id: 51556
            
            
              
                Burj Khalifa, 3214, Dubai main road
              
              Dubai main road
            
            
              234 sqm
              4
              3
            
            
              Auction Ends: 24 Apr 2018
              Time Remaining: 22 : 36 : 33
              
    
    
      
      
    
    
  
  

    




              
            
          ' or . = '
            
              property id: 51556
            
            
              
                Burj Khalifa, 3214, Dubai main road
              
              Dubai main road
            
            
              234 sqm
              4
              3
            
            
              Auction Ends: 24 Apr 2018
              Time Remaining: 22 : 36 : 33
              
    
    
      
      
    
    
  
  

    




              
            
          ')])]' not found)
	at com.kms.katalon.core.keyword.internal.KeywordMain.stepFailed(KeywordMain.groovy:36)
	at com.kms.katalon.core.webui.keyword.internal.WebUIKeywordMain.stepFailed(WebUIKeywordMain.groovy:65)
	at com.kms.katalon.core.webui.keyword.internal.WebUIKeywordMain.runKeyword(WebUIKeywordMain.groovy:27)
	at com.kms.katalon.core.webui.keyword.builtin.VerifyElementPresentKeyword.verifyElementPresent(VerifyElementPresentKeyword.groovy:92)
	at com.kms.katalon.core.webui.keyword.builtin.VerifyElementPresentKeyword.execute(VerifyElementPresentKeyword.groovy:68)
	at com.kms.katalon.core.keyword.internal.KeywordExecutor.executeKeywordForPlatform(KeywordExecutor.groovy:53)
	at com.kms.katalon.core.webui.keyword.WebUiBuiltInKeywords.verifyElementPresent(WebUiBuiltInKeywords.groovy:1434)
	at com.kms.katalon.core.webui.keyword.WebUiBuiltInKeywords$verifyElementPresent$3.call(Unknown Source)
	at load more.run(load more:24)
	at com.kms.katalon.core.main.ScriptEngine.run(ScriptEngine.java:194)
	at com.kms.katalon.core.main.ScriptEngine.runScriptAsRawText(ScriptEngine.java:119)
	at com.kms.katalon.core.main.TestCaseExecutor.runScript(TestCaseExecutor.java:328)
	at com.kms.katalon.core.main.TestCaseExecutor.doExecute(TestCaseExecutor.java:319)
	at com.kms.katalon.core.main.TestCaseExecutor.processExecutionPhase(TestCaseExecutor.java:298)
	at com.kms.katalon.core.main.TestCaseExecutor.accessMainPhase(TestCaseExecutor.java:290)
	at com.kms.katalon.core.main.TestCaseExecutor.execute(TestCaseExecutor.java:224)
	at com.kms.katalon.core.main.TestSuiteExecutor.accessTestCaseMainPhase(TestSuiteExecutor.java:129)
	at com.kms.katalon.core.main.TestSuiteExecutor.accessTestSuiteMainPhase(TestSuiteExecutor.java:112)
	at com.kms.katalon.core.main.TestSuiteExecutor.execute(TestSuiteExecutor.java:81)
	at com.kms.katalon.core.main.TestCaseMain.startTestSuite(TestCaseMain.java:149)
	at com.kms.katalon.core.main.TestCaseMain$startTestSuite$0.call(Unknown Source)
	at TempTestSuite1546500703440.run(TempTestSuite1546500703440.groovy:36)]]></system-err>
      </testcase>
      <testcase name="Test Cases/home page/second learn more" classname="Test Cases/home page/second learn more" status="FAILED">
         <failure type="FAILED" message="Test Cases/home page/second learn more FAILED.
Reason:
com.kms.katalon.core.exception.StepFailedException: Unable to accept alert (Root cause: com.kms.katalon.core.exception.StepFailedException: No alert found)
	at com.kms.katalon.core.keyword.internal.KeywordMain.stepFailed(KeywordMain.groovy:36)
	at com.kms.katalon.core.webui.keyword.internal.WebUIKeywordMain.stepFailed(WebUIKeywordMain.groovy:65)
	at com.kms.katalon.core.webui.keyword.internal.WebUIKeywordMain.runKeyword(WebUIKeywordMain.groovy:27)
	at com.kms.katalon.core.webui.keyword.builtin.AcceptAlertKeyword.acceptAlert(AcceptAlertKeyword.groovy:71)
	at com.kms.katalon.core.webui.keyword.builtin.AcceptAlertKeyword.execute(AcceptAlertKeyword.groovy:66)
	at com.kms.katalon.core.keyword.internal.KeywordExecutor.executeKeywordForPlatform(KeywordExecutor.groovy:53)
	at com.kms.katalon.core.webui.keyword.WebUiBuiltInKeywords.acceptAlert(WebUiBuiltInKeywords.groovy:1492)
	at com.kms.katalon.core.webui.keyword.WebUiBuiltInKeywords$acceptAlert$7.call(Unknown Source)
	at second learn more.run(second learn more:24)
	at com.kms.katalon.core.main.ScriptEngine.run(ScriptEngine.java:194)
	at com.kms.katalon.core.main.ScriptEngine.runScriptAsRawText(ScriptEngine.java:119)
	at com.kms.katalon.core.main.TestCaseExecutor.runScript(TestCaseExecutor.java:328)
	at com.kms.katalon.core.main.TestCaseExecutor.doExecute(TestCaseExecutor.java:319)
	at com.kms.katalon.core.main.TestCaseExecutor.processExecutionPhase(TestCaseExecutor.java:298)
	at com.kms.katalon.core.main.TestCaseExecutor.accessMainPhase(TestCaseExecutor.java:290)
	at com.kms.katalon.core.main.TestCaseExecutor.execute(TestCaseExecutor.java:224)
	at com.kms.katalon.core.main.TestSuiteExecutor.accessTestCaseMainPhase(TestSuiteExecutor.java:129)
	at com.kms.katalon.core.main.TestSuiteExecutor.accessTestSuiteMainPhase(TestSuiteExecutor.java:112)
	at com.kms.katalon.core.main.TestSuiteExecutor.execute(TestSuiteExecutor.java:81)
	at com.kms.katalon.core.main.TestCaseMain.startTestSuite(TestCaseMain.java:149)
	at com.kms.katalon.core.main.TestCaseMain$startTestSuite$0.call(Unknown Source)
	at TempTestSuite1546500703440.run(TempTestSuite1546500703440.groovy:36)
"/>
         <system-out><![CDATA[2019-01-03 12:33:54 - [TEST_CASE][FAILED] - Test Cases/home page/second learn more: Test Cases/home page/second learn more FAILED.
Reason:
com.kms.katalon.core.exception.StepFailedException: Unable to accept alert (Root cause: com.kms.katalon.core.exception.StepFailedException: No alert found)
	at com.kms.katalon.core.keyword.internal.KeywordMain.stepFailed(KeywordMain.groovy:36)
	at com.kms.katalon.core.webui.keyword.internal.WebUIKeywordMain.stepFailed(WebUIKeywordMain.groovy:65)
	at com.kms.katalon.core.webui.keyword.internal.WebUIKeywordMain.runKeyword(WebUIKeywordMain.groovy:27)
	at com.kms.katalon.core.webui.keyword.builtin.AcceptAlertKeyword.acceptAlert(AcceptAlertKeyword.groovy:71)
	at com.kms.katalon.core.webui.keyword.builtin.AcceptAlertKeyword.execute(AcceptAlertKeyword.groovy:66)
	at com.kms.katalon.core.keyword.internal.KeywordExecutor.executeKeywordForPlatform(KeywordExecutor.groovy:53)
	at com.kms.katalon.core.webui.keyword.WebUiBuiltInKeywords.acceptAlert(WebUiBuiltInKeywords.groovy:1492)
	at com.kms.katalon.core.webui.keyword.WebUiBuiltInKeywords$acceptAlert$7.call(Unknown Source)
	at second learn more.run(second learn more:24)
	at com.kms.katalon.core.main.ScriptEngine.run(ScriptEngine.java:194)
	at com.kms.katalon.core.main.ScriptEngine.runScriptAsRawText(ScriptEngine.java:119)
	at com.kms.katalon.core.main.TestCaseExecutor.runScript(TestCaseExecutor.java:328)
	at com.kms.katalon.core.main.TestCaseExecutor.doExecute(TestCaseExecutor.java:319)
	at com.kms.katalon.core.main.TestCaseExecutor.processExecutionPhase(TestCaseExecutor.java:298)
	at com.kms.katalon.core.main.TestCaseExecutor.accessMainPhase(TestCaseExecutor.java:290)
	at com.kms.katalon.core.main.TestCaseExecutor.execute(TestCaseExecutor.java:224)
	at com.kms.katalon.core.main.TestSuiteExecutor.accessTestCaseMainPhase(TestSuiteExecutor.java:129)
	at com.kms.katalon.core.main.TestSuiteExecutor.accessTestSuiteMainPhase(TestSuiteExecutor.java:112)
	at com.kms.katalon.core.main.TestSuiteExecutor.execute(TestSuiteExecutor.java:81)
	at com.kms.katalon.core.main.TestCaseMain.startTestSuite(TestCaseMain.java:149)
	at com.kms.katalon.core.main.TestCaseMain$startTestSuite$0.call(Unknown Source)
	at TempTestSuite1546500703440.run(TempTestSuite1546500703440.groovy:36)


2019-01-03 12:33:54 - [TEST_STEP][PASSED] - openBrowser(""): Browser is opened with url: ''

2019-01-03 12:33:54 - [MESSAGE][WARNING] - A browser is already opened. Closing browser and opening a new one

2019-01-03 12:33:55 - [MESSAGE][INFO] - Starting 'Chrome' driver

2019-01-03 12:33:58 - [MESSAGE][PASSED] - Browser is opened with url: ''

2019-01-03 12:33:58 - [TEST_STEP][PASSED] - navigateToUrl(Url): Navigate to 'http://demo.chiragh.com/' successfully

2019-01-03 12:34:08 - [MESSAGE][PASSED] - Navigate to 'http://demo.chiragh.com/' successfully

2019-01-03 12:34:08 - [TEST_STEP][PASSED] - maximizeWindow(): Current window maximized

2019-01-03 12:34:09 - [MESSAGE][PASSED] - Current window maximized

2019-01-03 12:34:09 - [TEST_STEP][PASSED] - click(findTestObject("Object Repository/second learn more/Page_Chiragh/button_LEARN MORE")): Object: 'Object Repository/second learn more/Page_Chiragh/button_LEARN MORE' is clicked on

2019-01-03 12:34:10 - [MESSAGE][PASSED] - Object: 'Object Repository/second learn more/Page_Chiragh/button_LEARN MORE' is clicked on

2019-01-03 12:34:10 - [TEST_STEP][FAILED] - acceptAlert(): acceptAlert() FAILED.
Reason:
com.kms.katalon.core.exception.StepFailedException: Unable to accept alert (Root cause: com.kms.katalon.core.exception.StepFailedException: No alert found)
	at com.kms.katalon.core.keyword.internal.KeywordMain.stepFailed(KeywordMain.groovy:36)
	at com.kms.katalon.core.webui.keyword.internal.WebUIKeywordMain.stepFailed(WebUIKeywordMain.groovy:65)
	at com.kms.katalon.core.webui.keyword.internal.WebUIKeywordMain.runKeyword(WebUIKeywordMain.groovy:27)
	at com.kms.katalon.core.webui.keyword.builtin.AcceptAlertKeyword.acceptAlert(AcceptAlertKeyword.groovy:71)
	at com.kms.katalon.core.webui.keyword.builtin.AcceptAlertKeyword.execute(AcceptAlertKeyword.groovy:66)
	at com.kms.katalon.core.keyword.internal.KeywordExecutor.executeKeywordForPlatform(KeywordExecutor.groovy:53)
	at com.kms.katalon.core.webui.keyword.WebUiBuiltInKeywords.acceptAlert(WebUiBuiltInKeywords.groovy:1492)
	at com.kms.katalon.core.webui.keyword.WebUiBuiltInKeywords$acceptAlert$7.call(Unknown Source)
	at second learn more.run(second learn more:24)
	at com.kms.katalon.core.main.ScriptEngine.run(ScriptEngine.java:194)
	at com.kms.katalon.core.main.ScriptEngine.runScriptAsRawText(ScriptEngine.java:119)
	at com.kms.katalon.core.main.TestCaseExecutor.runScript(TestCaseExecutor.java:328)
	at com.kms.katalon.core.main.TestCaseExecutor.doExecute(TestCaseExecutor.java:319)
	at com.kms.katalon.core.main.TestCaseExecutor.processExecutionPhase(TestCaseExecutor.java:298)
	at com.kms.katalon.core.main.TestCaseExecutor.accessMainPhase(TestCaseExecutor.java:290)
	at com.kms.katalon.core.main.TestCaseExecutor.execute(TestCaseExecutor.java:224)
	at com.kms.katalon.core.main.TestSuiteExecutor.accessTestCaseMainPhase(TestSuiteExecutor.java:129)
	at com.kms.katalon.core.main.TestSuiteExecutor.accessTestSuiteMainPhase(TestSuiteExecutor.java:112)
	at com.kms.katalon.core.main.TestSuiteExecutor.execute(TestSuiteExecutor.java:81)
	at com.kms.katalon.core.main.TestCaseMain.startTestSuite(TestCaseMain.java:149)
	at com.kms.katalon.core.main.TestCaseMain$startTestSuite$0.call(Unknown Source)
	at TempTestSuite1546500703440.run(TempTestSuite1546500703440.groovy:36)


2019-01-03 12:34:10 - [MESSAGE][FAILED] - No alert found
[[ATTACHMENT|C:\\Users\\HP\\Katalon Studio\\links\\Reports\\Chiragh links\\20190103_123143\\1546500850472.png]]

2019-01-03 12:34:11 - [MESSAGE][FAILED] - Unable to accept alert (Root cause: com.kms.katalon.core.exception.StepFailedException: No alert found)
[[ATTACHMENT|C:\\Users\\HP\\Katalon Studio\\links\\Reports\\Chiragh links\\20190103_123143\\1546500850842.png]]

2019-01-03 12:34:11 - [MESSAGE][FAILED] - acceptAlert() FAILED.
Reason:
com.kms.katalon.core.exception.StepFailedException: Unable to accept alert (Root cause: com.kms.katalon.core.exception.StepFailedException: No alert found)
	at com.kms.katalon.core.keyword.internal.KeywordMain.stepFailed(KeywordMain.groovy:36)
	at com.kms.katalon.core.webui.keyword.internal.WebUIKeywordMain.stepFailed(WebUIKeywordMain.groovy:65)
	at com.kms.katalon.core.webui.keyword.internal.WebUIKeywordMain.runKeyword(WebUIKeywordMain.groovy:27)
	at com.kms.katalon.core.webui.keyword.builtin.AcceptAlertKeyword.acceptAlert(AcceptAlertKeyword.groovy:71)
	at com.kms.katalon.core.webui.keyword.builtin.AcceptAlertKeyword.execute(AcceptAlertKeyword.groovy:66)
	at com.kms.katalon.core.keyword.internal.KeywordExecutor.executeKeywordForPlatform(KeywordExecutor.groovy:53)
	at com.kms.katalon.core.webui.keyword.WebUiBuiltInKeywords.acceptAlert(WebUiBuiltInKeywords.groovy:1492)
	at com.kms.katalon.core.webui.keyword.WebUiBuiltInKeywords$acceptAlert$7.call(Unknown Source)
	at second learn more.run(second learn more:24)
	at com.kms.katalon.core.main.ScriptEngine.run(ScriptEngine.java:194)
	at com.kms.katalon.core.main.ScriptEngine.runScriptAsRawText(ScriptEngine.java:119)
	at com.kms.katalon.core.main.TestCaseExecutor.runScript(TestCaseExecutor.java:328)
	at com.kms.katalon.core.main.TestCaseExecutor.doExecute(TestCaseExecutor.java:319)
	at com.kms.katalon.core.main.TestCaseExecutor.processExecutionPhase(TestCaseExecutor.java:298)
	at com.kms.katalon.core.main.TestCaseExecutor.accessMainPhase(TestCaseExecutor.java:290)
	at com.kms.katalon.core.main.TestCaseExecutor.execute(TestCaseExecutor.java:224)
	at com.kms.katalon.core.main.TestSuiteExecutor.accessTestCaseMainPhase(TestSuiteExecutor.java:129)
	at com.kms.katalon.core.main.TestSuiteExecutor.accessTestSuiteMainPhase(TestSuiteExecutor.java:112)
	at com.kms.katalon.core.main.TestSuiteExecutor.execute(TestSuiteExecutor.java:81)
	at com.kms.katalon.core.main.TestCaseMain.startTestSuite(TestCaseMain.java:149)
	at com.kms.katalon.core.main.TestCaseMain$startTestSuite$0.call(Unknown Source)
	at TempTestSuite1546500703440.run(TempTestSuite1546500703440.groovy:36)


2019-01-03 12:34:11 - [TEST_STEP][PASSED] - Start listener action : sampleAfterTestCase: null

2019-01-03 12:34:11 - [TEST_STEP][PASSED] - println(testCaseContext.getTestCaseId()): null

2019-01-03 12:34:11 - [TEST_STEP][PASSED] - println(testCaseContext.getTestCaseStatus()): null]]></system-out>
         <system-err><![CDATA[2019-01-03 12:33:54 - [TEST_CASE][FAILED] - Test Cases/home page/second learn more: Test Cases/home page/second learn more FAILED.
Reason:
com.kms.katalon.core.exception.StepFailedException: Unable to accept alert (Root cause: com.kms.katalon.core.exception.StepFailedException: No alert found)
	at com.kms.katalon.core.keyword.internal.KeywordMain.stepFailed(KeywordMain.groovy:36)
	at com.kms.katalon.core.webui.keyword.internal.WebUIKeywordMain.stepFailed(WebUIKeywordMain.groovy:65)
	at com.kms.katalon.core.webui.keyword.internal.WebUIKeywordMain.runKeyword(WebUIKeywordMain.groovy:27)
	at com.kms.katalon.core.webui.keyword.builtin.AcceptAlertKeyword.acceptAlert(AcceptAlertKeyword.groovy:71)
	at com.kms.katalon.core.webui.keyword.builtin.AcceptAlertKeyword.execute(AcceptAlertKeyword.groovy:66)
	at com.kms.katalon.core.keyword.internal.KeywordExecutor.executeKeywordForPlatform(KeywordExecutor.groovy:53)
	at com.kms.katalon.core.webui.keyword.WebUiBuiltInKeywords.acceptAlert(WebUiBuiltInKeywords.groovy:1492)
	at com.kms.katalon.core.webui.keyword.WebUiBuiltInKeywords$acceptAlert$7.call(Unknown Source)
	at second learn more.run(second learn more:24)
	at com.kms.katalon.core.main.ScriptEngine.run(ScriptEngine.java:194)
	at com.kms.katalon.core.main.ScriptEngine.runScriptAsRawText(ScriptEngine.java:119)
	at com.kms.katalon.core.main.TestCaseExecutor.runScript(TestCaseExecutor.java:328)
	at com.kms.katalon.core.main.TestCaseExecutor.doExecute(TestCaseExecutor.java:319)
	at com.kms.katalon.core.main.TestCaseExecutor.processExecutionPhase(TestCaseExecutor.java:298)
	at com.kms.katalon.core.main.TestCaseExecutor.accessMainPhase(TestCaseExecutor.java:290)
	at com.kms.katalon.core.main.TestCaseExecutor.execute(TestCaseExecutor.java:224)
	at com.kms.katalon.core.main.TestSuiteExecutor.accessTestCaseMainPhase(TestSuiteExecutor.java:129)
	at com.kms.katalon.core.main.TestSuiteExecutor.accessTestSuiteMainPhase(TestSuiteExecutor.java:112)
	at com.kms.katalon.core.main.TestSuiteExecutor.execute(TestSuiteExecutor.java:81)
	at com.kms.katalon.core.main.TestCaseMain.startTestSuite(TestCaseMain.java:149)
	at com.kms.katalon.core.main.TestCaseMain$startTestSuite$0.call(Unknown Source)
	at TempTestSuite1546500703440.run(TempTestSuite1546500703440.groovy:36)]]></system-err>
      </testcase>
      <testcase name="Test Cases/home page/start now button" classname="Test Cases/home page/start now button" status="FAILED">
         <failure type="FAILED" message="Test Cases/home page/start now button FAILED.
Reason:
com.kms.katalon.core.exception.StepFailedException: Unable to verify object 'Object Repository/sell/Page_Chiragh/Page_Chiragh/form_Sign In' is present (Root cause: com.kms.katalon.core.exception.StepFailedException: com.kms.katalon.core.webui.exception.WebElementNotFoundException: Web element with id: 'Object Repository/sell/Page_Chiragh/Page_Chiragh/form_Sign In' located by 'By.xpath: (.//*[normalize-space(text()) and normalize-space(.)='Resources'])[1]/following::form[1]' not found)
	at com.kms.katalon.core.keyword.internal.KeywordMain.stepFailed(KeywordMain.groovy:36)
	at com.kms.katalon.core.webui.keyword.internal.WebUIKeywordMain.stepFailed(WebUIKeywordMain.groovy:65)
	at com.kms.katalon.core.webui.keyword.internal.WebUIKeywordMain.runKeyword(WebUIKeywordMain.groovy:27)
	at com.kms.katalon.core.webui.keyword.builtin.VerifyElementPresentKeyword.verifyElementPresent(VerifyElementPresentKeyword.groovy:92)
	at com.kms.katalon.core.webui.keyword.builtin.VerifyElementPresentKeyword.execute(VerifyElementPresentKeyword.groovy:68)
	at com.kms.katalon.core.keyword.internal.KeywordExecutor.executeKeywordForPlatform(KeywordExecutor.groovy:53)
	at com.kms.katalon.core.webui.keyword.WebUiBuiltInKeywords.verifyElementPresent(WebUiBuiltInKeywords.groovy:1434)
	at com.kms.katalon.core.webui.keyword.WebUiBuiltInKeywords$verifyElementPresent$3.call(Unknown Source)
	at start now button.run(start now button:24)
	at com.kms.katalon.core.main.ScriptEngine.run(ScriptEngine.java:194)
	at com.kms.katalon.core.main.ScriptEngine.runScriptAsRawText(ScriptEngine.java:119)
	at com.kms.katalon.core.main.TestCaseExecutor.runScript(TestCaseExecutor.java:328)
	at com.kms.katalon.core.main.TestCaseExecutor.doExecute(TestCaseExecutor.java:319)
	at com.kms.katalon.core.main.TestCaseExecutor.processExecutionPhase(TestCaseExecutor.java:298)
	at com.kms.katalon.core.main.TestCaseExecutor.accessMainPhase(TestCaseExecutor.java:290)
	at com.kms.katalon.core.main.TestCaseExecutor.execute(TestCaseExecutor.java:224)
	at com.kms.katalon.core.main.TestSuiteExecutor.accessTestCaseMainPhase(TestSuiteExecutor.java:129)
	at com.kms.katalon.core.main.TestSuiteExecutor.accessTestSuiteMainPhase(TestSuiteExecutor.java:112)
	at com.kms.katalon.core.main.TestSuiteExecutor.execute(TestSuiteExecutor.java:81)
	at com.kms.katalon.core.main.TestCaseMain.startTestSuite(TestCaseMain.java:149)
	at com.kms.katalon.core.main.TestCaseMain$startTestSuite$0.call(Unknown Source)
	at TempTestSuite1546500703440.run(TempTestSuite1546500703440.groovy:36)
"/>
         <system-out><![CDATA[2019-01-03 12:34:11 - [TEST_CASE][FAILED] - Test Cases/home page/start now button: Test Cases/home page/start now button FAILED.
Reason:
com.kms.katalon.core.exception.StepFailedException: Unable to verify object 'Object Repository/sell/Page_Chiragh/Page_Chiragh/form_Sign In' is present (Root cause: com.kms.katalon.core.exception.StepFailedException: com.kms.katalon.core.webui.exception.WebElementNotFoundException: Web element with id: 'Object Repository/sell/Page_Chiragh/Page_Chiragh/form_Sign In' located by 'By.xpath: (.//*[normalize-space(text()) and normalize-space(.)='Resources'])[1]/following::form[1]' not found)
	at com.kms.katalon.core.keyword.internal.KeywordMain.stepFailed(KeywordMain.groovy:36)
	at com.kms.katalon.core.webui.keyword.internal.WebUIKeywordMain.stepFailed(WebUIKeywordMain.groovy:65)
	at com.kms.katalon.core.webui.keyword.internal.WebUIKeywordMain.runKeyword(WebUIKeywordMain.groovy:27)
	at com.kms.katalon.core.webui.keyword.builtin.VerifyElementPresentKeyword.verifyElementPresent(VerifyElementPresentKeyword.groovy:92)
	at com.kms.katalon.core.webui.keyword.builtin.VerifyElementPresentKeyword.execute(VerifyElementPresentKeyword.groovy:68)
	at com.kms.katalon.core.keyword.internal.KeywordExecutor.executeKeywordForPlatform(KeywordExecutor.groovy:53)
	at com.kms.katalon.core.webui.keyword.WebUiBuiltInKeywords.verifyElementPresent(WebUiBuiltInKeywords.groovy:1434)
	at com.kms.katalon.core.webui.keyword.WebUiBuiltInKeywords$verifyElementPresent$3.call(Unknown Source)
	at start now button.run(start now button:24)
	at com.kms.katalon.core.main.ScriptEngine.run(ScriptEngine.java:194)
	at com.kms.katalon.core.main.ScriptEngine.runScriptAsRawText(ScriptEngine.java:119)
	at com.kms.katalon.core.main.TestCaseExecutor.runScript(TestCaseExecutor.java:328)
	at com.kms.katalon.core.main.TestCaseExecutor.doExecute(TestCaseExecutor.java:319)
	at com.kms.katalon.core.main.TestCaseExecutor.processExecutionPhase(TestCaseExecutor.java:298)
	at com.kms.katalon.core.main.TestCaseExecutor.accessMainPhase(TestCaseExecutor.java:290)
	at com.kms.katalon.core.main.TestCaseExecutor.execute(TestCaseExecutor.java:224)
	at com.kms.katalon.core.main.TestSuiteExecutor.accessTestCaseMainPhase(TestSuiteExecutor.java:129)
	at com.kms.katalon.core.main.TestSuiteExecutor.accessTestSuiteMainPhase(TestSuiteExecutor.java:112)
	at com.kms.katalon.core.main.TestSuiteExecutor.execute(TestSuiteExecutor.java:81)
	at com.kms.katalon.core.main.TestCaseMain.startTestSuite(TestCaseMain.java:149)
	at com.kms.katalon.core.main.TestCaseMain$startTestSuite$0.call(Unknown Source)
	at TempTestSuite1546500703440.run(TempTestSuite1546500703440.groovy:36)


2019-01-03 12:34:11 - [TEST_STEP][PASSED] - openBrowser(""): Browser is opened with url: ''

2019-01-03 12:34:11 - [MESSAGE][WARNING] - A browser is already opened. Closing browser and opening a new one

2019-01-03 12:34:12 - [MESSAGE][INFO] - Starting 'Chrome' driver

2019-01-03 12:34:14 - [MESSAGE][PASSED] - Browser is opened with url: ''

2019-01-03 12:34:14 - [TEST_STEP][PASSED] - navigateToUrl(Url): Navigate to 'http://demo.chiragh.com/' successfully

2019-01-03 12:34:23 - [MESSAGE][PASSED] - Navigate to 'http://demo.chiragh.com/' successfully

2019-01-03 12:34:23 - [TEST_STEP][PASSED] - click(findTestObject("Object Repository/start now button/Page_Chiragh/button_START NOW")): Object: 'Object Repository/start now button/Page_Chiragh/button_START NOW' is clicked on

2019-01-03 12:34:23 - [MESSAGE][PASSED] - Object: 'Object Repository/start now button/Page_Chiragh/button_START NOW' is clicked on

2019-01-03 12:34:23 - [TEST_STEP][PASSED] - waitForPageLoad(5): Wait for page load successfully

2019-01-03 12:34:23 - [MESSAGE][PASSED] - Wait for page load successfully

2019-01-03 12:34:23 - [TEST_STEP][FAILED] - if (verifyElementPresent(findTestObject("sell/Page_Chiragh/Page_Chiragh/form_Sign In"), 3) == true): if (verifyElementPresent(findTestObject("sell/Page_Chiragh/Page_Chiragh/form_Sign In"), 3) == true) FAILED.
Reason:
com.kms.katalon.core.exception.StepFailedException: Unable to verify object 'Object Repository/sell/Page_Chiragh/Page_Chiragh/form_Sign In' is present (Root cause: com.kms.katalon.core.exception.StepFailedException: com.kms.katalon.core.webui.exception.WebElementNotFoundException: Web element with id: 'Object Repository/sell/Page_Chiragh/Page_Chiragh/form_Sign In' located by 'By.xpath: (.//*[normalize-space(text()) and normalize-space(.)='Resources'])[1]/following::form[1]' not found)
	at com.kms.katalon.core.keyword.internal.KeywordMain.stepFailed(KeywordMain.groovy:36)
	at com.kms.katalon.core.webui.keyword.internal.WebUIKeywordMain.stepFailed(WebUIKeywordMain.groovy:65)
	at com.kms.katalon.core.webui.keyword.internal.WebUIKeywordMain.runKeyword(WebUIKeywordMain.groovy:27)
	at com.kms.katalon.core.webui.keyword.builtin.VerifyElementPresentKeyword.verifyElementPresent(VerifyElementPresentKeyword.groovy:92)
	at com.kms.katalon.core.webui.keyword.builtin.VerifyElementPresentKeyword.execute(VerifyElementPresentKeyword.groovy:68)
	at com.kms.katalon.core.keyword.internal.KeywordExecutor.executeKeywordForPlatform(KeywordExecutor.groovy:53)
	at com.kms.katalon.core.webui.keyword.WebUiBuiltInKeywords.verifyElementPresent(WebUiBuiltInKeywords.groovy:1434)
	at com.kms.katalon.core.webui.keyword.WebUiBuiltInKeywords$verifyElementPresent$3.call(Unknown Source)
	at start now button.run(start now button:24)
	at com.kms.katalon.core.main.ScriptEngine.run(ScriptEngine.java:194)
	at com.kms.katalon.core.main.ScriptEngine.runScriptAsRawText(ScriptEngine.java:119)
	at com.kms.katalon.core.main.TestCaseExecutor.runScript(TestCaseExecutor.java:328)
	at com.kms.katalon.core.main.TestCaseExecutor.doExecute(TestCaseExecutor.java:319)
	at com.kms.katalon.core.main.TestCaseExecutor.processExecutionPhase(TestCaseExecutor.java:298)
	at com.kms.katalon.core.main.TestCaseExecutor.accessMainPhase(TestCaseExecutor.java:290)
	at com.kms.katalon.core.main.TestCaseExecutor.execute(TestCaseExecutor.java:224)
	at com.kms.katalon.core.main.TestSuiteExecutor.accessTestCaseMainPhase(TestSuiteExecutor.java:129)
	at com.kms.katalon.core.main.TestSuiteExecutor.accessTestSuiteMainPhase(TestSuiteExecutor.java:112)
	at com.kms.katalon.core.main.TestSuiteExecutor.execute(TestSuiteExecutor.java:81)
	at com.kms.katalon.core.main.TestCaseMain.startTestSuite(TestCaseMain.java:149)
	at com.kms.katalon.core.main.TestCaseMain$startTestSuite$0.call(Unknown Source)
	at TempTestSuite1546500703440.run(TempTestSuite1546500703440.groovy:36)


2019-01-03 12:34:27 - [MESSAGE][INFO] - Unable to find the element located by 'By.xpath: (.//*[normalize-space(text()) and normalize-space(.)='Resources'])[1]/following::form[1]'. Please recheck the objects properties to make sure the desired element is located. 

2019-01-03 12:34:27 - [MESSAGE][FAILED] - com.kms.katalon.core.webui.exception.WebElementNotFoundException: Web element with id: 'Object Repository/sell/Page_Chiragh/Page_Chiragh/form_Sign In' located by 'By.xpath: (.//*[normalize-space(text()) and normalize-space(.)='Resources'])[1]/following::form[1]' not found
[[ATTACHMENT|C:\\Users\\HP\\Katalon Studio\\links\\Reports\\Chiragh links\\20190103_123143\\1546500867114.png]]

2019-01-03 12:34:27 - [MESSAGE][FAILED] - Unable to verify object 'Object Repository/sell/Page_Chiragh/Page_Chiragh/form_Sign In' is present (Root cause: com.kms.katalon.core.exception.StepFailedException: com.kms.katalon.core.webui.exception.WebElementNotFoundException: Web element with id: 'Object Repository/sell/Page_Chiragh/Page_Chiragh/form_Sign In' located by 'By.xpath: (.//*[normalize-space(text()) and normalize-space(.)='Resources'])[1]/following::form[1]' not found)
[[ATTACHMENT|C:\\Users\\HP\\Katalon Studio\\links\\Reports\\Chiragh links\\20190103_123143\\1546500867404.png]]

2019-01-03 12:34:27 - [MESSAGE][FAILED] - if (verifyElementPresent(findTestObject("sell/Page_Chiragh/Page_Chiragh/form_Sign In"), 3) == true) FAILED.
Reason:
com.kms.katalon.core.exception.StepFailedException: Unable to verify object 'Object Repository/sell/Page_Chiragh/Page_Chiragh/form_Sign In' is present (Root cause: com.kms.katalon.core.exception.StepFailedException: com.kms.katalon.core.webui.exception.WebElementNotFoundException: Web element with id: 'Object Repository/sell/Page_Chiragh/Page_Chiragh/form_Sign In' located by 'By.xpath: (.//*[normalize-space(text()) and normalize-space(.)='Resources'])[1]/following::form[1]' not found)
	at com.kms.katalon.core.keyword.internal.KeywordMain.stepFailed(KeywordMain.groovy:36)
	at com.kms.katalon.core.webui.keyword.internal.WebUIKeywordMain.stepFailed(WebUIKeywordMain.groovy:65)
	at com.kms.katalon.core.webui.keyword.internal.WebUIKeywordMain.runKeyword(WebUIKeywordMain.groovy:27)
	at com.kms.katalon.core.webui.keyword.builtin.VerifyElementPresentKeyword.verifyElementPresent(VerifyElementPresentKeyword.groovy:92)
	at com.kms.katalon.core.webui.keyword.builtin.VerifyElementPresentKeyword.execute(VerifyElementPresentKeyword.groovy:68)
	at com.kms.katalon.core.keyword.internal.KeywordExecutor.executeKeywordForPlatform(KeywordExecutor.groovy:53)
	at com.kms.katalon.core.webui.keyword.WebUiBuiltInKeywords.verifyElementPresent(WebUiBuiltInKeywords.groovy:1434)
	at com.kms.katalon.core.webui.keyword.WebUiBuiltInKeywords$verifyElementPresent$3.call(Unknown Source)
	at start now button.run(start now button:24)
	at com.kms.katalon.core.main.ScriptEngine.run(ScriptEngine.java:194)
	at com.kms.katalon.core.main.ScriptEngine.runScriptAsRawText(ScriptEngine.java:119)
	at com.kms.katalon.core.main.TestCaseExecutor.runScript(TestCaseExecutor.java:328)
	at com.kms.katalon.core.main.TestCaseExecutor.doExecute(TestCaseExecutor.java:319)
	at com.kms.katalon.core.main.TestCaseExecutor.processExecutionPhase(TestCaseExecutor.java:298)
	at com.kms.katalon.core.main.TestCaseExecutor.accessMainPhase(TestCaseExecutor.java:290)
	at com.kms.katalon.core.main.TestCaseExecutor.execute(TestCaseExecutor.java:224)
	at com.kms.katalon.core.main.TestSuiteExecutor.accessTestCaseMainPhase(TestSuiteExecutor.java:129)
	at com.kms.katalon.core.main.TestSuiteExecutor.accessTestSuiteMainPhase(TestSuiteExecutor.java:112)
	at com.kms.katalon.core.main.TestSuiteExecutor.execute(TestSuiteExecutor.java:81)
	at com.kms.katalon.core.main.TestCaseMain.startTestSuite(TestCaseMain.java:149)
	at com.kms.katalon.core.main.TestCaseMain$startTestSuite$0.call(Unknown Source)
	at TempTestSuite1546500703440.run(TempTestSuite1546500703440.groovy:36)


2019-01-03 12:34:27 - [TEST_STEP][PASSED] - Start listener action : sampleAfterTestCase: null

2019-01-03 12:34:27 - [TEST_STEP][PASSED] - println(testCaseContext.getTestCaseId()): null

2019-01-03 12:34:27 - [TEST_STEP][PASSED] - println(testCaseContext.getTestCaseStatus()): null]]></system-out>
         <system-err><![CDATA[2019-01-03 12:34:11 - [TEST_CASE][FAILED] - Test Cases/home page/start now button: Test Cases/home page/start now button FAILED.
Reason:
com.kms.katalon.core.exception.StepFailedException: Unable to verify object 'Object Repository/sell/Page_Chiragh/Page_Chiragh/form_Sign In' is present (Root cause: com.kms.katalon.core.exception.StepFailedException: com.kms.katalon.core.webui.exception.WebElementNotFoundException: Web element with id: 'Object Repository/sell/Page_Chiragh/Page_Chiragh/form_Sign In' located by 'By.xpath: (.//*[normalize-space(text()) and normalize-space(.)='Resources'])[1]/following::form[1]' not found)
	at com.kms.katalon.core.keyword.internal.KeywordMain.stepFailed(KeywordMain.groovy:36)
	at com.kms.katalon.core.webui.keyword.internal.WebUIKeywordMain.stepFailed(WebUIKeywordMain.groovy:65)
	at com.kms.katalon.core.webui.keyword.internal.WebUIKeywordMain.runKeyword(WebUIKeywordMain.groovy:27)
	at com.kms.katalon.core.webui.keyword.builtin.VerifyElementPresentKeyword.verifyElementPresent(VerifyElementPresentKeyword.groovy:92)
	at com.kms.katalon.core.webui.keyword.builtin.VerifyElementPresentKeyword.execute(VerifyElementPresentKeyword.groovy:68)
	at com.kms.katalon.core.keyword.internal.KeywordExecutor.executeKeywordForPlatform(KeywordExecutor.groovy:53)
	at com.kms.katalon.core.webui.keyword.WebUiBuiltInKeywords.verifyElementPresent(WebUiBuiltInKeywords.groovy:1434)
	at com.kms.katalon.core.webui.keyword.WebUiBuiltInKeywords$verifyElementPresent$3.call(Unknown Source)
	at start now button.run(start now button:24)
	at com.kms.katalon.core.main.ScriptEngine.run(ScriptEngine.java:194)
	at com.kms.katalon.core.main.ScriptEngine.runScriptAsRawText(ScriptEngine.java:119)
	at com.kms.katalon.core.main.TestCaseExecutor.runScript(TestCaseExecutor.java:328)
	at com.kms.katalon.core.main.TestCaseExecutor.doExecute(TestCaseExecutor.java:319)
	at com.kms.katalon.core.main.TestCaseExecutor.processExecutionPhase(TestCaseExecutor.java:298)
	at com.kms.katalon.core.main.TestCaseExecutor.accessMainPhase(TestCaseExecutor.java:290)
	at com.kms.katalon.core.main.TestCaseExecutor.execute(TestCaseExecutor.java:224)
	at com.kms.katalon.core.main.TestSuiteExecutor.accessTestCaseMainPhase(TestSuiteExecutor.java:129)
	at com.kms.katalon.core.main.TestSuiteExecutor.accessTestSuiteMainPhase(TestSuiteExecutor.java:112)
	at com.kms.katalon.core.main.TestSuiteExecutor.execute(TestSuiteExecutor.java:81)
	at com.kms.katalon.core.main.TestCaseMain.startTestSuite(TestCaseMain.java:149)
	at com.kms.katalon.core.main.TestCaseMain$startTestSuite$0.call(Unknown Source)
	at TempTestSuite1546500703440.run(TempTestSuite1546500703440.groovy:36)]]></system-err>
      </testcase>
      <testcase name="Test Cases/home page/view property by name" classname="Test Cases/home page/view property by name" status="FAILED">
         <failure type="FAILED" message="Test Cases/home page/view property by name FAILED.
Reason:
com.kms.katalon.core.exception.StepFailedException: Unable to verify object 'Object Repository/view property/Page_Chiragh/div_Exit VR' is present (Root cause: com.kms.katalon.core.exception.StepFailedException: com.kms.katalon.core.webui.exception.WebElementNotFoundException: Web element with id: 'Object Repository/view property/Page_Chiragh/div_Exit VR' located by 'By.xpath: //div[(text() = '
      
        
          
            
              
                
                  
                    
                  
                  
                
                
              Exit VR
              
              

                  
                  
                  
           
                  
                  
                      
                          
                        
                        
                            
                          
                          
                            
                              
                    
                    
                    
                  
                  
              
                
              
              
            
            
              234 sqm
              4
              3
              
              
                  
                      
                    
                    
                        
                    


              
            
          

          
              

    
      
      Burj Khalifa, 3214, Dubai main road
      PROPERTY ID: 51556
    
    
      AUCTION OPEN PRICE:
      AED: 0
    
    
      
        
          CURRENT BID AED
          6,315,000
        
        
          BIDS PLACED
          28
        
      
      Auction Ends:  31 Dec 2018.  11:58
      
      Time Remaining: 3 : 38 : 51
    
    
      
        BID NOW
          
        
        
          
            To place a bid you must
            
          
          
            Sign in
            OR
            register
          
        
        
      
    
    
    
    
    
    
    
  
            
          
        
      
    ' or . = '
      
        
          
            
              
                
                  
                    
                  
                  
                
                
              Exit VR
              
              

                  
                  
                  
           
                  
                  
                      
                          
                        
                        
                            
                          
                          
                            
                              
                    
                    
                    
                  
                  
              
                
              
              
            
            
              234 sqm
              4
              3
              
              
                  
                      
                    
                    
                        
                    


              
            
          

          
              

    
      
      Burj Khalifa, 3214, Dubai main road
      PROPERTY ID: 51556
    
    
      AUCTION OPEN PRICE:
      AED: 0
    
    
      
        
          CURRENT BID AED
          6,315,000
        
        
          BIDS PLACED
          28
        
      
      Auction Ends:  31 Dec 2018.  11:58
      
      Time Remaining: 3 : 38 : 51
    
    
      
        BID NOW
          
        
        
          
            To place a bid you must
            
          
          
            Sign in
            OR
            register
          
        
        
      
    
    
    
    
    
    
    
  
            
          
        
      
    ')]' not found)
	at com.kms.katalon.core.keyword.internal.KeywordMain.stepFailed(KeywordMain.groovy:36)
	at com.kms.katalon.core.webui.keyword.internal.WebUIKeywordMain.stepFailed(WebUIKeywordMain.groovy:65)
	at com.kms.katalon.core.webui.keyword.internal.WebUIKeywordMain.runKeyword(WebUIKeywordMain.groovy:27)
	at com.kms.katalon.core.webui.keyword.builtin.VerifyElementPresentKeyword.verifyElementPresent(VerifyElementPresentKeyword.groovy:92)
	at com.kms.katalon.core.webui.keyword.builtin.VerifyElementPresentKeyword.execute(VerifyElementPresentKeyword.groovy:68)
	at com.kms.katalon.core.keyword.internal.KeywordExecutor.executeKeywordForPlatform(KeywordExecutor.groovy:53)
	at com.kms.katalon.core.webui.keyword.WebUiBuiltInKeywords.verifyElementPresent(WebUiBuiltInKeywords.groovy:1434)
	at com.kms.katalon.core.webui.keyword.WebUiBuiltInKeywords$verifyElementPresent$3.call(Unknown Source)
	at view property by name.run(view property by name:39)
	at com.kms.katalon.core.main.ScriptEngine.run(ScriptEngine.java:194)
	at com.kms.katalon.core.main.ScriptEngine.runScriptAsRawText(ScriptEngine.java:119)
	at com.kms.katalon.core.main.TestCaseExecutor.runScript(TestCaseExecutor.java:328)
	at com.kms.katalon.core.main.TestCaseExecutor.doExecute(TestCaseExecutor.java:319)
	at com.kms.katalon.core.main.TestCaseExecutor.processExecutionPhase(TestCaseExecutor.java:298)
	at com.kms.katalon.core.main.TestCaseExecutor.accessMainPhase(TestCaseExecutor.java:290)
	at com.kms.katalon.core.main.TestCaseExecutor.execute(TestCaseExecutor.java:224)
	at com.kms.katalon.core.main.TestSuiteExecutor.accessTestCaseMainPhase(TestSuiteExecutor.java:129)
	at com.kms.katalon.core.main.TestSuiteExecutor.accessTestSuiteMainPhase(TestSuiteExecutor.java:112)
	at com.kms.katalon.core.main.TestSuiteExecutor.execute(TestSuiteExecutor.java:81)
	at com.kms.katalon.core.main.TestCaseMain.startTestSuite(TestCaseMain.java:149)
	at com.kms.katalon.core.main.TestCaseMain$startTestSuite$0.call(Unknown Source)
	at TempTestSuite1546500703440.run(TempTestSuite1546500703440.groovy:36)
"/>
         <system-out><![CDATA[2019-01-03 12:34:27 - [TEST_CASE][FAILED] - Test Cases/home page/view property by name: Test Cases/home page/view property by name FAILED.
Reason:
com.kms.katalon.core.exception.StepFailedException: Unable to verify object 'Object Repository/view property/Page_Chiragh/div_Exit VR' is present (Root cause: com.kms.katalon.core.exception.StepFailedException: com.kms.katalon.core.webui.exception.WebElementNotFoundException: Web element with id: 'Object Repository/view property/Page_Chiragh/div_Exit VR' located by 'By.xpath: //div[(text() = '
      
        
          
            
              
                
                  
                    
                  
                  
                
                
              Exit VR
              
              

                  
                  
                  
           
                  
                  
                      
                          
                        
                        
                            
                          
                          
                            
                              
                    
                    
                    
                  
                  
              
                
              
              
            
            
              234 sqm
              4
              3
              
              
                  
                      
                    
                    
                        
                    


              
            
          

          
              

    
      
      Burj Khalifa, 3214, Dubai main road
      PROPERTY ID: 51556
    
    
      AUCTION OPEN PRICE:
      AED: 0
    
    
      
        
          CURRENT BID AED
          6,315,000
        
        
          BIDS PLACED
          28
        
      
      Auction Ends:  31 Dec 2018.  11:58
      
      Time Remaining: 3 : 38 : 51
    
    
      
        BID NOW
          
        
        
          
            To place a bid you must
            
          
          
            Sign in
            OR
            register
          
        
        
      
    
    
    
    
    
    
    
  
            
          
        
      
    ' or . = '
      
        
          
            
              
                
                  
                    
                  
                  
                
                
              Exit VR
              
              

                  
                  
                  
           
                  
                  
                      
                          
                        
                        
                            
                          
                          
                            
                              
                    
                    
                    
                  
                  
              
                
              
              
            
            
              234 sqm
              4
              3
              
              
                  
                      
                    
                    
                        
                    


              
            
          

          
              

    
      
      Burj Khalifa, 3214, Dubai main road
      PROPERTY ID: 51556
    
    
      AUCTION OPEN PRICE:
      AED: 0
    
    
      
        
          CURRENT BID AED
          6,315,000
        
        
          BIDS PLACED
          28
        
      
      Auction Ends:  31 Dec 2018.  11:58
      
      Time Remaining: 3 : 38 : 51
    
    
      
        BID NOW
          
        
        
          
            To place a bid you must
            
          
          
            Sign in
            OR
            register
          
        
        
      
    
    
    
    
    
    
    
  
            
          
        
      
    ')]' not found)
	at com.kms.katalon.core.keyword.internal.KeywordMain.stepFailed(KeywordMain.groovy:36)
	at com.kms.katalon.core.webui.keyword.internal.WebUIKeywordMain.stepFailed(WebUIKeywordMain.groovy:65)
	at com.kms.katalon.core.webui.keyword.internal.WebUIKeywordMain.runKeyword(WebUIKeywordMain.groovy:27)
	at com.kms.katalon.core.webui.keyword.builtin.VerifyElementPresentKeyword.verifyElementPresent(VerifyElementPresentKeyword.groovy:92)
	at com.kms.katalon.core.webui.keyword.builtin.VerifyElementPresentKeyword.execute(VerifyElementPresentKeyword.groovy:68)
	at com.kms.katalon.core.keyword.internal.KeywordExecutor.executeKeywordForPlatform(KeywordExecutor.groovy:53)
	at com.kms.katalon.core.webui.keyword.WebUiBuiltInKeywords.verifyElementPresent(WebUiBuiltInKeywords.groovy:1434)
	at com.kms.katalon.core.webui.keyword.WebUiBuiltInKeywords$verifyElementPresent$3.call(Unknown Source)
	at view property by name.run(view property by name:39)
	at com.kms.katalon.core.main.ScriptEngine.run(ScriptEngine.java:194)
	at com.kms.katalon.core.main.ScriptEngine.runScriptAsRawText(ScriptEngine.java:119)
	at com.kms.katalon.core.main.TestCaseExecutor.runScript(TestCaseExecutor.java:328)
	at com.kms.katalon.core.main.TestCaseExecutor.doExecute(TestCaseExecutor.java:319)
	at com.kms.katalon.core.main.TestCaseExecutor.processExecutionPhase(TestCaseExecutor.java:298)
	at com.kms.katalon.core.main.TestCaseExecutor.accessMainPhase(TestCaseExecutor.java:290)
	at com.kms.katalon.core.main.TestCaseExecutor.execute(TestCaseExecutor.java:224)
	at com.kms.katalon.core.main.TestSuiteExecutor.accessTestCaseMainPhase(TestSuiteExecutor.java:129)
	at com.kms.katalon.core.main.TestSuiteExecutor.accessTestSuiteMainPhase(TestSuiteExecutor.java:112)
	at com.kms.katalon.core.main.TestSuiteExecutor.execute(TestSuiteExecutor.java:81)
	at com.kms.katalon.core.main.TestCaseMain.startTestSuite(TestCaseMain.java:149)
	at com.kms.katalon.core.main.TestCaseMain$startTestSuite$0.call(Unknown Source)
	at TempTestSuite1546500703440.run(TempTestSuite1546500703440.groovy:36)


2019-01-03 12:34:28 - [TEST_STEP][PASSED] - openBrowser(""): Browser is opened with url: ''

2019-01-03 12:34:28 - [MESSAGE][WARNING] - A browser is already opened. Closing browser and opening a new one

2019-01-03 12:34:29 - [MESSAGE][INFO] - Starting 'Chrome' driver

2019-01-03 12:34:31 - [MESSAGE][PASSED] - Browser is opened with url: ''

2019-01-03 12:34:31 - [TEST_STEP][PASSED] - navigateToUrl(Url): Navigate to 'http://demo.chiragh.com/' successfully

2019-01-03 12:34:43 - [MESSAGE][PASSED] - Navigate to 'http://demo.chiragh.com/' successfully

2019-01-03 12:34:43 - [TEST_STEP][PASSED] - maximizeWindow(): Current window maximized

2019-01-03 12:34:44 - [MESSAGE][PASSED] - Current window maximized

2019-01-03 12:34:44 - [TEST_STEP][PASSED] - delay(3): Delayed 3 second(s)

2019-01-03 12:34:47 - [MESSAGE][PASSED] - Delayed 3 second(s)

2019-01-03 12:34:47 - [TEST_STEP][PASSED] - if (getExecutionProfile() == "default"): null

2019-01-03 12:34:47 - [TEST_STEP][FAILED] - else: else FAILED.
Reason:
com.kms.katalon.core.exception.StepFailedException: Unable to verify object 'Object Repository/view property/Page_Chiragh/div_Exit VR' is present (Root cause: com.kms.katalon.core.exception.StepFailedException: com.kms.katalon.core.webui.exception.WebElementNotFoundException: Web element with id: 'Object Repository/view property/Page_Chiragh/div_Exit VR' located by 'By.xpath: //div[(text() = '
      
        
          
            
              
                
                  
                    
                  
                  
                
                
              Exit VR
              
              

                  
                  
                  
           
                  
                  
                      
                          
                        
                        
                            
                          
                          
                            
                              
                    
                    
                    
                  
                  
              
                
              
              
            
            
              234 sqm
              4
              3
              
              
                  
                      
                    
                    
                        
                    


              
            
          

          
              

    
      
      Burj Khalifa, 3214, Dubai main road
      PROPERTY ID: 51556
    
    
      AUCTION OPEN PRICE:
      AED: 0
    
    
      
        
          CURRENT BID AED
          6,315,000
        
        
          BIDS PLACED
          28
        
      
      Auction Ends:  31 Dec 2018.  11:58
      
      Time Remaining: 3 : 38 : 51
    
    
      
        BID NOW
          
        
        
          
            To place a bid you must
            
          
          
            Sign in
            OR
            register
          
        
        
      
    
    
    
    
    
    
    
  
            
          
        
      
    ' or . = '
      
        
          
            
              
                
                  
                    
                  
                  
                
                
              Exit VR
              
              

                  
                  
                  
           
                  
                  
                      
                          
                        
                        
                            
                          
                          
                            
                              
                    
                    
                    
                  
                  
              
                
              
              
            
            
              234 sqm
              4
              3
              
              
                  
                      
                    
                    
                        
                    


              
            
          

          
              

    
      
      Burj Khalifa, 3214, Dubai main road
      PROPERTY ID: 51556
    
    
      AUCTION OPEN PRICE:
      AED: 0
    
    
      
        
          CURRENT BID AED
          6,315,000
        
        
          BIDS PLACED
          28
        
      
      Auction Ends:  31 Dec 2018.  11:58
      
      Time Remaining: 3 : 38 : 51
    
    
      
        BID NOW
          
        
        
          
            To place a bid you must
            
          
          
            Sign in
            OR
            register
          
        
        
      
    
    
    
    
    
    
    
  
            
          
        
      
    ')]' not found)
	at com.kms.katalon.core.keyword.internal.KeywordMain.stepFailed(KeywordMain.groovy:36)
	at com.kms.katalon.core.webui.keyword.internal.WebUIKeywordMain.stepFailed(WebUIKeywordMain.groovy:65)
	at com.kms.katalon.core.webui.keyword.internal.WebUIKeywordMain.runKeyword(WebUIKeywordMain.groovy:27)
	at com.kms.katalon.core.webui.keyword.builtin.VerifyElementPresentKeyword.verifyElementPresent(VerifyElementPresentKeyword.groovy:92)
	at com.kms.katalon.core.webui.keyword.builtin.VerifyElementPresentKeyword.execute(VerifyElementPresentKeyword.groovy:68)
	at com.kms.katalon.core.keyword.internal.KeywordExecutor.executeKeywordForPlatform(KeywordExecutor.groovy:53)
	at com.kms.katalon.core.webui.keyword.WebUiBuiltInKeywords.verifyElementPresent(WebUiBuiltInKeywords.groovy:1434)
	at com.kms.katalon.core.webui.keyword.WebUiBuiltInKeywords$verifyElementPresent$3.call(Unknown Source)
	at view property by name.run(view property by name:39)
	at com.kms.katalon.core.main.ScriptEngine.run(ScriptEngine.java:194)
	at com.kms.katalon.core.main.ScriptEngine.runScriptAsRawText(ScriptEngine.java:119)
	at com.kms.katalon.core.main.TestCaseExecutor.runScript(TestCaseExecutor.java:328)
	at com.kms.katalon.core.main.TestCaseExecutor.doExecute(TestCaseExecutor.java:319)
	at com.kms.katalon.core.main.TestCaseExecutor.processExecutionPhase(TestCaseExecutor.java:298)
	at com.kms.katalon.core.main.TestCaseExecutor.accessMainPhase(TestCaseExecutor.java:290)
	at com.kms.katalon.core.main.TestCaseExecutor.execute(TestCaseExecutor.java:224)
	at com.kms.katalon.core.main.TestSuiteExecutor.accessTestCaseMainPhase(TestSuiteExecutor.java:129)
	at com.kms.katalon.core.main.TestSuiteExecutor.accessTestSuiteMainPhase(TestSuiteExecutor.java:112)
	at com.kms.katalon.core.main.TestSuiteExecutor.execute(TestSuiteExecutor.java:81)
	at com.kms.katalon.core.main.TestCaseMain.startTestSuite(TestCaseMain.java:149)
	at com.kms.katalon.core.main.TestCaseMain$startTestSuite$0.call(Unknown Source)
	at TempTestSuite1546500703440.run(TempTestSuite1546500703440.groovy:36)


2019-01-03 12:34:47 - [TEST_STEP][PASSED] - click(findTestObject("property by name/Page_Chiragh/h2_Project 51468 Penthouse wit")): Object: 'Object Repository/property by name/Page_Chiragh/h2_Project 51468 Penthouse wit' is clicked on

2019-01-03 12:34:48 - [MESSAGE][PASSED] - Object: 'Object Repository/property by name/Page_Chiragh/h2_Project 51468 Penthouse wit' is clicked on

2019-01-03 12:34:48 - [TEST_STEP][PASSED] - delay(3): Delayed 3 second(s)

2019-01-03 12:34:51 - [MESSAGE][PASSED] - Delayed 3 second(s)

2019-01-03 12:34:51 - [TEST_STEP][FAILED] - verifyElementPresent(findTestObject("Object Repository/view property/Page_Chiragh/div_Exit VR"), 3): else FAILED.
Reason:
com.kms.katalon.core.exception.StepFailedException: Unable to verify object 'Object Repository/view property/Page_Chiragh/div_Exit VR' is present (Root cause: com.kms.katalon.core.exception.StepFailedException: com.kms.katalon.core.webui.exception.WebElementNotFoundException: Web element with id: 'Object Repository/view property/Page_Chiragh/div_Exit VR' located by 'By.xpath: //div[(text() = '
      
        
          
            
              
                
                  
                    
                  
                  
                
                
              Exit VR
              
              

                  
                  
                  
           
                  
                  
                      
                          
                        
                        
                            
                          
                          
                            
                              
                    
                    
                    
                  
                  
              
                
              
              
            
            
              234 sqm
              4
              3
              
              
                  
                      
                    
                    
                        
                    


              
            
          

          
              

    
      
      Burj Khalifa, 3214, Dubai main road
      PROPERTY ID: 51556
    
    
      AUCTION OPEN PRICE:
      AED: 0
    
    
      
        
          CURRENT BID AED
          6,315,000
        
        
          BIDS PLACED
          28
        
      
      Auction Ends:  31 Dec 2018.  11:58
      
      Time Remaining: 3 : 38 : 51
    
    
      
        BID NOW
          
        
        
          
            To place a bid you must
            
          
          
            Sign in
            OR
            register
          
        
        
      
    
    
    
    
    
    
    
  
            
          
        
      
    ' or . = '
      
        
          
            
              
                
                  
                    
                  
                  
                
                
              Exit VR
              
              

                  
                  
                  
           
                  
                  
                      
                          
                        
                        
                            
                          
                          
                            
                              
                    
                    
                    
                  
                  
              
                
              
              
            
            
              234 sqm
              4
              3
              
              
                  
                      
                    
                    
                        
                    


              
            
          

          
              

    
      
      Burj Khalifa, 3214, Dubai main road
      PROPERTY ID: 51556
    
    
      AUCTION OPEN PRICE:
      AED: 0
    
    
      
        
          CURRENT BID AED
          6,315,000
        
        
          BIDS PLACED
          28
        
      
      Auction Ends:  31 Dec 2018.  11:58
      
      Time Remaining: 3 : 38 : 51
    
    
      
        BID NOW
          
        
        
          
            To place a bid you must
            
          
          
            Sign in
            OR
            register
          
        
        
      
    
    
    
    
    
    
    
  
            
          
        
      
    ')]' not found)
	at com.kms.katalon.core.keyword.internal.KeywordMain.stepFailed(KeywordMain.groovy:36)
	at com.kms.katalon.core.webui.keyword.internal.WebUIKeywordMain.stepFailed(WebUIKeywordMain.groovy:65)
	at com.kms.katalon.core.webui.keyword.internal.WebUIKeywordMain.runKeyword(WebUIKeywordMain.groovy:27)
	at com.kms.katalon.core.webui.keyword.builtin.VerifyElementPresentKeyword.verifyElementPresent(VerifyElementPresentKeyword.groovy:92)
	at com.kms.katalon.core.webui.keyword.builtin.VerifyElementPresentKeyword.execute(VerifyElementPresentKeyword.groovy:68)
	at com.kms.katalon.core.keyword.internal.KeywordExecutor.executeKeywordForPlatform(KeywordExecutor.groovy:53)
	at com.kms.katalon.core.webui.keyword.WebUiBuiltInKeywords.verifyElementPresent(WebUiBuiltInKeywords.groovy:1434)
	at com.kms.katalon.core.webui.keyword.WebUiBuiltInKeywords$verifyElementPresent$3.call(Unknown Source)
	at view property by name.run(view property by name:39)
	at com.kms.katalon.core.main.ScriptEngine.run(ScriptEngine.java:194)
	at com.kms.katalon.core.main.ScriptEngine.runScriptAsRawText(ScriptEngine.java:119)
	at com.kms.katalon.core.main.TestCaseExecutor.runScript(TestCaseExecutor.java:328)
	at com.kms.katalon.core.main.TestCaseExecutor.doExecute(TestCaseExecutor.java:319)
	at com.kms.katalon.core.main.TestCaseExecutor.processExecutionPhase(TestCaseExecutor.java:298)
	at com.kms.katalon.core.main.TestCaseExecutor.accessMainPhase(TestCaseExecutor.java:290)
	at com.kms.katalon.core.main.TestCaseExecutor.execute(TestCaseExecutor.java:224)
	at com.kms.katalon.core.main.TestSuiteExecutor.accessTestCaseMainPhase(TestSuiteExecutor.java:129)
	at com.kms.katalon.core.main.TestSuiteExecutor.accessTestSuiteMainPhase(TestSuiteExecutor.java:112)
	at com.kms.katalon.core.main.TestSuiteExecutor.execute(TestSuiteExecutor.java:81)
	at com.kms.katalon.core.main.TestCaseMain.startTestSuite(TestCaseMain.java:149)
	at com.kms.katalon.core.main.TestCaseMain$startTestSuite$0.call(Unknown Source)
	at TempTestSuite1546500703440.run(TempTestSuite1546500703440.groovy:36)


2019-01-03 12:34:54 - [MESSAGE][INFO] - Unable to find the element located by 'By.xpath: //div[(text() = '
      
        
          
            
              
                
                  
                    
                  
                  
                
                
              Exit VR
              
              

                  
                  
                  
           
                  
                  
                      
                          
                        
                        
                            
                          
                          
                            
                              
                    
                    
                    
                  
                  
              
                
              
              
            
            
              234 sqm
              4
              3
              
              
                  
                      
                    
                    
                        
                    


              
            
          

          
              

    
      
      Burj Khalifa, 3214, Dubai main road
      PROPERTY ID: 51556
    
    
      AUCTION OPEN PRICE:
      AED: 0
    
    
      
        
          CURRENT BID AED
          6,315,000
        
        
          BIDS PLACED
          28
        
      
      Auction Ends:  31 Dec 2018.  11:58
      
      Time Remaining: 3 : 38 : 51
    
    
      
        BID NOW
          
        
        
          
            To place a bid you must
            
          
          
            Sign in
            OR
            register
          
        
        
      
    
    
    
    
    
    
    
  
            
          
        
      
    ' or . = '
      
        
          
            
              
                
                  
                    
                  
                  
                
                
              Exit VR
              
              

                  
                  
                  
           
                  
                  
                      
                          
                        
                        
                            
                          
                          
                            
                              
                    
                    
                    
                  
                  
              
                
              
              
            
            
              234 sqm
              4
              3
              
              
                  
                      
                    
                    
                        
                    


              
            
          

          
              

    
      
      Burj Khalifa, 3214, Dubai main road
      PROPERTY ID: 51556
    
    
      AUCTION OPEN PRICE:
      AED: 0
    
    
      
        
          CURRENT BID AED
          6,315,000
        
        
          BIDS PLACED
          28
        
      
      Auction Ends:  31 Dec 2018.  11:58
      
      Time Remaining: 3 : 38 : 51
    
    
      
        BID NOW
          
        
        
          
            To place a bid you must
            
          
          
            Sign in
            OR
            register
          
        
        
      
    
    
    
    
    
    
    
  
            
          
        
      
    ')]'. Please recheck the objects properties to make sure the desired element is located. 

2019-01-03 12:34:55 - [MESSAGE][FAILED] - com.kms.katalon.core.webui.exception.WebElementNotFoundException: Web element with id: 'Object Repository/view property/Page_Chiragh/div_Exit VR' located by 'By.xpath: //div[(text() = '
      
        
          
            
              
                
                  
                    
                  
                  
                
                
              Exit VR
              
              

                  
                  
                  
           
                  
                  
                      
                          
                        
                        
                            
                          
                          
                            
                              
                    
                    
                    
                  
                  
              
                
              
              
            
            
              234 sqm
              4
              3
              
              
                  
                      
                    
                    
                        
                    


              
            
          

          
              

    
      
      Burj Khalifa, 3214, Dubai main road
      PROPERTY ID: 51556
    
    
      AUCTION OPEN PRICE:
      AED: 0
    
    
      
        
          CURRENT BID AED
          6,315,000
        
        
          BIDS PLACED
          28
        
      
      Auction Ends:  31 Dec 2018.  11:58
      
      Time Remaining: 3 : 38 : 51
    
    
      
        BID NOW
          
        
        
          
            To place a bid you must
            
          
          
            Sign in
            OR
            register
          
        
        
      
    
    
    
    
    
    
    
  
            
          
        
      
    ' or . = '
      
        
          
            
              
                
                  
                    
                  
                  
                
                
              Exit VR
              
              

                  
                  
                  
           
                  
                  
                      
                          
                        
                        
                            
                          
                          
                            
                              
                    
                    
                    
                  
                  
              
                
              
              
            
            
              234 sqm
              4
              3
              
              
                  
                      
                    
                    
                        
                    


              
            
          

          
              

    
      
      Burj Khalifa, 3214, Dubai main road
      PROPERTY ID: 51556
    
    
      AUCTION OPEN PRICE:
      AED: 0
    
    
      
        
          CURRENT BID AED
          6,315,000
        
        
          BIDS PLACED
          28
        
      
      Auction Ends:  31 Dec 2018.  11:58
      
      Time Remaining: 3 : 38 : 51
    
    
      
        BID NOW
          
        
        
          
            To place a bid you must
            
          
          
            Sign in
            OR
            register
          
        
        
      
    
    
    
    
    
    
    
  
            
          
        
      
    ')]' not found
[[ATTACHMENT|C:\\Users\\HP\\Katalon Studio\\links\\Reports\\Chiragh links\\20190103_123143\\1546500894546.png]]

2019-01-03 12:34:55 - [MESSAGE][FAILED] - Unable to verify object 'Object Repository/view property/Page_Chiragh/div_Exit VR' is present (Root cause: com.kms.katalon.core.exception.StepFailedException: com.kms.katalon.core.webui.exception.WebElementNotFoundException: Web element with id: 'Object Repository/view property/Page_Chiragh/div_Exit VR' located by 'By.xpath: //div[(text() = '
      
        
          
            
              
                
                  
                    
                  
                  
                
                
              Exit VR
              
              

                  
                  
                  
           
                  
                  
                      
                          
                        
                        
                            
                          
                          
                            
                              
                    
                    
                    
                  
                  
              
                
              
              
            
            
              234 sqm
              4
              3
              
              
                  
                      
                    
                    
                        
                    


              
            
          

          
              

    
      
      Burj Khalifa, 3214, Dubai main road
      PROPERTY ID: 51556
    
    
      AUCTION OPEN PRICE:
      AED: 0
    
    
      
        
          CURRENT BID AED
          6,315,000
        
        
          BIDS PLACED
          28
        
      
      Auction Ends:  31 Dec 2018.  11:58
      
      Time Remaining: 3 : 38 : 51
    
    
      
        BID NOW
          
        
        
          
            To place a bid you must
            
          
          
            Sign in
            OR
            register
          
        
        
      
    
    
    
    
    
    
    
  
            
          
        
      
    ' or . = '
      
        
          
            
              
                
                  
                    
                  
                  
                
                
              Exit VR
              
              

                  
                  
                  
           
                  
                  
                      
                          
                        
                        
                            
                          
                          
                            
                              
                    
                    
                    
                  
                  
              
                
              
              
            
            
              234 sqm
              4
              3
              
              
                  
                      
                    
                    
                        
                    


              
            
          

          
              

    
      
      Burj Khalifa, 3214, Dubai main road
      PROPERTY ID: 51556
    
    
      AUCTION OPEN PRICE:
      AED: 0
    
    
      
        
          CURRENT BID AED
          6,315,000
        
        
          BIDS PLACED
          28
        
      
      Auction Ends:  31 Dec 2018.  11:58
      
      Time Remaining: 3 : 38 : 51
    
    
      
        BID NOW
          
        
        
          
            To place a bid you must
            
          
          
            Sign in
            OR
            register
          
        
        
      
    
    
    
    
    
    
    
  
            
          
        
      
    ')]' not found)
[[ATTACHMENT|C:\\Users\\HP\\Katalon Studio\\links\\Reports\\Chiragh links\\20190103_123143\\1546500895211.png]]

2019-01-03 12:34:55 - [MESSAGE][FAILED] - else FAILED.
Reason:
com.kms.katalon.core.exception.StepFailedException: Unable to verify object 'Object Repository/view property/Page_Chiragh/div_Exit VR' is present (Root cause: com.kms.katalon.core.exception.StepFailedException: com.kms.katalon.core.webui.exception.WebElementNotFoundException: Web element with id: 'Object Repository/view property/Page_Chiragh/div_Exit VR' located by 'By.xpath: //div[(text() = '
      
        
          
            
              
                
                  
                    
                  
                  
                
                
              Exit VR
              
              

                  
                  
                  
           
                  
                  
                      
                          
                        
                        
                            
                          
                          
                            
                              
                    
                    
                    
                  
                  
              
                
              
              
            
            
              234 sqm
              4
              3
              
              
                  
                      
                    
                    
                        
                    


              
            
          

          
              

    
      
      Burj Khalifa, 3214, Dubai main road
      PROPERTY ID: 51556
    
    
      AUCTION OPEN PRICE:
      AED: 0
    
    
      
        
          CURRENT BID AED
          6,315,000
        
        
          BIDS PLACED
          28
        
      
      Auction Ends:  31 Dec 2018.  11:58
      
      Time Remaining: 3 : 38 : 51
    
    
      
        BID NOW
          
        
        
          
            To place a bid you must
            
          
          
            Sign in
            OR
            register
          
        
        
      
    
    
    
    
    
    
    
  
            
          
        
      
    ' or . = '
      
        
          
            
              
                
                  
                    
                  
                  
                
                
              Exit VR
              
              

                  
                  
                  
           
                  
                  
                      
                          
                        
                        
                            
                          
                          
                            
                              
                    
                    
                    
                  
                  
              
                
              
              
            
            
              234 sqm
              4
              3
              
              
                  
                      
                    
                    
                        
                    


              
            
          

          
              

    
      
      Burj Khalifa, 3214, Dubai main road
      PROPERTY ID: 51556
    
    
      AUCTION OPEN PRICE:
      AED: 0
    
    
      
        
          CURRENT BID AED
          6,315,000
        
        
          BIDS PLACED
          28
        
      
      Auction Ends:  31 Dec 2018.  11:58
      
      Time Remaining: 3 : 38 : 51
    
    
      
        BID NOW
          
        
        
          
            To place a bid you must
            
          
          
            Sign in
            OR
            register
          
        
        
      
    
    
    
    
    
    
    
  
            
          
        
      
    ')]' not found)
	at com.kms.katalon.core.keyword.internal.KeywordMain.stepFailed(KeywordMain.groovy:36)
	at com.kms.katalon.core.webui.keyword.internal.WebUIKeywordMain.stepFailed(WebUIKeywordMain.groovy:65)
	at com.kms.katalon.core.webui.keyword.internal.WebUIKeywordMain.runKeyword(WebUIKeywordMain.groovy:27)
	at com.kms.katalon.core.webui.keyword.builtin.VerifyElementPresentKeyword.verifyElementPresent(VerifyElementPresentKeyword.groovy:92)
	at com.kms.katalon.core.webui.keyword.builtin.VerifyElementPresentKeyword.execute(VerifyElementPresentKeyword.groovy:68)
	at com.kms.katalon.core.keyword.internal.KeywordExecutor.executeKeywordForPlatform(KeywordExecutor.groovy:53)
	at com.kms.katalon.core.webui.keyword.WebUiBuiltInKeywords.verifyElementPresent(WebUiBuiltInKeywords.groovy:1434)
	at com.kms.katalon.core.webui.keyword.WebUiBuiltInKeywords$verifyElementPresent$3.call(Unknown Source)
	at view property by name.run(view property by name:39)
	at com.kms.katalon.core.main.ScriptEngine.run(ScriptEngine.java:194)
	at com.kms.katalon.core.main.ScriptEngine.runScriptAsRawText(ScriptEngine.java:119)
	at com.kms.katalon.core.main.TestCaseExecutor.runScript(TestCaseExecutor.java:328)
	at com.kms.katalon.core.main.TestCaseExecutor.doExecute(TestCaseExecutor.java:319)
	at com.kms.katalon.core.main.TestCaseExecutor.processExecutionPhase(TestCaseExecutor.java:298)
	at com.kms.katalon.core.main.TestCaseExecutor.accessMainPhase(TestCaseExecutor.java:290)
	at com.kms.katalon.core.main.TestCaseExecutor.execute(TestCaseExecutor.java:224)
	at com.kms.katalon.core.main.TestSuiteExecutor.accessTestCaseMainPhase(TestSuiteExecutor.java:129)
	at com.kms.katalon.core.main.TestSuiteExecutor.accessTestSuiteMainPhase(TestSuiteExecutor.java:112)
	at com.kms.katalon.core.main.TestSuiteExecutor.execute(TestSuiteExecutor.java:81)
	at com.kms.katalon.core.main.TestCaseMain.startTestSuite(TestCaseMain.java:149)
	at com.kms.katalon.core.main.TestCaseMain$startTestSuite$0.call(Unknown Source)
	at TempTestSuite1546500703440.run(TempTestSuite1546500703440.groovy:36)


2019-01-03 12:34:55 - [TEST_STEP][PASSED] - Start listener action : sampleAfterTestCase: null

2019-01-03 12:34:55 - [TEST_STEP][PASSED] - println(testCaseContext.getTestCaseId()): null

2019-01-03 12:34:55 - [TEST_STEP][PASSED] - println(testCaseContext.getTestCaseStatus()): null]]></system-out>
         <system-err><![CDATA[2019-01-03 12:34:27 - [TEST_CASE][FAILED] - Test Cases/home page/view property by name: Test Cases/home page/view property by name FAILED.
Reason:
com.kms.katalon.core.exception.StepFailedException: Unable to verify object 'Object Repository/view property/Page_Chiragh/div_Exit VR' is present (Root cause: com.kms.katalon.core.exception.StepFailedException: com.kms.katalon.core.webui.exception.WebElementNotFoundException: Web element with id: 'Object Repository/view property/Page_Chiragh/div_Exit VR' located by 'By.xpath: //div[(text() = '
      
        
          
            
              
                
                  
                    
                  
                  
                
                
              Exit VR
              
              

                  
                  
                  
           
                  
                  
                      
                          
                        
                        
                            
                          
                          
                            
                              
                    
                    
                    
                  
                  
              
                
              
              
            
            
              234 sqm
              4
              3
              
              
                  
                      
                    
                    
                        
                    


              
            
          

          
              

    
      
      Burj Khalifa, 3214, Dubai main road
      PROPERTY ID: 51556
    
    
      AUCTION OPEN PRICE:
      AED: 0
    
    
      
        
          CURRENT BID AED
          6,315,000
        
        
          BIDS PLACED
          28
        
      
      Auction Ends:  31 Dec 2018.  11:58
      
      Time Remaining: 3 : 38 : 51
    
    
      
        BID NOW
          
        
        
          
            To place a bid you must
            
          
          
            Sign in
            OR
            register
          
        
        
      
    
    
    
    
    
    
    
  
            
          
        
      
    ' or . = '
      
        
          
            
              
                
                  
                    
                  
                  
                
                
              Exit VR
              
              

                  
                  
                  
           
                  
                  
                      
                          
                        
                        
                            
                          
                          
                            
                              
                    
                    
                    
                  
                  
              
                
              
              
            
            
              234 sqm
              4
              3
              
              
                  
                      
                    
                    
                        
                    


              
            
          

          
              

    
      
      Burj Khalifa, 3214, Dubai main road
      PROPERTY ID: 51556
    
    
      AUCTION OPEN PRICE:
      AED: 0
    
    
      
        
          CURRENT BID AED
          6,315,000
        
        
          BIDS PLACED
          28
        
      
      Auction Ends:  31 Dec 2018.  11:58
      
      Time Remaining: 3 : 38 : 51
    
    
      
        BID NOW
          
        
        
          
            To place a bid you must
            
          
          
            Sign in
            OR
            register
          
        
        
      
    
    
    
    
    
    
    
  
            
          
        
      
    ')]' not found)
	at com.kms.katalon.core.keyword.internal.KeywordMain.stepFailed(KeywordMain.groovy:36)
	at com.kms.katalon.core.webui.keyword.internal.WebUIKeywordMain.stepFailed(WebUIKeywordMain.groovy:65)
	at com.kms.katalon.core.webui.keyword.internal.WebUIKeywordMain.runKeyword(WebUIKeywordMain.groovy:27)
	at com.kms.katalon.core.webui.keyword.builtin.VerifyElementPresentKeyword.verifyElementPresent(VerifyElementPresentKeyword.groovy:92)
	at com.kms.katalon.core.webui.keyword.builtin.VerifyElementPresentKeyword.execute(VerifyElementPresentKeyword.groovy:68)
	at com.kms.katalon.core.keyword.internal.KeywordExecutor.executeKeywordForPlatform(KeywordExecutor.groovy:53)
	at com.kms.katalon.core.webui.keyword.WebUiBuiltInKeywords.verifyElementPresent(WebUiBuiltInKeywords.groovy:1434)
	at com.kms.katalon.core.webui.keyword.WebUiBuiltInKeywords$verifyElementPresent$3.call(Unknown Source)
	at view property by name.run(view property by name:39)
	at com.kms.katalon.core.main.ScriptEngine.run(ScriptEngine.java:194)
	at com.kms.katalon.core.main.ScriptEngine.runScriptAsRawText(ScriptEngine.java:119)
	at com.kms.katalon.core.main.TestCaseExecutor.runScript(TestCaseExecutor.java:328)
	at com.kms.katalon.core.main.TestCaseExecutor.doExecute(TestCaseExecutor.java:319)
	at com.kms.katalon.core.main.TestCaseExecutor.processExecutionPhase(TestCaseExecutor.java:298)
	at com.kms.katalon.core.main.TestCaseExecutor.accessMainPhase(TestCaseExecutor.java:290)
	at com.kms.katalon.core.main.TestCaseExecutor.execute(TestCaseExecutor.java:224)
	at com.kms.katalon.core.main.TestSuiteExecutor.accessTestCaseMainPhase(TestSuiteExecutor.java:129)
	at com.kms.katalon.core.main.TestSuiteExecutor.accessTestSuiteMainPhase(TestSuiteExecutor.java:112)
	at com.kms.katalon.core.main.TestSuiteExecutor.execute(TestSuiteExecutor.java:81)
	at com.kms.katalon.core.main.TestCaseMain.startTestSuite(TestCaseMain.java:149)
	at com.kms.katalon.core.main.TestCaseMain$startTestSuite$0.call(Unknown Source)
	at TempTestSuite1546500703440.run(TempTestSuite1546500703440.groovy:36)]]></system-err>
      </testcase>
      <testcase name="Test Cases/home page/view property" classname="Test Cases/home page/view property" status="FAILED">
         <failure type="FAILED" message="Test Cases/home page/view property FAILED.
Reason:
com.kms.katalon.core.exception.StepFailedException: Unable to verify object 'Object Repository/view property/Page_Chiragh/div_Exit VR' is present (Root cause: com.kms.katalon.core.exception.StepFailedException: com.kms.katalon.core.webui.exception.WebElementNotFoundException: Web element with id: 'Object Repository/view property/Page_Chiragh/div_Exit VR' located by 'By.xpath: //div[(text() = '
      
        
          
            
              
                
                  
                    
                  
                  
                
                
              Exit VR
              
              

                  
                  
                  
           
                  
                  
                      
                          
                        
                        
                            
                          
                          
                            
                              
                    
                    
                    
                  
                  
              
                
              
              
            
            
              234 sqm
              4
              3
              
              
                  
                      
                    
                    
                        
                    


              
            
          

          
              

    
      
      Burj Khalifa, 3214, Dubai main road
      PROPERTY ID: 51556
    
    
      AUCTION OPEN PRICE:
      AED: 0
    
    
      
        
          CURRENT BID AED
          6,315,000
        
        
          BIDS PLACED
          28
        
      
      Auction Ends:  31 Dec 2018.  11:58
      
      Time Remaining: 3 : 38 : 51
    
    
      
        BID NOW
          
        
        
          
            To place a bid you must
            
          
          
            Sign in
            OR
            register
          
        
        
      
    
    
    
    
    
    
    
  
            
          
        
      
    ' or . = '
      
        
          
            
              
                
                  
                    
                  
                  
                
                
              Exit VR
              
              

                  
                  
                  
           
                  
                  
                      
                          
                        
                        
                            
                          
                          
                            
                              
                    
                    
                    
                  
                  
              
                
              
              
            
            
              234 sqm
              4
              3
              
              
                  
                      
                    
                    
                        
                    


              
            
          

          
              

    
      
      Burj Khalifa, 3214, Dubai main road
      PROPERTY ID: 51556
    
    
      AUCTION OPEN PRICE:
      AED: 0
    
    
      
        
          CURRENT BID AED
          6,315,000
        
        
          BIDS PLACED
          28
        
      
      Auction Ends:  31 Dec 2018.  11:58
      
      Time Remaining: 3 : 38 : 51
    
    
      
        BID NOW
          
        
        
          
            To place a bid you must
            
          
          
            Sign in
            OR
            register
          
        
        
      
    
    
    
    
    
    
    
  
            
          
        
      
    ')]' not found)
	at com.kms.katalon.core.keyword.internal.KeywordMain.stepFailed(KeywordMain.groovy:36)
	at com.kms.katalon.core.webui.keyword.internal.WebUIKeywordMain.stepFailed(WebUIKeywordMain.groovy:65)
	at com.kms.katalon.core.webui.keyword.internal.WebUIKeywordMain.runKeyword(WebUIKeywordMain.groovy:27)
	at com.kms.katalon.core.webui.keyword.builtin.VerifyElementPresentKeyword.verifyElementPresent(VerifyElementPresentKeyword.groovy:92)
	at com.kms.katalon.core.webui.keyword.builtin.VerifyElementPresentKeyword.execute(VerifyElementPresentKeyword.groovy:68)
	at com.kms.katalon.core.keyword.internal.KeywordExecutor.executeKeywordForPlatform(KeywordExecutor.groovy:53)
	at com.kms.katalon.core.webui.keyword.WebUiBuiltInKeywords.verifyElementPresent(WebUiBuiltInKeywords.groovy:1434)
	at com.kms.katalon.core.webui.keyword.WebUiBuiltInKeywords$verifyElementPresent$3.call(Unknown Source)
	at view property.run(view property:28)
	at com.kms.katalon.core.main.ScriptEngine.run(ScriptEngine.java:194)
	at com.kms.katalon.core.main.ScriptEngine.runScriptAsRawText(ScriptEngine.java:119)
	at com.kms.katalon.core.main.TestCaseExecutor.runScript(TestCaseExecutor.java:328)
	at com.kms.katalon.core.main.TestCaseExecutor.doExecute(TestCaseExecutor.java:319)
	at com.kms.katalon.core.main.TestCaseExecutor.processExecutionPhase(TestCaseExecutor.java:298)
	at com.kms.katalon.core.main.TestCaseExecutor.accessMainPhase(TestCaseExecutor.java:290)
	at com.kms.katalon.core.main.TestCaseExecutor.execute(TestCaseExecutor.java:224)
	at com.kms.katalon.core.main.TestSuiteExecutor.accessTestCaseMainPhase(TestSuiteExecutor.java:129)
	at com.kms.katalon.core.main.TestSuiteExecutor.accessTestSuiteMainPhase(TestSuiteExecutor.java:112)
	at com.kms.katalon.core.main.TestSuiteExecutor.execute(TestSuiteExecutor.java:81)
	at com.kms.katalon.core.main.TestCaseMain.startTestSuite(TestCaseMain.java:149)
	at com.kms.katalon.core.main.TestCaseMain$startTestSuite$0.call(Unknown Source)
	at TempTestSuite1546500703440.run(TempTestSuite1546500703440.groovy:36)
"/>
         <system-out><![CDATA[2019-01-03 12:34:55 - [TEST_CASE][FAILED] - Test Cases/home page/view property: Test Cases/home page/view property FAILED.
Reason:
com.kms.katalon.core.exception.StepFailedException: Unable to verify object 'Object Repository/view property/Page_Chiragh/div_Exit VR' is present (Root cause: com.kms.katalon.core.exception.StepFailedException: com.kms.katalon.core.webui.exception.WebElementNotFoundException: Web element with id: 'Object Repository/view property/Page_Chiragh/div_Exit VR' located by 'By.xpath: //div[(text() = '
      
        
          
            
              
                
                  
                    
                  
                  
                
                
              Exit VR
              
              

                  
                  
                  
           
                  
                  
                      
                          
                        
                        
                            
                          
                          
                            
                              
                    
                    
                    
                  
                  
              
                
              
              
            
            
              234 sqm
              4
              3
              
              
                  
                      
                    
                    
                        
                    


              
            
          

          
              

    
      
      Burj Khalifa, 3214, Dubai main road
      PROPERTY ID: 51556
    
    
      AUCTION OPEN PRICE:
      AED: 0
    
    
      
        
          CURRENT BID AED
          6,315,000
        
        
          BIDS PLACED
          28
        
      
      Auction Ends:  31 Dec 2018.  11:58
      
      Time Remaining: 3 : 38 : 51
    
    
      
        BID NOW
          
        
        
          
            To place a bid you must
            
          
          
            Sign in
            OR
            register
          
        
        
      
    
    
    
    
    
    
    
  
            
          
        
      
    ' or . = '
      
        
          
            
              
                
                  
                    
                  
                  
                
                
              Exit VR
              
              

                  
                  
                  
           
                  
                  
                      
                          
                        
                        
                            
                          
                          
                            
                              
                    
                    
                    
                  
                  
              
                
              
              
            
            
              234 sqm
              4
              3
              
              
                  
                      
                    
                    
                        
                    


              
            
          

          
              

    
      
      Burj Khalifa, 3214, Dubai main road
      PROPERTY ID: 51556
    
    
      AUCTION OPEN PRICE:
      AED: 0
    
    
      
        
          CURRENT BID AED
          6,315,000
        
        
          BIDS PLACED
          28
        
      
      Auction Ends:  31 Dec 2018.  11:58
      
      Time Remaining: 3 : 38 : 51
    
    
      
        BID NOW
          
        
        
          
            To place a bid you must
            
          
          
            Sign in
            OR
            register
          
        
        
      
    
    
    
    
    
    
    
  
            
          
        
      
    ')]' not found)
	at com.kms.katalon.core.keyword.internal.KeywordMain.stepFailed(KeywordMain.groovy:36)
	at com.kms.katalon.core.webui.keyword.internal.WebUIKeywordMain.stepFailed(WebUIKeywordMain.groovy:65)
	at com.kms.katalon.core.webui.keyword.internal.WebUIKeywordMain.runKeyword(WebUIKeywordMain.groovy:27)
	at com.kms.katalon.core.webui.keyword.builtin.VerifyElementPresentKeyword.verifyElementPresent(VerifyElementPresentKeyword.groovy:92)
	at com.kms.katalon.core.webui.keyword.builtin.VerifyElementPresentKeyword.execute(VerifyElementPresentKeyword.groovy:68)
	at com.kms.katalon.core.keyword.internal.KeywordExecutor.executeKeywordForPlatform(KeywordExecutor.groovy:53)
	at com.kms.katalon.core.webui.keyword.WebUiBuiltInKeywords.verifyElementPresent(WebUiBuiltInKeywords.groovy:1434)
	at com.kms.katalon.core.webui.keyword.WebUiBuiltInKeywords$verifyElementPresent$3.call(Unknown Source)
	at view property.run(view property:28)
	at com.kms.katalon.core.main.ScriptEngine.run(ScriptEngine.java:194)
	at com.kms.katalon.core.main.ScriptEngine.runScriptAsRawText(ScriptEngine.java:119)
	at com.kms.katalon.core.main.TestCaseExecutor.runScript(TestCaseExecutor.java:328)
	at com.kms.katalon.core.main.TestCaseExecutor.doExecute(TestCaseExecutor.java:319)
	at com.kms.katalon.core.main.TestCaseExecutor.processExecutionPhase(TestCaseExecutor.java:298)
	at com.kms.katalon.core.main.TestCaseExecutor.accessMainPhase(TestCaseExecutor.java:290)
	at com.kms.katalon.core.main.TestCaseExecutor.execute(TestCaseExecutor.java:224)
	at com.kms.katalon.core.main.TestSuiteExecutor.accessTestCaseMainPhase(TestSuiteExecutor.java:129)
	at com.kms.katalon.core.main.TestSuiteExecutor.accessTestSuiteMainPhase(TestSuiteExecutor.java:112)
	at com.kms.katalon.core.main.TestSuiteExecutor.execute(TestSuiteExecutor.java:81)
	at com.kms.katalon.core.main.TestCaseMain.startTestSuite(TestCaseMain.java:149)
	at com.kms.katalon.core.main.TestCaseMain$startTestSuite$0.call(Unknown Source)
	at TempTestSuite1546500703440.run(TempTestSuite1546500703440.groovy:36)


2019-01-03 12:34:56 - [TEST_STEP][PASSED] - openBrowser(""): Browser is opened with url: ''

2019-01-03 12:34:56 - [MESSAGE][WARNING] - A browser is already opened. Closing browser and opening a new one

2019-01-03 12:34:57 - [MESSAGE][INFO] - Starting 'Chrome' driver

2019-01-03 12:34:59 - [MESSAGE][PASSED] - Browser is opened with url: ''

2019-01-03 12:34:59 - [TEST_STEP][PASSED] - navigateToUrl(Url): Navigate to 'http://demo.chiragh.com/' successfully

2019-01-03 12:35:08 - [MESSAGE][PASSED] - Navigate to 'http://demo.chiragh.com/' successfully

2019-01-03 12:35:08 - [TEST_STEP][PASSED] - maximizeWindow(): Current window maximized

2019-01-03 12:35:09 - [MESSAGE][PASSED] - Current window maximized

2019-01-03 12:35:09 - [TEST_STEP][PASSED] - delay(3): Delayed 3 second(s)

2019-01-03 12:35:12 - [MESSAGE][PASSED] - Delayed 3 second(s)

2019-01-03 12:35:12 - [TEST_STEP][PASSED] - click(findTestObject("Object Repository/view property/Page_Chiragh/img")): Object: 'Object Repository/view property/Page_Chiragh/img' is clicked on

2019-01-03 12:35:13 - [MESSAGE][PASSED] - Object: 'Object Repository/view property/Page_Chiragh/img' is clicked on

2019-01-03 12:35:13 - [TEST_STEP][PASSED] - delay(3): Delayed 3 second(s)

2019-01-03 12:35:16 - [MESSAGE][PASSED] - Delayed 3 second(s)

2019-01-03 12:35:16 - [TEST_STEP][FAILED] - verifyElementPresent(findTestObject("Object Repository/view property/Page_Chiragh/div_Exit VR"), 3): verifyElementPresent(findTestObject("Object Repository/view property/Page_Chiragh/div_Exit VR"), 3) FAILED.
Reason:
com.kms.katalon.core.exception.StepFailedException: Unable to verify object 'Object Repository/view property/Page_Chiragh/div_Exit VR' is present (Root cause: com.kms.katalon.core.exception.StepFailedException: com.kms.katalon.core.webui.exception.WebElementNotFoundException: Web element with id: 'Object Repository/view property/Page_Chiragh/div_Exit VR' located by 'By.xpath: //div[(text() = '
      
        
          
            
              
                
                  
                    
                  
                  
                
                
              Exit VR
              
              

                  
                  
                  
           
                  
                  
                      
                          
                        
                        
                            
                          
                          
                            
                              
                    
                    
                    
                  
                  
              
                
              
              
            
            
              234 sqm
              4
              3
              
              
                  
                      
                    
                    
                        
                    


              
            
          

          
              

    
      
      Burj Khalifa, 3214, Dubai main road
      PROPERTY ID: 51556
    
    
      AUCTION OPEN PRICE:
      AED: 0
    
    
      
        
          CURRENT BID AED
          6,315,000
        
        
          BIDS PLACED
          28
        
      
      Auction Ends:  31 Dec 2018.  11:58
      
      Time Remaining: 3 : 38 : 51
    
    
      
        BID NOW
          
        
        
          
            To place a bid you must
            
          
          
            Sign in
            OR
            register
          
        
        
      
    
    
    
    
    
    
    
  
            
          
        
      
    ' or . = '
      
        
          
            
              
                
                  
                    
                  
                  
                
                
              Exit VR
              
              

                  
                  
                  
           
                  
                  
                      
                          
                        
                        
                            
                          
                          
                            
                              
                    
                    
                    
                  
                  
              
                
              
              
            
            
              234 sqm
              4
              3
              
              
                  
                      
                    
                    
                        
                    


              
            
          

          
              

    
      
      Burj Khalifa, 3214, Dubai main road
      PROPERTY ID: 51556
    
    
      AUCTION OPEN PRICE:
      AED: 0
    
    
      
        
          CURRENT BID AED
          6,315,000
        
        
          BIDS PLACED
          28
        
      
      Auction Ends:  31 Dec 2018.  11:58
      
      Time Remaining: 3 : 38 : 51
    
    
      
        BID NOW
          
        
        
          
            To place a bid you must
            
          
          
            Sign in
            OR
            register
          
        
        
      
    
    
    
    
    
    
    
  
            
          
        
      
    ')]' not found)
	at com.kms.katalon.core.keyword.internal.KeywordMain.stepFailed(KeywordMain.groovy:36)
	at com.kms.katalon.core.webui.keyword.internal.WebUIKeywordMain.stepFailed(WebUIKeywordMain.groovy:65)
	at com.kms.katalon.core.webui.keyword.internal.WebUIKeywordMain.runKeyword(WebUIKeywordMain.groovy:27)
	at com.kms.katalon.core.webui.keyword.builtin.VerifyElementPresentKeyword.verifyElementPresent(VerifyElementPresentKeyword.groovy:92)
	at com.kms.katalon.core.webui.keyword.builtin.VerifyElementPresentKeyword.execute(VerifyElementPresentKeyword.groovy:68)
	at com.kms.katalon.core.keyword.internal.KeywordExecutor.executeKeywordForPlatform(KeywordExecutor.groovy:53)
	at com.kms.katalon.core.webui.keyword.WebUiBuiltInKeywords.verifyElementPresent(WebUiBuiltInKeywords.groovy:1434)
	at com.kms.katalon.core.webui.keyword.WebUiBuiltInKeywords$verifyElementPresent$3.call(Unknown Source)
	at view property.run(view property:28)
	at com.kms.katalon.core.main.ScriptEngine.run(ScriptEngine.java:194)
	at com.kms.katalon.core.main.ScriptEngine.runScriptAsRawText(ScriptEngine.java:119)
	at com.kms.katalon.core.main.TestCaseExecutor.runScript(TestCaseExecutor.java:328)
	at com.kms.katalon.core.main.TestCaseExecutor.doExecute(TestCaseExecutor.java:319)
	at com.kms.katalon.core.main.TestCaseExecutor.processExecutionPhase(TestCaseExecutor.java:298)
	at com.kms.katalon.core.main.TestCaseExecutor.accessMainPhase(TestCaseExecutor.java:290)
	at com.kms.katalon.core.main.TestCaseExecutor.execute(TestCaseExecutor.java:224)
	at com.kms.katalon.core.main.TestSuiteExecutor.accessTestCaseMainPhase(TestSuiteExecutor.java:129)
	at com.kms.katalon.core.main.TestSuiteExecutor.accessTestSuiteMainPhase(TestSuiteExecutor.java:112)
	at com.kms.katalon.core.main.TestSuiteExecutor.execute(TestSuiteExecutor.java:81)
	at com.kms.katalon.core.main.TestCaseMain.startTestSuite(TestCaseMain.java:149)
	at com.kms.katalon.core.main.TestCaseMain$startTestSuite$0.call(Unknown Source)
	at TempTestSuite1546500703440.run(TempTestSuite1546500703440.groovy:36)


2019-01-03 12:35:19 - [MESSAGE][INFO] - Unable to find the element located by 'By.xpath: //div[(text() = '
      
        
          
            
              
                
                  
                    
                  
                  
                
                
              Exit VR
              
              

                  
                  
                  
           
                  
                  
                      
                          
                        
                        
                            
                          
                          
                            
                              
                    
                    
                    
                  
                  
              
                
              
              
            
            
              234 sqm
              4
              3
              
              
                  
                      
                    
                    
                        
                    


              
            
          

          
              

    
      
      Burj Khalifa, 3214, Dubai main road
      PROPERTY ID: 51556
    
    
      AUCTION OPEN PRICE:
      AED: 0
    
    
      
        
          CURRENT BID AED
          6,315,000
        
        
          BIDS PLACED
          28
        
      
      Auction Ends:  31 Dec 2018.  11:58
      
      Time Remaining: 3 : 38 : 51
    
    
      
        BID NOW
          
        
        
          
            To place a bid you must
            
          
          
            Sign in
            OR
            register
          
        
        
      
    
    
    
    
    
    
    
  
            
          
        
      
    ' or . = '
      
        
          
            
              
                
                  
                    
                  
                  
                
                
              Exit VR
              
              

                  
                  
                  
           
                  
                  
                      
                          
                        
                        
                            
                          
                          
                            
                              
                    
                    
                    
                  
                  
              
                
              
              
            
            
              234 sqm
              4
              3
              
              
                  
                      
                    
                    
                        
                    


              
            
          

          
              

    
      
      Burj Khalifa, 3214, Dubai main road
      PROPERTY ID: 51556
    
    
      AUCTION OPEN PRICE:
      AED: 0
    
    
      
        
          CURRENT BID AED
          6,315,000
        
        
          BIDS PLACED
          28
        
      
      Auction Ends:  31 Dec 2018.  11:58
      
      Time Remaining: 3 : 38 : 51
    
    
      
        BID NOW
          
        
        
          
            To place a bid you must
            
          
          
            Sign in
            OR
            register
          
        
        
      
    
    
    
    
    
    
    
  
            
          
        
      
    ')]'. Please recheck the objects properties to make sure the desired element is located. 

2019-01-03 12:35:20 - [MESSAGE][FAILED] - com.kms.katalon.core.webui.exception.WebElementNotFoundException: Web element with id: 'Object Repository/view property/Page_Chiragh/div_Exit VR' located by 'By.xpath: //div[(text() = '
      
        
          
            
              
                
                  
                    
                  
                  
                
                
              Exit VR
              
              

                  
                  
                  
           
                  
                  
                      
                          
                        
                        
                            
                          
                          
                            
                              
                    
                    
                    
                  
                  
              
                
              
              
            
            
              234 sqm
              4
              3
              
              
                  
                      
                    
                    
                        
                    


              
            
          

          
              

    
      
      Burj Khalifa, 3214, Dubai main road
      PROPERTY ID: 51556
    
    
      AUCTION OPEN PRICE:
      AED: 0
    
    
      
        
          CURRENT BID AED
          6,315,000
        
        
          BIDS PLACED
          28
        
      
      Auction Ends:  31 Dec 2018.  11:58
      
      Time Remaining: 3 : 38 : 51
    
    
      
        BID NOW
          
        
        
          
            To place a bid you must
            
          
          
            Sign in
            OR
            register
          
        
        
      
    
    
    
    
    
    
    
  
            
          
        
      
    ' or . = '
      
        
          
            
              
                
                  
                    
                  
                  
                
                
              Exit VR
              
              

                  
                  
                  
           
                  
                  
                      
                          
                        
                        
                            
                          
                          
                            
                              
                    
                    
                    
                  
                  
              
                
              
              
            
            
              234 sqm
              4
              3
              
              
                  
                      
                    
                    
                        
                    


              
            
          

          
              

    
      
      Burj Khalifa, 3214, Dubai main road
      PROPERTY ID: 51556
    
    
      AUCTION OPEN PRICE:
      AED: 0
    
    
      
        
          CURRENT BID AED
          6,315,000
        
        
          BIDS PLACED
          28
        
      
      Auction Ends:  31 Dec 2018.  11:58
      
      Time Remaining: 3 : 38 : 51
    
    
      
        BID NOW
          
        
        
          
            To place a bid you must
            
          
          
            Sign in
            OR
            register
          
        
        
      
    
    
    
    
    
    
    
  
            
          
        
      
    ')]' not found
[[ATTACHMENT|C:\\Users\\HP\\Katalon Studio\\links\\Reports\\Chiragh links\\20190103_123143\\1546500919399.png]]

2019-01-03 12:35:20 - [MESSAGE][FAILED] - Unable to verify object 'Object Repository/view property/Page_Chiragh/div_Exit VR' is present (Root cause: com.kms.katalon.core.exception.StepFailedException: com.kms.katalon.core.webui.exception.WebElementNotFoundException: Web element with id: 'Object Repository/view property/Page_Chiragh/div_Exit VR' located by 'By.xpath: //div[(text() = '
      
        
          
            
              
                
                  
                    
                  
                  
                
                
              Exit VR
              
              

                  
                  
                  
           
                  
                  
                      
                          
                        
                        
                            
                          
                          
                            
                              
                    
                    
                    
                  
                  
              
                
              
              
            
            
              234 sqm
              4
              3
              
              
                  
                      
                    
                    
                        
                    


              
            
          

          
              

    
      
      Burj Khalifa, 3214, Dubai main road
      PROPERTY ID: 51556
    
    
      AUCTION OPEN PRICE:
      AED: 0
    
    
      
        
          CURRENT BID AED
          6,315,000
        
        
          BIDS PLACED
          28
        
      
      Auction Ends:  31 Dec 2018.  11:58
      
      Time Remaining: 3 : 38 : 51
    
    
      
        BID NOW
          
        
        
          
            To place a bid you must
            
          
          
            Sign in
            OR
            register
          
        
        
      
    
    
    
    
    
    
    
  
            
          
        
      
    ' or . = '
      
        
          
            
              
                
                  
                    
                  
                  
                
                
              Exit VR
              
              

                  
                  
                  
           
                  
                  
                      
                          
                        
                        
                            
                          
                          
                            
                              
                    
                    
                    
                  
                  
              
                
              
              
            
            
              234 sqm
              4
              3
              
              
                  
                      
                    
                    
                        
                    


              
            
          

          
              

    
      
      Burj Khalifa, 3214, Dubai main road
      PROPERTY ID: 51556
    
    
      AUCTION OPEN PRICE:
      AED: 0
    
    
      
        
          CURRENT BID AED
          6,315,000
        
        
          BIDS PLACED
          28
        
      
      Auction Ends:  31 Dec 2018.  11:58
      
      Time Remaining: 3 : 38 : 51
    
    
      
        BID NOW
          
        
        
          
            To place a bid you must
            
          
          
            Sign in
            OR
            register
          
        
        
      
    
    
    
    
    
    
    
  
            
          
        
      
    ')]' not found)
[[ATTACHMENT|C:\\Users\\HP\\Katalon Studio\\links\\Reports\\Chiragh links\\20190103_123143\\1546500920007.png]]

2019-01-03 12:35:20 - [MESSAGE][FAILED] - verifyElementPresent(findTestObject("Object Repository/view property/Page_Chiragh/div_Exit VR"), 3) FAILED.
Reason:
com.kms.katalon.core.exception.StepFailedException: Unable to verify object 'Object Repository/view property/Page_Chiragh/div_Exit VR' is present (Root cause: com.kms.katalon.core.exception.StepFailedException: com.kms.katalon.core.webui.exception.WebElementNotFoundException: Web element with id: 'Object Repository/view property/Page_Chiragh/div_Exit VR' located by 'By.xpath: //div[(text() = '
      
        
          
            
              
                
                  
                    
                  
                  
                
                
              Exit VR
              
              

                  
                  
                  
           
                  
                  
                      
                          
                        
                        
                            
                          
                          
                            
                              
                    
                    
                    
                  
                  
              
                
              
              
            
            
              234 sqm
              4
              3
              
              
                  
                      
                    
                    
                        
                    


              
            
          

          
              

    
      
      Burj Khalifa, 3214, Dubai main road
      PROPERTY ID: 51556
    
    
      AUCTION OPEN PRICE:
      AED: 0
    
    
      
        
          CURRENT BID AED
          6,315,000
        
        
          BIDS PLACED
          28
        
      
      Auction Ends:  31 Dec 2018.  11:58
      
      Time Remaining: 3 : 38 : 51
    
    
      
        BID NOW
          
        
        
          
            To place a bid you must
            
          
          
            Sign in
            OR
            register
          
        
        
      
    
    
    
    
    
    
    
  
            
          
        
      
    ' or . = '
      
        
          
            
              
                
                  
                    
                  
                  
                
                
              Exit VR
              
              

                  
                  
                  
           
                  
                  
                      
                          
                        
                        
                            
                          
                          
                            
                              
                    
                    
                    
                  
                  
              
                
              
              
            
            
              234 sqm
              4
              3
              
              
                  
                      
                    
                    
                        
                    


              
            
          

          
              

    
      
      Burj Khalifa, 3214, Dubai main road
      PROPERTY ID: 51556
    
    
      AUCTION OPEN PRICE:
      AED: 0
    
    
      
        
          CURRENT BID AED
          6,315,000
        
        
          BIDS PLACED
          28
        
      
      Auction Ends:  31 Dec 2018.  11:58
      
      Time Remaining: 3 : 38 : 51
    
    
      
        BID NOW
          
        
        
          
            To place a bid you must
            
          
          
            Sign in
            OR
            register
          
        
        
      
    
    
    
    
    
    
    
  
            
          
        
      
    ')]' not found)
	at com.kms.katalon.core.keyword.internal.KeywordMain.stepFailed(KeywordMain.groovy:36)
	at com.kms.katalon.core.webui.keyword.internal.WebUIKeywordMain.stepFailed(WebUIKeywordMain.groovy:65)
	at com.kms.katalon.core.webui.keyword.internal.WebUIKeywordMain.runKeyword(WebUIKeywordMain.groovy:27)
	at com.kms.katalon.core.webui.keyword.builtin.VerifyElementPresentKeyword.verifyElementPresent(VerifyElementPresentKeyword.groovy:92)
	at com.kms.katalon.core.webui.keyword.builtin.VerifyElementPresentKeyword.execute(VerifyElementPresentKeyword.groovy:68)
	at com.kms.katalon.core.keyword.internal.KeywordExecutor.executeKeywordForPlatform(KeywordExecutor.groovy:53)
	at com.kms.katalon.core.webui.keyword.WebUiBuiltInKeywords.verifyElementPresent(WebUiBuiltInKeywords.groovy:1434)
	at com.kms.katalon.core.webui.keyword.WebUiBuiltInKeywords$verifyElementPresent$3.call(Unknown Source)
	at view property.run(view property:28)
	at com.kms.katalon.core.main.ScriptEngine.run(ScriptEngine.java:194)
	at com.kms.katalon.core.main.ScriptEngine.runScriptAsRawText(ScriptEngine.java:119)
	at com.kms.katalon.core.main.TestCaseExecutor.runScript(TestCaseExecutor.java:328)
	at com.kms.katalon.core.main.TestCaseExecutor.doExecute(TestCaseExecutor.java:319)
	at com.kms.katalon.core.main.TestCaseExecutor.processExecutionPhase(TestCaseExecutor.java:298)
	at com.kms.katalon.core.main.TestCaseExecutor.accessMainPhase(TestCaseExecutor.java:290)
	at com.kms.katalon.core.main.TestCaseExecutor.execute(TestCaseExecutor.java:224)
	at com.kms.katalon.core.main.TestSuiteExecutor.accessTestCaseMainPhase(TestSuiteExecutor.java:129)
	at com.kms.katalon.core.main.TestSuiteExecutor.accessTestSuiteMainPhase(TestSuiteExecutor.java:112)
	at com.kms.katalon.core.main.TestSuiteExecutor.execute(TestSuiteExecutor.java:81)
	at com.kms.katalon.core.main.TestCaseMain.startTestSuite(TestCaseMain.java:149)
	at com.kms.katalon.core.main.TestCaseMain$startTestSuite$0.call(Unknown Source)
	at TempTestSuite1546500703440.run(TempTestSuite1546500703440.groovy:36)


2019-01-03 12:35:20 - [TEST_STEP][PASSED] - Start listener action : sampleAfterTestCase: null

2019-01-03 12:35:20 - [TEST_STEP][PASSED] - println(testCaseContext.getTestCaseId()): null

2019-01-03 12:35:20 - [TEST_STEP][PASSED] - println(testCaseContext.getTestCaseStatus()): null]]></system-out>
         <system-err><![CDATA[2019-01-03 12:34:55 - [TEST_CASE][FAILED] - Test Cases/home page/view property: Test Cases/home page/view property FAILED.
Reason:
com.kms.katalon.core.exception.StepFailedException: Unable to verify object 'Object Repository/view property/Page_Chiragh/div_Exit VR' is present (Root cause: com.kms.katalon.core.exception.StepFailedException: com.kms.katalon.core.webui.exception.WebElementNotFoundException: Web element with id: 'Object Repository/view property/Page_Chiragh/div_Exit VR' located by 'By.xpath: //div[(text() = '
      
        
          
            
              
                
                  
                    
                  
                  
                
                
              Exit VR
              
              

                  
                  
                  
           
                  
                  
                      
                          
                        
                        
                            
                          
                          
                            
                              
                    
                    
                    
                  
                  
              
                
              
              
            
            
              234 sqm
              4
              3
              
              
                  
                      
                    
                    
                        
                    


              
            
          

          
              

    
      
      Burj Khalifa, 3214, Dubai main road
      PROPERTY ID: 51556
    
    
      AUCTION OPEN PRICE:
      AED: 0
    
    
      
        
          CURRENT BID AED
          6,315,000
        
        
          BIDS PLACED
          28
        
      
      Auction Ends:  31 Dec 2018.  11:58
      
      Time Remaining: 3 : 38 : 51
    
    
      
        BID NOW
          
        
        
          
            To place a bid you must
            
          
          
            Sign in
            OR
            register
          
        
        
      
    
    
    
    
    
    
    
  
            
          
        
      
    ' or . = '
      
        
          
            
              
                
                  
                    
                  
                  
                
                
              Exit VR
              
              

                  
                  
                  
           
                  
                  
                      
                          
                        
                        
                            
                          
                          
                            
                              
                    
                    
                    
                  
                  
              
                
              
              
            
            
              234 sqm
              4
              3
              
              
                  
                      
                    
                    
                        
                    


              
            
          

          
              

    
      
      Burj Khalifa, 3214, Dubai main road
      PROPERTY ID: 51556
    
    
      AUCTION OPEN PRICE:
      AED: 0
    
    
      
        
          CURRENT BID AED
          6,315,000
        
        
          BIDS PLACED
          28
        
      
      Auction Ends:  31 Dec 2018.  11:58
      
      Time Remaining: 3 : 38 : 51
    
    
      
        BID NOW
          
        
        
          
            To place a bid you must
            
          
          
            Sign in
            OR
            register
          
        
        
      
    
    
    
    
    
    
    
  
            
          
        
      
    ')]' not found)
	at com.kms.katalon.core.keyword.internal.KeywordMain.stepFailed(KeywordMain.groovy:36)
	at com.kms.katalon.core.webui.keyword.internal.WebUIKeywordMain.stepFailed(WebUIKeywordMain.groovy:65)
	at com.kms.katalon.core.webui.keyword.internal.WebUIKeywordMain.runKeyword(WebUIKeywordMain.groovy:27)
	at com.kms.katalon.core.webui.keyword.builtin.VerifyElementPresentKeyword.verifyElementPresent(VerifyElementPresentKeyword.groovy:92)
	at com.kms.katalon.core.webui.keyword.builtin.VerifyElementPresentKeyword.execute(VerifyElementPresentKeyword.groovy:68)
	at com.kms.katalon.core.keyword.internal.KeywordExecutor.executeKeywordForPlatform(KeywordExecutor.groovy:53)
	at com.kms.katalon.core.webui.keyword.WebUiBuiltInKeywords.verifyElementPresent(WebUiBuiltInKeywords.groovy:1434)
	at com.kms.katalon.core.webui.keyword.WebUiBuiltInKeywords$verifyElementPresent$3.call(Unknown Source)
	at view property.run(view property:28)
	at com.kms.katalon.core.main.ScriptEngine.run(ScriptEngine.java:194)
	at com.kms.katalon.core.main.ScriptEngine.runScriptAsRawText(ScriptEngine.java:119)
	at com.kms.katalon.core.main.TestCaseExecutor.runScript(TestCaseExecutor.java:328)
	at com.kms.katalon.core.main.TestCaseExecutor.doExecute(TestCaseExecutor.java:319)
	at com.kms.katalon.core.main.TestCaseExecutor.processExecutionPhase(TestCaseExecutor.java:298)
	at com.kms.katalon.core.main.TestCaseExecutor.accessMainPhase(TestCaseExecutor.java:290)
	at com.kms.katalon.core.main.TestCaseExecutor.execute(TestCaseExecutor.java:224)
	at com.kms.katalon.core.main.TestSuiteExecutor.accessTestCaseMainPhase(TestSuiteExecutor.java:129)
	at com.kms.katalon.core.main.TestSuiteExecutor.accessTestSuiteMainPhase(TestSuiteExecutor.java:112)
	at com.kms.katalon.core.main.TestSuiteExecutor.execute(TestSuiteExecutor.java:81)
	at com.kms.katalon.core.main.TestCaseMain.startTestSuite(TestCaseMain.java:149)
	at com.kms.katalon.core.main.TestCaseMain$startTestSuite$0.call(Unknown Source)
	at TempTestSuite1546500703440.run(TempTestSuite1546500703440.groovy:36)]]></system-err>
      </testcase>
      <testcase name="Test Cases/header/about us" classname="Test Cases/header/about us" status="PASSED">
         <system-out><![CDATA[2019-01-03 12:35:20 - [TEST_CASE][PASSED] - Test Cases/header/about us: Test Cases/header/about us

2019-01-03 12:35:21 - [TEST_STEP][PASSED] - openBrowser(""): Browser is opened with url: ''

2019-01-03 12:35:21 - [MESSAGE][WARNING] - A browser is already opened. Closing browser and opening a new one

2019-01-03 12:35:22 - [MESSAGE][INFO] - Starting 'Chrome' driver

2019-01-03 12:35:24 - [MESSAGE][PASSED] - Browser is opened with url: ''

2019-01-03 12:35:24 - [TEST_STEP][PASSED] - navigateToUrl(Url): Navigate to 'http://demo.chiragh.com/' successfully

2019-01-03 12:35:33 - [MESSAGE][PASSED] - Navigate to 'http://demo.chiragh.com/' successfully

2019-01-03 12:35:33 - [TEST_STEP][PASSED] - maximizeWindow(): Current window maximized

2019-01-03 12:35:34 - [MESSAGE][PASSED] - Current window maximized

2019-01-03 12:35:34 - [TEST_STEP][PASSED] - delay(3): Delayed 3 second(s)

2019-01-03 12:35:37 - [MESSAGE][PASSED] - Delayed 3 second(s)

2019-01-03 12:35:37 - [TEST_STEP][PASSED] - click(findTestObject("Object Repository/about us/Page_Chiragh/a_About Us(current)")): Object: 'Object Repository/about us/Page_Chiragh/a_About Us(current)' is clicked on

2019-01-03 12:35:37 - [MESSAGE][PASSED] - Object: 'Object Repository/about us/Page_Chiragh/a_About Us(current)' is clicked on

2019-01-03 12:35:37 - [TEST_STEP][PASSED] - delay(3): Delayed 3 second(s)

2019-01-03 12:35:40 - [MESSAGE][PASSED] - Delayed 3 second(s)

2019-01-03 12:35:40 - [TEST_STEP][PASSED] - verifyElementPresent(findTestObject("Object Repository/about us/Page_Chiragh/div_MISSION STATEMENT"), 5): Object 'Object Repository/about us/Page_Chiragh/div_MISSION STATEMENT' is present

2019-01-03 12:35:41 - [MESSAGE][PASSED] - Object 'Object Repository/about us/Page_Chiragh/div_MISSION STATEMENT' is present

2019-01-03 12:35:41 - [TEST_STEP][PASSED] - closeBrowser(): Browser is closed

2019-01-03 12:35:41 - [MESSAGE][PASSED] - Browser is closed

2019-01-03 12:35:41 - [TEST_STEP][PASSED] - Start listener action : sampleAfterTestCase: null

2019-01-03 12:35:41 - [TEST_STEP][PASSED] - println(testCaseContext.getTestCaseId()): null

2019-01-03 12:35:41 - [TEST_STEP][PASSED] - println(testCaseContext.getTestCaseStatus()): null]]></system-out>
         <system-err><![CDATA[]]></system-err>
      </testcase>
      <testcase name="Test Cases/header/Buy" classname="Test Cases/header/Buy" status="PASSED">
         <system-out><![CDATA[2019-01-03 12:35:41 - [TEST_CASE][PASSED] - Test Cases/header/Buy: Test Cases/header/Buy

2019-01-03 12:35:42 - [TEST_STEP][PASSED] - openBrowser(""): Browser is opened with url: ''

2019-01-03 12:35:42 - [MESSAGE][INFO] - Starting 'Chrome' driver

2019-01-03 12:35:44 - [MESSAGE][PASSED] - Browser is opened with url: ''

2019-01-03 12:35:44 - [TEST_STEP][PASSED] - navigateToUrl(Url): Navigate to 'http://demo.chiragh.com/' successfully

2019-01-03 12:35:53 - [MESSAGE][PASSED] - Navigate to 'http://demo.chiragh.com/' successfully

2019-01-03 12:35:53 - [TEST_STEP][PASSED] - maximizeWindow(): Current window maximized

2019-01-03 12:35:54 - [MESSAGE][PASSED] - Current window maximized

2019-01-03 12:35:54 - [TEST_STEP][PASSED] - delay(3): Delayed 3 second(s)

2019-01-03 12:35:57 - [MESSAGE][PASSED] - Delayed 3 second(s)

2019-01-03 12:35:57 - [TEST_STEP][PASSED] - click(findTestObject("buy/Page_Chiragh/a_Buy")): Object: 'Object Repository/buy/Page_Chiragh/a_Buy' is clicked on

2019-01-03 12:35:57 - [MESSAGE][PASSED] - Object: 'Object Repository/buy/Page_Chiragh/a_Buy' is clicked on

2019-01-03 12:35:57 - [TEST_STEP][PASSED] - delay(3): Delayed 3 second(s)

2019-01-03 12:36:00 - [MESSAGE][PASSED] - Delayed 3 second(s)

2019-01-03 12:36:00 - [TEST_STEP][PASSED] - verifyElementPresent(findTestObject("buy/new/Page_Chiragh/div_Current Auctions        Ac"), 5): Object 'Object Repository/buy/new/Page_Chiragh/div_Current Auctions        Ac' is present

2019-01-03 12:36:00 - [MESSAGE][PASSED] - Object 'Object Repository/buy/new/Page_Chiragh/div_Current Auctions        Ac' is present

2019-01-03 12:36:00 - [TEST_STEP][PASSED] - closeBrowser(): Browser is closed

2019-01-03 12:36:01 - [MESSAGE][PASSED] - Browser is closed

2019-01-03 12:36:01 - [TEST_STEP][PASSED] - Start listener action : sampleAfterTestCase: null

2019-01-03 12:36:01 - [TEST_STEP][PASSED] - println(testCaseContext.getTestCaseId()): null

2019-01-03 12:36:01 - [TEST_STEP][PASSED] - println(testCaseContext.getTestCaseStatus()): null]]></system-out>
         <system-err><![CDATA[]]></system-err>
      </testcase>
      <testcase name="Test Cases/header/FAQS" classname="Test Cases/header/FAQS" status="PASSED">
         <system-out><![CDATA[2019-01-03 12:36:01 - [TEST_CASE][PASSED] - Test Cases/header/FAQS: Test Cases/header/FAQS

2019-01-03 12:36:01 - [TEST_STEP][PASSED] - openBrowser(""): Browser is opened with url: ''

2019-01-03 12:36:01 - [MESSAGE][INFO] - Starting 'Chrome' driver

2019-01-03 12:36:04 - [MESSAGE][PASSED] - Browser is opened with url: ''

2019-01-03 12:36:04 - [TEST_STEP][PASSED] - navigateToUrl(Url): Navigate to 'http://demo.chiragh.com/' successfully

2019-01-03 12:36:12 - [MESSAGE][PASSED] - Navigate to 'http://demo.chiragh.com/' successfully

2019-01-03 12:36:12 - [TEST_STEP][PASSED] - maximizeWindow(): Current window maximized

2019-01-03 12:36:13 - [MESSAGE][PASSED] - Current window maximized

2019-01-03 12:36:13 - [TEST_STEP][PASSED] - delay(3): Delayed 3 second(s)

2019-01-03 12:36:16 - [MESSAGE][PASSED] - Delayed 3 second(s)

2019-01-03 12:36:16 - [TEST_STEP][PASSED] - click(findTestObject("Object Repository/FAQS/Page_Chiragh/a_FAQs")): Object: 'Object Repository/FAQS/Page_Chiragh/a_FAQs' is clicked on

2019-01-03 12:36:16 - [MESSAGE][PASSED] - Object: 'Object Repository/FAQS/Page_Chiragh/a_FAQs' is clicked on

2019-01-03 12:36:16 - [TEST_STEP][PASSED] - delay(3): Delayed 3 second(s)

2019-01-03 12:36:19 - [MESSAGE][PASSED] - Delayed 3 second(s)

2019-01-03 12:36:19 - [TEST_STEP][PASSED] - verifyElementPresent(findTestObject("Object Repository/FAQS/Page_Chiragh/div_Frequently Asked Questions"), 3): Object 'Object Repository/FAQS/Page_Chiragh/div_Frequently Asked Questions' is present

2019-01-03 12:36:19 - [MESSAGE][PASSED] - Object 'Object Repository/FAQS/Page_Chiragh/div_Frequently Asked Questions' is present

2019-01-03 12:36:19 - [TEST_STEP][PASSED] - closeBrowser(): Browser is closed

2019-01-03 12:36:20 - [MESSAGE][PASSED] - Browser is closed

2019-01-03 12:36:20 - [TEST_STEP][PASSED] - Start listener action : sampleAfterTestCase: null

2019-01-03 12:36:20 - [TEST_STEP][PASSED] - println(testCaseContext.getTestCaseId()): null

2019-01-03 12:36:20 - [TEST_STEP][PASSED] - println(testCaseContext.getTestCaseStatus()): null]]></system-out>
         <system-err><![CDATA[]]></system-err>
      </testcase>
      <testcase name="Test Cases/header/How it Works" classname="Test Cases/header/How it Works" status="PASSED">
         <system-out><![CDATA[2019-01-03 12:36:20 - [TEST_CASE][PASSED] - Test Cases/header/How it Works: Test Cases/header/How it Works

2019-01-03 12:36:21 - [TEST_STEP][PASSED] - openBrowser(""): Browser is opened with url: ''

2019-01-03 12:36:21 - [MESSAGE][INFO] - Starting 'Chrome' driver

2019-01-03 12:36:23 - [MESSAGE][PASSED] - Browser is opened with url: ''

2019-01-03 12:36:23 - [TEST_STEP][PASSED] - navigateToUrl(Url): Navigate to 'http://demo.chiragh.com/' successfully

2019-01-03 12:36:39 - [MESSAGE][PASSED] - Navigate to 'http://demo.chiragh.com/' successfully

2019-01-03 12:36:39 - [TEST_STEP][PASSED] - maximizeWindow(): Current window maximized

2019-01-03 12:36:40 - [MESSAGE][PASSED] - Current window maximized

2019-01-03 12:36:40 - [TEST_STEP][PASSED] - delay(3): Delayed 3 second(s)

2019-01-03 12:36:43 - [MESSAGE][PASSED] - Delayed 3 second(s)

2019-01-03 12:36:43 - [TEST_STEP][PASSED] - click(findTestObject("Object Repository/How it Works/Page_Chiragh/a_How it Works")): Object: 'Object Repository/How it Works/Page_Chiragh/a_How it Works' is clicked on

2019-01-03 12:36:43 - [MESSAGE][PASSED] - Object: 'Object Repository/How it Works/Page_Chiragh/a_How it Works' is clicked on

2019-01-03 12:36:43 - [TEST_STEP][PASSED] - delay(3): Delayed 3 second(s)

2019-01-03 12:36:46 - [MESSAGE][PASSED] - Delayed 3 second(s)

2019-01-03 12:36:46 - [TEST_STEP][PASSED] - verifyElementPresent(findTestObject("Object Repository/How it Works/Page_Chiragh/div_Seller  Buyer Process"), 5): Object 'Object Repository/How it Works/Page_Chiragh/div_Seller  Buyer Process' is present

2019-01-03 12:36:46 - [MESSAGE][PASSED] - Object 'Object Repository/How it Works/Page_Chiragh/div_Seller  Buyer Process' is present

2019-01-03 12:36:46 - [TEST_STEP][PASSED] - closeBrowser(): Browser is closed

2019-01-03 12:36:47 - [MESSAGE][PASSED] - Browser is closed

2019-01-03 12:36:47 - [TEST_STEP][PASSED] - Start listener action : sampleAfterTestCase: null

2019-01-03 12:36:47 - [TEST_STEP][PASSED] - println(testCaseContext.getTestCaseId()): null

2019-01-03 12:36:47 - [TEST_STEP][PASSED] - println(testCaseContext.getTestCaseStatus()): null]]></system-out>
         <system-err><![CDATA[]]></system-err>
      </testcase>
      <testcase name="Test Cases/header/repurchase" classname="Test Cases/header/repurchase" status="PASSED">
         <system-out><![CDATA[2019-01-03 12:36:47 - [TEST_CASE][PASSED] - Test Cases/header/repurchase: Test Cases/header/repurchase

2019-01-03 12:36:47 - [TEST_STEP][PASSED] - openBrowser(""): Browser is opened with url: ''

2019-01-03 12:36:47 - [MESSAGE][INFO] - Starting 'Chrome' driver

2019-01-03 12:36:50 - [MESSAGE][PASSED] - Browser is opened with url: ''

2019-01-03 12:36:50 - [TEST_STEP][PASSED] - navigateToUrl(Url): Navigate to 'http://demo.chiragh.com/' successfully

2019-01-03 12:37:03 - [MESSAGE][PASSED] - Navigate to 'http://demo.chiragh.com/' successfully

2019-01-03 12:37:03 - [TEST_STEP][PASSED] - maximizeWindow(): Current window maximized

2019-01-03 12:37:04 - [MESSAGE][PASSED] - Current window maximized

2019-01-03 12:37:04 - [TEST_STEP][PASSED] - delay(3): Delayed 3 second(s)

2019-01-03 12:37:07 - [MESSAGE][PASSED] - Delayed 3 second(s)

2019-01-03 12:37:07 - [TEST_STEP][PASSED] - click(findTestObject("Object Repository/repurchase/Page_Chiragh/a_Repurchase")): Object: 'Object Repository/repurchase/Page_Chiragh/a_Repurchase' is clicked on

2019-01-03 12:37:07 - [MESSAGE][PASSED] - Object: 'Object Repository/repurchase/Page_Chiragh/a_Repurchase' is clicked on

2019-01-03 12:37:07 - [TEST_STEP][PASSED] - delay(3): Delayed 3 second(s)

2019-01-03 12:37:10 - [MESSAGE][PASSED] - Delayed 3 second(s)

2019-01-03 12:37:10 - [TEST_STEP][PASSED] - verifyElementPresent(findTestObject("Object Repository/repurchase/Page_Chiragh/div_BUY BACK OR REPURCHASE AGR"), 5): Object 'Object Repository/repurchase/Page_Chiragh/div_BUY BACK OR REPURCHASE AGR' is present

2019-01-03 12:37:10 - [MESSAGE][PASSED] - Object 'Object Repository/repurchase/Page_Chiragh/div_BUY BACK OR REPURCHASE AGR' is present

2019-01-03 12:37:10 - [TEST_STEP][PASSED] - closeBrowser(): Browser is closed

2019-01-03 12:37:11 - [MESSAGE][PASSED] - Browser is closed

2019-01-03 12:37:11 - [TEST_STEP][PASSED] - Start listener action : sampleAfterTestCase: null

2019-01-03 12:37:11 - [TEST_STEP][PASSED] - println(testCaseContext.getTestCaseId()): null

2019-01-03 12:37:11 - [TEST_STEP][PASSED] - println(testCaseContext.getTestCaseStatus()): null]]></system-out>
         <system-err><![CDATA[]]></system-err>
      </testcase>
      <testcase name="Test Cases/header/resources" classname="Test Cases/header/resources" status="PASSED">
         <system-out><![CDATA[2019-01-03 12:37:11 - [TEST_CASE][PASSED] - Test Cases/header/resources: Test Cases/header/resources

2019-01-03 12:37:12 - [TEST_STEP][PASSED] - openBrowser(""): Browser is opened with url: ''

2019-01-03 12:37:12 - [MESSAGE][INFO] - Starting 'Chrome' driver

2019-01-03 12:37:14 - [MESSAGE][PASSED] - Browser is opened with url: ''

2019-01-03 12:37:14 - [TEST_STEP][PASSED] - navigateToUrl(Url): Navigate to 'http://demo.chiragh.com/' successfully

2019-01-03 12:37:23 - [MESSAGE][PASSED] - Navigate to 'http://demo.chiragh.com/' successfully

2019-01-03 12:37:23 - [TEST_STEP][PASSED] - maximizeWindow(): Current window maximized

2019-01-03 12:37:24 - [MESSAGE][PASSED] - Current window maximized

2019-01-03 12:37:24 - [TEST_STEP][PASSED] - delay(3): Delayed 3 second(s)

2019-01-03 12:37:27 - [MESSAGE][PASSED] - Delayed 3 second(s)

2019-01-03 12:37:27 - [TEST_STEP][PASSED] - click(findTestObject("Object Repository/RESOURCES/Page_Chiragh/a_Resources")): Object: 'Object Repository/RESOURCES/Page_Chiragh/a_Resources' is clicked on

2019-01-03 12:37:28 - [MESSAGE][PASSED] - Object: 'Object Repository/RESOURCES/Page_Chiragh/a_Resources' is clicked on

2019-01-03 12:37:28 - [TEST_STEP][PASSED] - delay(3): Delayed 3 second(s)

2019-01-03 12:37:31 - [MESSAGE][PASSED] - Delayed 3 second(s)

2019-01-03 12:37:31 - [TEST_STEP][PASSED] - verifyElementPresent(findTestObject("Object Repository/RESOURCES/Page_Chiragh/div_Resources"), 3): Object 'Object Repository/RESOURCES/Page_Chiragh/div_Resources' is present

2019-01-03 12:37:31 - [MESSAGE][PASSED] - Object 'Object Repository/RESOURCES/Page_Chiragh/div_Resources' is present

2019-01-03 12:37:31 - [TEST_STEP][PASSED] - closeBrowser(): Browser is closed

2019-01-03 12:37:32 - [MESSAGE][PASSED] - Browser is closed

2019-01-03 12:37:32 - [TEST_STEP][PASSED] - Start listener action : sampleAfterTestCase: null

2019-01-03 12:37:32 - [TEST_STEP][PASSED] - println(testCaseContext.getTestCaseId()): null

2019-01-03 12:37:32 - [TEST_STEP][PASSED] - println(testCaseContext.getTestCaseStatus()): null]]></system-out>
         <system-err><![CDATA[]]></system-err>
      </testcase>
      <testcase name="Test Cases/header/Sell" classname="Test Cases/header/Sell" status="PASSED">
         <system-out><![CDATA[2019-01-03 12:37:32 - [TEST_CASE][PASSED] - Test Cases/header/Sell: Test Cases/header/Sell

2019-01-03 12:37:32 - [TEST_STEP][PASSED] - openBrowser(""): Browser is opened with url: ''

2019-01-03 12:37:32 - [MESSAGE][INFO] - Starting 'Chrome' driver

2019-01-03 12:37:34 - [MESSAGE][PASSED] - Browser is opened with url: ''

2019-01-03 12:37:34 - [TEST_STEP][PASSED] - navigateToUrl(Url): Navigate to 'http://demo.chiragh.com/' successfully

2019-01-03 12:37:44 - [MESSAGE][PASSED] - Navigate to 'http://demo.chiragh.com/' successfully

2019-01-03 12:37:44 - [TEST_STEP][PASSED] - maximizeWindow(): Current window maximized

2019-01-03 12:37:45 - [MESSAGE][PASSED] - Current window maximized

2019-01-03 12:37:45 - [TEST_STEP][PASSED] - delay(3): Delayed 3 second(s)

2019-01-03 12:37:48 - [MESSAGE][PASSED] - Delayed 3 second(s)

2019-01-03 12:37:48 - [TEST_STEP][PASSED] - click(findTestObject("Object Repository/sell/Page_Chiragh/Page_Chiragh/a_Sell")): Object: 'Object Repository/sell/Page_Chiragh/Page_Chiragh/a_Sell' is clicked on

2019-01-03 12:37:48 - [MESSAGE][PASSED] - Object: 'Object Repository/sell/Page_Chiragh/Page_Chiragh/a_Sell' is clicked on

2019-01-03 12:37:48 - [TEST_STEP][PASSED] - delay(3): Delayed 3 second(s)

2019-01-03 12:37:51 - [MESSAGE][PASSED] - Delayed 3 second(s)

2019-01-03 12:37:51 - [TEST_STEP][PASSED] - if (verifyElementPresent(findTestObject("sell/Page_Chiragh/Page_Chiragh/form_Sign In"), 3) == true): Object 'Object Repository/sell/Page_Chiragh/Page_Chiragh/form_Owner Details' is present

2019-01-03 12:37:51 - [MESSAGE][PASSED] - Object 'Object Repository/sell/Page_Chiragh/Page_Chiragh/form_Sign In' is present

2019-01-03 12:37:51 - [TEST_STEP][PASSED] - setText(findTestObject("sell/Page_Chiragh/input_Sign In_userName"), userName): Text 'newuser11' is set on object 'Object Repository/sell/Page_Chiragh/input_Sign In_userName'

2019-01-03 12:37:52 - [MESSAGE][PASSED] - Text 'newuser11' is set on object 'Object Repository/sell/Page_Chiragh/input_Sign In_userName'

2019-01-03 12:37:52 - [TEST_STEP][PASSED] - setText(findTestObject("sell/Page_Chiragh/input_Sign In_userPassword"), userPassword): Text '12345678' is set on object 'Object Repository/sell/Page_Chiragh/input_Sign In_userPassword'

2019-01-03 12:37:52 - [MESSAGE][PASSED] - Text '12345678' is set on object 'Object Repository/sell/Page_Chiragh/input_Sign In_userPassword'

2019-01-03 12:37:52 - [TEST_STEP][PASSED] - click(findTestObject("Page_Chiragh/button_Sign In")): Object: 'Object Repository/Page_Chiragh/button_Sign In' is clicked on

2019-01-03 12:37:52 - [MESSAGE][PASSED] - Object: 'Object Repository/Page_Chiragh/button_Sign In' is clicked on

2019-01-03 12:37:52 - [TEST_STEP][PASSED] - delay(3): Delayed 3 second(s)

2019-01-03 12:37:55 - [MESSAGE][PASSED] - Delayed 3 second(s)

2019-01-03 12:37:55 - [TEST_STEP][PASSED] - verifyElementPresent(findTestObject("sell/Page_Chiragh/Page_Chiragh/form_Owner Details"), 3): Object 'Object Repository/sell/Page_Chiragh/Page_Chiragh/form_Owner Details' is present

2019-01-03 12:37:55 - [MESSAGE][PASSED] - Object 'Object Repository/sell/Page_Chiragh/Page_Chiragh/form_Owner Details' is present

2019-01-03 12:37:55 - [TEST_STEP][PASSED] - closeBrowser(): Browser is closed

2019-01-03 12:37:56 - [MESSAGE][PASSED] - Browser is closed

2019-01-03 12:37:56 - [TEST_STEP][PASSED] - Start listener action : sampleAfterTestCase: null

2019-01-03 12:37:56 - [TEST_STEP][PASSED] - println(testCaseContext.getTestCaseId()): null

2019-01-03 12:37:56 - [TEST_STEP][PASSED] - println(testCaseContext.getTestCaseStatus()): null]]></system-out>
         <system-err><![CDATA[]]></system-err>
      </testcase>
      <testcase name="Test Cases/footer/Buy a property" classname="Test Cases/footer/Buy a property" status="PASSED">
         <system-out><![CDATA[2019-01-03 12:37:56 - [TEST_CASE][PASSED] - Test Cases/footer/Buy a property: Test Cases/footer/Buy a property

2019-01-03 12:37:56 - [TEST_STEP][PASSED] - openBrowser(""): Browser is opened with url: ''

2019-01-03 12:37:56 - [MESSAGE][INFO] - Starting 'Chrome' driver

2019-01-03 12:37:59 - [MESSAGE][PASSED] - Browser is opened with url: ''

2019-01-03 12:37:59 - [TEST_STEP][PASSED] - navigateToUrl(Url): Navigate to 'http://demo.chiragh.com/' successfully

2019-01-03 12:38:11 - [MESSAGE][PASSED] - Navigate to 'http://demo.chiragh.com/' successfully

2019-01-03 12:38:11 - [TEST_STEP][PASSED] - maximizeWindow(): Current window maximized

2019-01-03 12:38:12 - [MESSAGE][PASSED] - Current window maximized

2019-01-03 12:38:12 - [TEST_STEP][PASSED] - delay(5): Delayed 5 second(s)

2019-01-03 12:38:17 - [MESSAGE][PASSED] - Delayed 5 second(s)

2019-01-03 12:38:17 - [TEST_STEP][PASSED] - click(findTestObject("Object Repository/Buy a property/Page_Chiragh/a_-Buy a property")): Object: 'Object Repository/Buy a property/Page_Chiragh/a_-Buy a property' is clicked on

2019-01-03 12:38:17 - [MESSAGE][PASSED] - Object: 'Object Repository/Buy a property/Page_Chiragh/a_-Buy a property' is clicked on

2019-01-03 12:38:17 - [TEST_STEP][PASSED] - delay(5): Delayed 5 second(s)

2019-01-03 12:38:22 - [MESSAGE][PASSED] - Delayed 5 second(s)

2019-01-03 12:38:22 - [TEST_STEP][PASSED] - verifyElementPresent(findTestObject("Buy a property/new/Page_Chiragh/div_Current Auctions        Ac"), 3): Object 'Object Repository/Buy a property/new/Page_Chiragh/div_Current Auctions        Ac' is present

2019-01-03 12:38:22 - [MESSAGE][PASSED] - Object 'Object Repository/Buy a property/new/Page_Chiragh/div_Current Auctions        Ac' is present

2019-01-03 12:38:22 - [TEST_STEP][PASSED] - closeBrowser(): Browser is closed

2019-01-03 12:38:23 - [MESSAGE][PASSED] - Browser is closed

2019-01-03 12:38:23 - [TEST_STEP][PASSED] - Start listener action : sampleAfterTestCase: null

2019-01-03 12:38:23 - [TEST_STEP][PASSED] - println(testCaseContext.getTestCaseId()): null

2019-01-03 12:38:23 - [TEST_STEP][PASSED] - println(testCaseContext.getTestCaseStatus()): null]]></system-out>
         <system-err><![CDATA[]]></system-err>
      </testcase>
      <testcase name="Test Cases/footer/contact us-footer" classname="Test Cases/footer/contact us-footer" status="PASSED">
         <system-out><![CDATA[2019-01-03 12:38:23 - [TEST_CASE][PASSED] - Test Cases/footer/contact us-footer: Test Cases/footer/contact us-footer

2019-01-03 12:38:23 - [TEST_STEP][PASSED] - openBrowser(""): Browser is opened with url: ''

2019-01-03 12:38:23 - [MESSAGE][INFO] - Starting 'Chrome' driver

2019-01-03 12:38:26 - [MESSAGE][PASSED] - Browser is opened with url: ''

2019-01-03 12:38:26 - [TEST_STEP][PASSED] - navigateToUrl(Url): Navigate to 'http://demo.chiragh.com/' successfully

2019-01-03 12:38:34 - [MESSAGE][PASSED] - Navigate to 'http://demo.chiragh.com/' successfully

2019-01-03 12:38:34 - [TEST_STEP][PASSED] - maximizeWindow(): Current window maximized

2019-01-03 12:38:35 - [MESSAGE][PASSED] - Current window maximized

2019-01-03 12:38:35 - [TEST_STEP][PASSED] - delay(3): Delayed 3 second(s)

2019-01-03 12:38:38 - [MESSAGE][PASSED] - Delayed 3 second(s)

2019-01-03 12:38:38 - [TEST_STEP][PASSED] - click(findTestObject("Object Repository/Contact Us-footer/Page_Chiragh/a_-Contact Us")): Object: 'Object Repository/Contact Us-footer/Page_Chiragh/a_-Contact Us' is clicked on

2019-01-03 12:38:38 - [MESSAGE][PASSED] - Object: 'Object Repository/Contact Us-footer/Page_Chiragh/a_-Contact Us' is clicked on

2019-01-03 12:38:38 - [TEST_STEP][PASSED] - delay(3): Delayed 3 second(s)

2019-01-03 12:38:41 - [MESSAGE][PASSED] - Delayed 3 second(s)

2019-01-03 12:38:41 - [TEST_STEP][PASSED] - verifyElementPresent(findTestObject("Object Repository/Contact Us-footer/Page_Chiragh/div_Headquarter"), 3): Object 'Object Repository/Contact Us-footer/Page_Chiragh/div_Headquarter' is present

2019-01-03 12:38:41 - [MESSAGE][PASSED] - Object 'Object Repository/Contact Us-footer/Page_Chiragh/div_Headquarter' is present

2019-01-03 12:38:41 - [TEST_STEP][PASSED] - closeBrowser(): Browser is closed

2019-01-03 12:38:42 - [MESSAGE][PASSED] - Browser is closed

2019-01-03 12:38:42 - [TEST_STEP][PASSED] - Start listener action : sampleAfterTestCase: null

2019-01-03 12:38:42 - [TEST_STEP][PASSED] - println(testCaseContext.getTestCaseId()): null

2019-01-03 12:38:42 - [TEST_STEP][PASSED] - println(testCaseContext.getTestCaseStatus()): null]]></system-out>
         <system-err><![CDATA[]]></system-err>
      </testcase>
      <testcase name="Test Cases/footer/contact-social links" classname="Test Cases/footer/contact-social links" status="FAILED">
         <failure type="FAILED" message="Test Cases/footer/contact-social links FAILED.
Reason:
com.kms.katalon.core.exception.StepFailedException: Unable to accept alert (Root cause: com.kms.katalon.core.webui.exception.BrowserNotOpenedException: Browser is not opened
Build info: version: '3.7.1', revision: '8a0099a', time: '2017-11-06T21:07:36.161Z'
System info: host: 'DESKTOP-2D7LI1O', ip: '192.168.137.1', os.name: 'Windows 10', os.arch: 'amd64', os.version: '10.0', java.version: '1.8.0_181'
Driver info: driver.version: unknown)
	at com.kms.katalon.core.keyword.internal.KeywordMain.stepFailed(KeywordMain.groovy:36)
	at com.kms.katalon.core.webui.keyword.internal.WebUIKeywordMain.stepFailed(WebUIKeywordMain.groovy:65)
	at com.kms.katalon.core.webui.keyword.internal.WebUIKeywordMain.runKeyword(WebUIKeywordMain.groovy:27)
	at com.kms.katalon.core.webui.keyword.builtin.AcceptAlertKeyword.acceptAlert(AcceptAlertKeyword.groovy:71)
	at com.kms.katalon.core.webui.keyword.builtin.AcceptAlertKeyword.execute(AcceptAlertKeyword.groovy:66)
	at com.kms.katalon.core.keyword.internal.KeywordExecutor.executeKeywordForPlatform(KeywordExecutor.groovy:53)
	at com.kms.katalon.core.webui.keyword.WebUiBuiltInKeywords.acceptAlert(WebUiBuiltInKeywords.groovy:1492)
	at com.kms.katalon.core.webui.keyword.WebUiBuiltInKeywords$acceptAlert$7.call(Unknown Source)
	at contact-social links.run(contact-social links:16)
	at com.kms.katalon.core.main.ScriptEngine.run(ScriptEngine.java:194)
	at com.kms.katalon.core.main.ScriptEngine.runScriptAsRawText(ScriptEngine.java:119)
	at com.kms.katalon.core.main.TestCaseExecutor.runScript(TestCaseExecutor.java:328)
	at com.kms.katalon.core.main.TestCaseExecutor.doExecute(TestCaseExecutor.java:319)
	at com.kms.katalon.core.main.TestCaseExecutor.processExecutionPhase(TestCaseExecutor.java:298)
	at com.kms.katalon.core.main.TestCaseExecutor.accessMainPhase(TestCaseExecutor.java:290)
	at com.kms.katalon.core.main.TestCaseExecutor.execute(TestCaseExecutor.java:224)
	at com.kms.katalon.core.main.TestSuiteExecutor.accessTestCaseMainPhase(TestSuiteExecutor.java:129)
	at com.kms.katalon.core.main.TestSuiteExecutor.accessTestSuiteMainPhase(TestSuiteExecutor.java:112)
	at com.kms.katalon.core.main.TestSuiteExecutor.execute(TestSuiteExecutor.java:81)
	at com.kms.katalon.core.main.TestCaseMain.startTestSuite(TestCaseMain.java:149)
	at com.kms.katalon.core.main.TestCaseMain$startTestSuite$0.call(Unknown Source)
	at TempTestSuite1546500703440.run(TempTestSuite1546500703440.groovy:36)
"/>
         <system-out><![CDATA[2019-01-03 12:38:42 - [TEST_CASE][FAILED] - Test Cases/footer/contact-social links: Test Cases/footer/contact-social links FAILED.
Reason:
com.kms.katalon.core.exception.StepFailedException: Unable to accept alert (Root cause: com.kms.katalon.core.webui.exception.BrowserNotOpenedException: Browser is not opened
Build info: version: '3.7.1', revision: '8a0099a', time: '2017-11-06T21:07:36.161Z'
System info: host: 'DESKTOP-2D7LI1O', ip: '192.168.137.1', os.name: 'Windows 10', os.arch: 'amd64', os.version: '10.0', java.version: '1.8.0_181'
Driver info: driver.version: unknown)
	at com.kms.katalon.core.keyword.internal.KeywordMain.stepFailed(KeywordMain.groovy:36)
	at com.kms.katalon.core.webui.keyword.internal.WebUIKeywordMain.stepFailed(WebUIKeywordMain.groovy:65)
	at com.kms.katalon.core.webui.keyword.internal.WebUIKeywordMain.runKeyword(WebUIKeywordMain.groovy:27)
	at com.kms.katalon.core.webui.keyword.builtin.AcceptAlertKeyword.acceptAlert(AcceptAlertKeyword.groovy:71)
	at com.kms.katalon.core.webui.keyword.builtin.AcceptAlertKeyword.execute(AcceptAlertKeyword.groovy:66)
	at com.kms.katalon.core.keyword.internal.KeywordExecutor.executeKeywordForPlatform(KeywordExecutor.groovy:53)
	at com.kms.katalon.core.webui.keyword.WebUiBuiltInKeywords.acceptAlert(WebUiBuiltInKeywords.groovy:1492)
	at com.kms.katalon.core.webui.keyword.WebUiBuiltInKeywords$acceptAlert$7.call(Unknown Source)
	at contact-social links.run(contact-social links:16)
	at com.kms.katalon.core.main.ScriptEngine.run(ScriptEngine.java:194)
	at com.kms.katalon.core.main.ScriptEngine.runScriptAsRawText(ScriptEngine.java:119)
	at com.kms.katalon.core.main.TestCaseExecutor.runScript(TestCaseExecutor.java:328)
	at com.kms.katalon.core.main.TestCaseExecutor.doExecute(TestCaseExecutor.java:319)
	at com.kms.katalon.core.main.TestCaseExecutor.processExecutionPhase(TestCaseExecutor.java:298)
	at com.kms.katalon.core.main.TestCaseExecutor.accessMainPhase(TestCaseExecutor.java:290)
	at com.kms.katalon.core.main.TestCaseExecutor.execute(TestCaseExecutor.java:224)
	at com.kms.katalon.core.main.TestSuiteExecutor.accessTestCaseMainPhase(TestSuiteExecutor.java:129)
	at com.kms.katalon.core.main.TestSuiteExecutor.accessTestSuiteMainPhase(TestSuiteExecutor.java:112)
	at com.kms.katalon.core.main.TestSuiteExecutor.execute(TestSuiteExecutor.java:81)
	at com.kms.katalon.core.main.TestCaseMain.startTestSuite(TestCaseMain.java:149)
	at com.kms.katalon.core.main.TestCaseMain$startTestSuite$0.call(Unknown Source)
	at TempTestSuite1546500703440.run(TempTestSuite1546500703440.groovy:36)


2019-01-03 12:38:43 - [TEST_STEP][FAILED] - acceptAlert(): acceptAlert() FAILED.
Reason:
com.kms.katalon.core.exception.StepFailedException: Unable to accept alert (Root cause: com.kms.katalon.core.webui.exception.BrowserNotOpenedException: Browser is not opened
Build info: version: '3.7.1', revision: '8a0099a', time: '2017-11-06T21:07:36.161Z'
System info: host: 'DESKTOP-2D7LI1O', ip: '192.168.137.1', os.name: 'Windows 10', os.arch: 'amd64', os.version: '10.0', java.version: '1.8.0_181'
Driver info: driver.version: unknown)
	at com.kms.katalon.core.keyword.internal.KeywordMain.stepFailed(KeywordMain.groovy:36)
	at com.kms.katalon.core.webui.keyword.internal.WebUIKeywordMain.stepFailed(WebUIKeywordMain.groovy:65)
	at com.kms.katalon.core.webui.keyword.internal.WebUIKeywordMain.runKeyword(WebUIKeywordMain.groovy:27)
	at com.kms.katalon.core.webui.keyword.builtin.AcceptAlertKeyword.acceptAlert(AcceptAlertKeyword.groovy:71)
	at com.kms.katalon.core.webui.keyword.builtin.AcceptAlertKeyword.execute(AcceptAlertKeyword.groovy:66)
	at com.kms.katalon.core.keyword.internal.KeywordExecutor.executeKeywordForPlatform(KeywordExecutor.groovy:53)
	at com.kms.katalon.core.webui.keyword.WebUiBuiltInKeywords.acceptAlert(WebUiBuiltInKeywords.groovy:1492)
	at com.kms.katalon.core.webui.keyword.WebUiBuiltInKeywords$acceptAlert$7.call(Unknown Source)
	at contact-social links.run(contact-social links:16)
	at com.kms.katalon.core.main.ScriptEngine.run(ScriptEngine.java:194)
	at com.kms.katalon.core.main.ScriptEngine.runScriptAsRawText(ScriptEngine.java:119)
	at com.kms.katalon.core.main.TestCaseExecutor.runScript(TestCaseExecutor.java:328)
	at com.kms.katalon.core.main.TestCaseExecutor.doExecute(TestCaseExecutor.java:319)
	at com.kms.katalon.core.main.TestCaseExecutor.processExecutionPhase(TestCaseExecutor.java:298)
	at com.kms.katalon.core.main.TestCaseExecutor.accessMainPhase(TestCaseExecutor.java:290)
	at com.kms.katalon.core.main.TestCaseExecutor.execute(TestCaseExecutor.java:224)
	at com.kms.katalon.core.main.TestSuiteExecutor.accessTestCaseMainPhase(TestSuiteExecutor.java:129)
	at com.kms.katalon.core.main.TestSuiteExecutor.accessTestSuiteMainPhase(TestSuiteExecutor.java:112)
	at com.kms.katalon.core.main.TestSuiteExecutor.execute(TestSuiteExecutor.java:81)
	at com.kms.katalon.core.main.TestCaseMain.startTestSuite(TestCaseMain.java:149)
	at com.kms.katalon.core.main.TestCaseMain$startTestSuite$0.call(Unknown Source)
	at TempTestSuite1546500703440.run(TempTestSuite1546500703440.groovy:36)


2019-01-03 12:38:43 - [MESSAGE][WARNING] - Cannot take screenshot

2019-01-03 12:38:43 - [MESSAGE][FAILED] - Unable to accept alert (Root cause: com.kms.katalon.core.webui.exception.BrowserNotOpenedException: Browser is not opened
Build info: version: '3.7.1', revision: '8a0099a', time: '2017-11-06T21:07:36.161Z'
System info: host: 'DESKTOP-2D7LI1O', ip: '192.168.137.1', os.name: 'Windows 10', os.arch: 'amd64', os.version: '10.0', java.version: '1.8.0_181'
Driver info: driver.version: unknown)

2019-01-03 12:38:43 - [MESSAGE][FAILED] - acceptAlert() FAILED.
Reason:
com.kms.katalon.core.exception.StepFailedException: Unable to accept alert (Root cause: com.kms.katalon.core.webui.exception.BrowserNotOpenedException: Browser is not opened
Build info: version: '3.7.1', revision: '8a0099a', time: '2017-11-06T21:07:36.161Z'
System info: host: 'DESKTOP-2D7LI1O', ip: '192.168.137.1', os.name: 'Windows 10', os.arch: 'amd64', os.version: '10.0', java.version: '1.8.0_181'
Driver info: driver.version: unknown)
	at com.kms.katalon.core.keyword.internal.KeywordMain.stepFailed(KeywordMain.groovy:36)
	at com.kms.katalon.core.webui.keyword.internal.WebUIKeywordMain.stepFailed(WebUIKeywordMain.groovy:65)
	at com.kms.katalon.core.webui.keyword.internal.WebUIKeywordMain.runKeyword(WebUIKeywordMain.groovy:27)
	at com.kms.katalon.core.webui.keyword.builtin.AcceptAlertKeyword.acceptAlert(AcceptAlertKeyword.groovy:71)
	at com.kms.katalon.core.webui.keyword.builtin.AcceptAlertKeyword.execute(AcceptAlertKeyword.groovy:66)
	at com.kms.katalon.core.keyword.internal.KeywordExecutor.executeKeywordForPlatform(KeywordExecutor.groovy:53)
	at com.kms.katalon.core.webui.keyword.WebUiBuiltInKeywords.acceptAlert(WebUiBuiltInKeywords.groovy:1492)
	at com.kms.katalon.core.webui.keyword.WebUiBuiltInKeywords$acceptAlert$7.call(Unknown Source)
	at contact-social links.run(contact-social links:16)
	at com.kms.katalon.core.main.ScriptEngine.run(ScriptEngine.java:194)
	at com.kms.katalon.core.main.ScriptEngine.runScriptAsRawText(ScriptEngine.java:119)
	at com.kms.katalon.core.main.TestCaseExecutor.runScript(TestCaseExecutor.java:328)
	at com.kms.katalon.core.main.TestCaseExecutor.doExecute(TestCaseExecutor.java:319)
	at com.kms.katalon.core.main.TestCaseExecutor.processExecutionPhase(TestCaseExecutor.java:298)
	at com.kms.katalon.core.main.TestCaseExecutor.accessMainPhase(TestCaseExecutor.java:290)
	at com.kms.katalon.core.main.TestCaseExecutor.execute(TestCaseExecutor.java:224)
	at com.kms.katalon.core.main.TestSuiteExecutor.accessTestCaseMainPhase(TestSuiteExecutor.java:129)
	at com.kms.katalon.core.main.TestSuiteExecutor.accessTestSuiteMainPhase(TestSuiteExecutor.java:112)
	at com.kms.katalon.core.main.TestSuiteExecutor.execute(TestSuiteExecutor.java:81)
	at com.kms.katalon.core.main.TestCaseMain.startTestSuite(TestCaseMain.java:149)
	at com.kms.katalon.core.main.TestCaseMain$startTestSuite$0.call(Unknown Source)
	at TempTestSuite1546500703440.run(TempTestSuite1546500703440.groovy:36)


2019-01-03 12:38:43 - [TEST_STEP][PASSED] - Start listener action : sampleAfterTestCase: null

2019-01-03 12:38:43 - [TEST_STEP][PASSED] - println(testCaseContext.getTestCaseId()): null

2019-01-03 12:38:43 - [TEST_STEP][PASSED] - println(testCaseContext.getTestCaseStatus()): null]]></system-out>
         <system-err><![CDATA[2019-01-03 12:38:42 - [TEST_CASE][FAILED] - Test Cases/footer/contact-social links: Test Cases/footer/contact-social links FAILED.
Reason:
com.kms.katalon.core.exception.StepFailedException: Unable to accept alert (Root cause: com.kms.katalon.core.webui.exception.BrowserNotOpenedException: Browser is not opened
Build info: version: '3.7.1', revision: '8a0099a', time: '2017-11-06T21:07:36.161Z'
System info: host: 'DESKTOP-2D7LI1O', ip: '192.168.137.1', os.name: 'Windows 10', os.arch: 'amd64', os.version: '10.0', java.version: '1.8.0_181'
Driver info: driver.version: unknown)
	at com.kms.katalon.core.keyword.internal.KeywordMain.stepFailed(KeywordMain.groovy:36)
	at com.kms.katalon.core.webui.keyword.internal.WebUIKeywordMain.stepFailed(WebUIKeywordMain.groovy:65)
	at com.kms.katalon.core.webui.keyword.internal.WebUIKeywordMain.runKeyword(WebUIKeywordMain.groovy:27)
	at com.kms.katalon.core.webui.keyword.builtin.AcceptAlertKeyword.acceptAlert(AcceptAlertKeyword.groovy:71)
	at com.kms.katalon.core.webui.keyword.builtin.AcceptAlertKeyword.execute(AcceptAlertKeyword.groovy:66)
	at com.kms.katalon.core.keyword.internal.KeywordExecutor.executeKeywordForPlatform(KeywordExecutor.groovy:53)
	at com.kms.katalon.core.webui.keyword.WebUiBuiltInKeywords.acceptAlert(WebUiBuiltInKeywords.groovy:1492)
	at com.kms.katalon.core.webui.keyword.WebUiBuiltInKeywords$acceptAlert$7.call(Unknown Source)
	at contact-social links.run(contact-social links:16)
	at com.kms.katalon.core.main.ScriptEngine.run(ScriptEngine.java:194)
	at com.kms.katalon.core.main.ScriptEngine.runScriptAsRawText(ScriptEngine.java:119)
	at com.kms.katalon.core.main.TestCaseExecutor.runScript(TestCaseExecutor.java:328)
	at com.kms.katalon.core.main.TestCaseExecutor.doExecute(TestCaseExecutor.java:319)
	at com.kms.katalon.core.main.TestCaseExecutor.processExecutionPhase(TestCaseExecutor.java:298)
	at com.kms.katalon.core.main.TestCaseExecutor.accessMainPhase(TestCaseExecutor.java:290)
	at com.kms.katalon.core.main.TestCaseExecutor.execute(TestCaseExecutor.java:224)
	at com.kms.katalon.core.main.TestSuiteExecutor.accessTestCaseMainPhase(TestSuiteExecutor.java:129)
	at com.kms.katalon.core.main.TestSuiteExecutor.accessTestSuiteMainPhase(TestSuiteExecutor.java:112)
	at com.kms.katalon.core.main.TestSuiteExecutor.execute(TestSuiteExecutor.java:81)
	at com.kms.katalon.core.main.TestCaseMain.startTestSuite(TestCaseMain.java:149)
	at com.kms.katalon.core.main.TestCaseMain$startTestSuite$0.call(Unknown Source)
	at TempTestSuite1546500703440.run(TempTestSuite1546500703440.groovy:36)]]></system-err>
      </testcase>
      <testcase name="Test Cases/footer/Disclaimer-footer" classname="Test Cases/footer/Disclaimer-footer" status="PASSED">
         <system-out><![CDATA[2019-01-03 12:38:43 - [TEST_CASE][PASSED] - Test Cases/footer/Disclaimer-footer: Test Cases/footer/Disclaimer-footer

2019-01-03 12:38:43 - [TEST_STEP][PASSED] - openBrowser(""): Browser is opened with url: ''

2019-01-03 12:38:43 - [MESSAGE][INFO] - Starting 'Chrome' driver

2019-01-03 12:38:45 - [MESSAGE][PASSED] - Browser is opened with url: ''

2019-01-03 12:38:45 - [TEST_STEP][PASSED] - navigateToUrl(Url): Navigate to 'http://demo.chiragh.com/' successfully

2019-01-03 12:38:54 - [MESSAGE][PASSED] - Navigate to 'http://demo.chiragh.com/' successfully

2019-01-03 12:38:54 - [TEST_STEP][PASSED] - maximizeWindow(): Current window maximized

2019-01-03 12:38:55 - [MESSAGE][PASSED] - Current window maximized

2019-01-03 12:38:55 - [TEST_STEP][PASSED] - delay(3): Delayed 3 second(s)

2019-01-03 12:38:58 - [MESSAGE][PASSED] - Delayed 3 second(s)

2019-01-03 12:38:58 - [TEST_STEP][PASSED] - click(findTestObject("Object Repository/Disclaimer/Page_Chiragh/a_Disclaimer")): Object: 'Object Repository/Disclaimer/Page_Chiragh/a_Disclaimer' is clicked on

2019-01-03 12:38:58 - [MESSAGE][PASSED] - Object: 'Object Repository/Disclaimer/Page_Chiragh/a_Disclaimer' is clicked on

2019-01-03 12:38:58 - [TEST_STEP][PASSED] - delay(3): Delayed 3 second(s)

2019-01-03 12:39:01 - [MESSAGE][PASSED] - Delayed 3 second(s)

2019-01-03 12:39:01 - [TEST_STEP][PASSED] - verifyElementPresent(findTestObject("Object Repository/Disclaimer/Page_Chiragh/div_Disclaimer"), 3): Object 'Object Repository/Disclaimer/Page_Chiragh/div_Disclaimer' is present

2019-01-03 12:39:01 - [MESSAGE][PASSED] - Object 'Object Repository/Disclaimer/Page_Chiragh/div_Disclaimer' is present

2019-01-03 12:39:01 - [TEST_STEP][PASSED] - closeBrowser(): Browser is closed

2019-01-03 12:39:02 - [MESSAGE][PASSED] - Browser is closed

2019-01-03 12:39:02 - [TEST_STEP][PASSED] - Start listener action : sampleAfterTestCase: null

2019-01-03 12:39:02 - [TEST_STEP][PASSED] - println(testCaseContext.getTestCaseId()): null

2019-01-03 12:39:02 - [TEST_STEP][PASSED] - println(testCaseContext.getTestCaseStatus()): null]]></system-out>
         <system-err><![CDATA[]]></system-err>
      </testcase>
      <testcase name="Test Cases/footer/FAQs-footer" classname="Test Cases/footer/FAQs-footer" status="PASSED">
         <system-out><![CDATA[2019-01-03 12:39:02 - [TEST_CASE][PASSED] - Test Cases/footer/FAQs-footer: Test Cases/footer/FAQs-footer

2019-01-03 12:39:02 - [TEST_STEP][PASSED] - openBrowser(""): Browser is opened with url: ''

2019-01-03 12:39:02 - [MESSAGE][INFO] - Starting 'Chrome' driver

2019-01-03 12:39:05 - [MESSAGE][PASSED] - Browser is opened with url: ''

2019-01-03 12:39:05 - [TEST_STEP][PASSED] - navigateToUrl(Url): Navigate to 'http://demo.chiragh.com/' successfully

2019-01-03 12:39:14 - [MESSAGE][PASSED] - Navigate to 'http://demo.chiragh.com/' successfully

2019-01-03 12:39:14 - [TEST_STEP][PASSED] - maximizeWindow(): Current window maximized

2019-01-03 12:39:16 - [MESSAGE][PASSED] - Current window maximized

2019-01-03 12:39:16 - [TEST_STEP][PASSED] - delay(3): Delayed 3 second(s)

2019-01-03 12:39:19 - [MESSAGE][PASSED] - Delayed 3 second(s)

2019-01-03 12:39:19 - [TEST_STEP][PASSED] - click(findTestObject("Object Repository/FAQs-footer/Page_Chiragh/a_-FAQs")): Object: 'Object Repository/FAQs-footer/Page_Chiragh/a_-FAQs' is clicked on

2019-01-03 12:39:19 - [MESSAGE][PASSED] - Object: 'Object Repository/FAQs-footer/Page_Chiragh/a_-FAQs' is clicked on

2019-01-03 12:39:19 - [TEST_STEP][PASSED] - delay(3): Delayed 3 second(s)

2019-01-03 12:39:22 - [MESSAGE][PASSED] - Delayed 3 second(s)

2019-01-03 12:39:22 - [TEST_STEP][PASSED] - verifyElementPresent(findTestObject("Object Repository/FAQs-footer/Page_Chiragh/div_Frequently Asked Questions"), 3): Object 'Object Repository/FAQs-footer/Page_Chiragh/div_Frequently Asked Questions' is present

2019-01-03 12:39:22 - [MESSAGE][PASSED] - Object 'Object Repository/FAQs-footer/Page_Chiragh/div_Frequently Asked Questions' is present

2019-01-03 12:39:22 - [TEST_STEP][PASSED] - closeBrowser(): Browser is closed

2019-01-03 12:39:23 - [MESSAGE][PASSED] - Browser is closed

2019-01-03 12:39:23 - [TEST_STEP][PASSED] - Start listener action : sampleAfterTestCase: null

2019-01-03 12:39:23 - [TEST_STEP][PASSED] - println(testCaseContext.getTestCaseId()): null

2019-01-03 12:39:23 - [TEST_STEP][PASSED] - println(testCaseContext.getTestCaseStatus()): null]]></system-out>
         <system-err><![CDATA[]]></system-err>
      </testcase>
      <testcase name="Test Cases/footer/How it Works-footer" classname="Test Cases/footer/How it Works-footer" status="FAILED">
         <failure type="FAILED" message="Test Cases/footer/How it Works-footer FAILED.
Reason:
com.kms.katalon.core.exception.StepFailedException: Unable to verify object 'Object Repository/How it Works-footer/Page_Chiragh/img_Seller  Buyer Process_b-im' is present (Root cause: com.kms.katalon.core.exception.StepFailedException: com.kms.katalon.core.webui.exception.WebElementNotFoundException: Web element with id: 'Object Repository/How it Works-footer/Page_Chiragh/img_Seller  Buyer Process_b-im' located by 'By.xpath: (.//*[normalize-space(text()) and normalize-space(.)='Seller &amp; Buyer Process'])[1]/following::img[1]' not found)
	at com.kms.katalon.core.keyword.internal.KeywordMain.stepFailed(KeywordMain.groovy:36)
	at com.kms.katalon.core.webui.keyword.internal.WebUIKeywordMain.stepFailed(WebUIKeywordMain.groovy:65)
	at com.kms.katalon.core.webui.keyword.internal.WebUIKeywordMain.runKeyword(WebUIKeywordMain.groovy:27)
	at com.kms.katalon.core.webui.keyword.builtin.VerifyElementPresentKeyword.verifyElementPresent(VerifyElementPresentKeyword.groovy:92)
	at com.kms.katalon.core.webui.keyword.builtin.VerifyElementPresentKeyword.execute(VerifyElementPresentKeyword.groovy:68)
	at com.kms.katalon.core.keyword.internal.KeywordExecutor.executeKeywordForPlatform(KeywordExecutor.groovy:53)
	at com.kms.katalon.core.webui.keyword.WebUiBuiltInKeywords.verifyElementPresent(WebUiBuiltInKeywords.groovy:1434)
	at com.kms.katalon.core.webui.keyword.WebUiBuiltInKeywords$verifyElementPresent$3.call(Unknown Source)
	at How it Works-footer.run(How it Works-footer:28)
	at com.kms.katalon.core.main.ScriptEngine.run(ScriptEngine.java:194)
	at com.kms.katalon.core.main.ScriptEngine.runScriptAsRawText(ScriptEngine.java:119)
	at com.kms.katalon.core.main.TestCaseExecutor.runScript(TestCaseExecutor.java:328)
	at com.kms.katalon.core.main.TestCaseExecutor.doExecute(TestCaseExecutor.java:319)
	at com.kms.katalon.core.main.TestCaseExecutor.processExecutionPhase(TestCaseExecutor.java:298)
	at com.kms.katalon.core.main.TestCaseExecutor.accessMainPhase(TestCaseExecutor.java:290)
	at com.kms.katalon.core.main.TestCaseExecutor.execute(TestCaseExecutor.java:224)
	at com.kms.katalon.core.main.TestSuiteExecutor.accessTestCaseMainPhase(TestSuiteExecutor.java:129)
	at com.kms.katalon.core.main.TestSuiteExecutor.accessTestSuiteMainPhase(TestSuiteExecutor.java:112)
	at com.kms.katalon.core.main.TestSuiteExecutor.execute(TestSuiteExecutor.java:81)
	at com.kms.katalon.core.main.TestCaseMain.startTestSuite(TestCaseMain.java:149)
	at com.kms.katalon.core.main.TestCaseMain$startTestSuite$0.call(Unknown Source)
	at TempTestSuite1546500703440.run(TempTestSuite1546500703440.groovy:36)
"/>
         <system-out><![CDATA[2019-01-03 12:39:23 - [TEST_CASE][FAILED] - Test Cases/footer/How it Works-footer: Test Cases/footer/How it Works-footer FAILED.
Reason:
com.kms.katalon.core.exception.StepFailedException: Unable to verify object 'Object Repository/How it Works-footer/Page_Chiragh/img_Seller  Buyer Process_b-im' is present (Root cause: com.kms.katalon.core.exception.StepFailedException: com.kms.katalon.core.webui.exception.WebElementNotFoundException: Web element with id: 'Object Repository/How it Works-footer/Page_Chiragh/img_Seller  Buyer Process_b-im' located by 'By.xpath: (.//*[normalize-space(text()) and normalize-space(.)='Seller & Buyer Process'])[1]/following::img[1]' not found)
	at com.kms.katalon.core.keyword.internal.KeywordMain.stepFailed(KeywordMain.groovy:36)
	at com.kms.katalon.core.webui.keyword.internal.WebUIKeywordMain.stepFailed(WebUIKeywordMain.groovy:65)
	at com.kms.katalon.core.webui.keyword.internal.WebUIKeywordMain.runKeyword(WebUIKeywordMain.groovy:27)
	at com.kms.katalon.core.webui.keyword.builtin.VerifyElementPresentKeyword.verifyElementPresent(VerifyElementPresentKeyword.groovy:92)
	at com.kms.katalon.core.webui.keyword.builtin.VerifyElementPresentKeyword.execute(VerifyElementPresentKeyword.groovy:68)
	at com.kms.katalon.core.keyword.internal.KeywordExecutor.executeKeywordForPlatform(KeywordExecutor.groovy:53)
	at com.kms.katalon.core.webui.keyword.WebUiBuiltInKeywords.verifyElementPresent(WebUiBuiltInKeywords.groovy:1434)
	at com.kms.katalon.core.webui.keyword.WebUiBuiltInKeywords$verifyElementPresent$3.call(Unknown Source)
	at How it Works-footer.run(How it Works-footer:28)
	at com.kms.katalon.core.main.ScriptEngine.run(ScriptEngine.java:194)
	at com.kms.katalon.core.main.ScriptEngine.runScriptAsRawText(ScriptEngine.java:119)
	at com.kms.katalon.core.main.TestCaseExecutor.runScript(TestCaseExecutor.java:328)
	at com.kms.katalon.core.main.TestCaseExecutor.doExecute(TestCaseExecutor.java:319)
	at com.kms.katalon.core.main.TestCaseExecutor.processExecutionPhase(TestCaseExecutor.java:298)
	at com.kms.katalon.core.main.TestCaseExecutor.accessMainPhase(TestCaseExecutor.java:290)
	at com.kms.katalon.core.main.TestCaseExecutor.execute(TestCaseExecutor.java:224)
	at com.kms.katalon.core.main.TestSuiteExecutor.accessTestCaseMainPhase(TestSuiteExecutor.java:129)
	at com.kms.katalon.core.main.TestSuiteExecutor.accessTestSuiteMainPhase(TestSuiteExecutor.java:112)
	at com.kms.katalon.core.main.TestSuiteExecutor.execute(TestSuiteExecutor.java:81)
	at com.kms.katalon.core.main.TestCaseMain.startTestSuite(TestCaseMain.java:149)
	at com.kms.katalon.core.main.TestCaseMain$startTestSuite$0.call(Unknown Source)
	at TempTestSuite1546500703440.run(TempTestSuite1546500703440.groovy:36)


2019-01-03 12:39:23 - [TEST_STEP][PASSED] - openBrowser(""): Browser is opened with url: ''

2019-01-03 12:39:23 - [MESSAGE][INFO] - Starting 'Chrome' driver

2019-01-03 12:39:25 - [MESSAGE][PASSED] - Browser is opened with url: ''

2019-01-03 12:39:25 - [TEST_STEP][PASSED] - navigateToUrl(Url): Navigate to 'http://demo.chiragh.com/' successfully

2019-01-03 12:39:33 - [MESSAGE][PASSED] - Navigate to 'http://demo.chiragh.com/' successfully

2019-01-03 12:39:33 - [TEST_STEP][PASSED] - maximizeWindow(): Current window maximized

2019-01-03 12:39:35 - [MESSAGE][PASSED] - Current window maximized

2019-01-03 12:39:35 - [TEST_STEP][PASSED] - delay(3): Delayed 3 second(s)

2019-01-03 12:39:38 - [MESSAGE][PASSED] - Delayed 3 second(s)

2019-01-03 12:39:38 - [TEST_STEP][PASSED] - click(findTestObject("Object Repository/How it Works-footer/Page_Chiragh/a_-How it works")): Object: 'Object Repository/How it Works-footer/Page_Chiragh/a_-How it works' is clicked on

2019-01-03 12:39:38 - [MESSAGE][PASSED] - Object: 'Object Repository/How it Works-footer/Page_Chiragh/a_-How it works' is clicked on

2019-01-03 12:39:38 - [TEST_STEP][PASSED] - delay(3): Delayed 3 second(s)

2019-01-03 12:39:41 - [MESSAGE][PASSED] - Delayed 3 second(s)

2019-01-03 12:39:41 - [TEST_STEP][FAILED] - verifyElementPresent(findTestObject("Object Repository/How it Works-footer/Page_Chiragh/img_Seller  Buyer Process_b-im"), 3): verifyElementPresent(findTestObject("Object Repository/How it Works-footer/Page_Chiragh/img_Seller  Buyer Process_b-im"), 3) FAILED.
Reason:
com.kms.katalon.core.exception.StepFailedException: Unable to verify object 'Object Repository/How it Works-footer/Page_Chiragh/img_Seller  Buyer Process_b-im' is present (Root cause: com.kms.katalon.core.exception.StepFailedException: com.kms.katalon.core.webui.exception.WebElementNotFoundException: Web element with id: 'Object Repository/How it Works-footer/Page_Chiragh/img_Seller  Buyer Process_b-im' located by 'By.xpath: (.//*[normalize-space(text()) and normalize-space(.)='Seller & Buyer Process'])[1]/following::img[1]' not found)
	at com.kms.katalon.core.keyword.internal.KeywordMain.stepFailed(KeywordMain.groovy:36)
	at com.kms.katalon.core.webui.keyword.internal.WebUIKeywordMain.stepFailed(WebUIKeywordMain.groovy:65)
	at com.kms.katalon.core.webui.keyword.internal.WebUIKeywordMain.runKeyword(WebUIKeywordMain.groovy:27)
	at com.kms.katalon.core.webui.keyword.builtin.VerifyElementPresentKeyword.verifyElementPresent(VerifyElementPresentKeyword.groovy:92)
	at com.kms.katalon.core.webui.keyword.builtin.VerifyElementPresentKeyword.execute(VerifyElementPresentKeyword.groovy:68)
	at com.kms.katalon.core.keyword.internal.KeywordExecutor.executeKeywordForPlatform(KeywordExecutor.groovy:53)
	at com.kms.katalon.core.webui.keyword.WebUiBuiltInKeywords.verifyElementPresent(WebUiBuiltInKeywords.groovy:1434)
	at com.kms.katalon.core.webui.keyword.WebUiBuiltInKeywords$verifyElementPresent$3.call(Unknown Source)
	at How it Works-footer.run(How it Works-footer:28)
	at com.kms.katalon.core.main.ScriptEngine.run(ScriptEngine.java:194)
	at com.kms.katalon.core.main.ScriptEngine.runScriptAsRawText(ScriptEngine.java:119)
	at com.kms.katalon.core.main.TestCaseExecutor.runScript(TestCaseExecutor.java:328)
	at com.kms.katalon.core.main.TestCaseExecutor.doExecute(TestCaseExecutor.java:319)
	at com.kms.katalon.core.main.TestCaseExecutor.processExecutionPhase(TestCaseExecutor.java:298)
	at com.kms.katalon.core.main.TestCaseExecutor.accessMainPhase(TestCaseExecutor.java:290)
	at com.kms.katalon.core.main.TestCaseExecutor.execute(TestCaseExecutor.java:224)
	at com.kms.katalon.core.main.TestSuiteExecutor.accessTestCaseMainPhase(TestSuiteExecutor.java:129)
	at com.kms.katalon.core.main.TestSuiteExecutor.accessTestSuiteMainPhase(TestSuiteExecutor.java:112)
	at com.kms.katalon.core.main.TestSuiteExecutor.execute(TestSuiteExecutor.java:81)
	at com.kms.katalon.core.main.TestCaseMain.startTestSuite(TestCaseMain.java:149)
	at com.kms.katalon.core.main.TestCaseMain$startTestSuite$0.call(Unknown Source)
	at TempTestSuite1546500703440.run(TempTestSuite1546500703440.groovy:36)


2019-01-03 12:39:44 - [MESSAGE][INFO] - Unable to find the element located by 'By.xpath: (.//*[normalize-space(text()) and normalize-space(.)='Seller & Buyer Process'])[1]/following::img[1]'. Please recheck the objects properties to make sure the desired element is located. 

2019-01-03 12:39:44 - [MESSAGE][FAILED] - com.kms.katalon.core.webui.exception.WebElementNotFoundException: Web element with id: 'Object Repository/How it Works-footer/Page_Chiragh/img_Seller  Buyer Process_b-im' located by 'By.xpath: (.//*[normalize-space(text()) and normalize-space(.)='Seller & Buyer Process'])[1]/following::img[1]' not found
[[ATTACHMENT|C:\\Users\\HP\\Katalon Studio\\links\\Reports\\Chiragh links\\20190103_123143\\1546501184321.png]]

2019-01-03 12:39:44 - [MESSAGE][FAILED] - Unable to verify object 'Object Repository/How it Works-footer/Page_Chiragh/img_Seller  Buyer Process_b-im' is present (Root cause: com.kms.katalon.core.exception.StepFailedException: com.kms.katalon.core.webui.exception.WebElementNotFoundException: Web element with id: 'Object Repository/How it Works-footer/Page_Chiragh/img_Seller  Buyer Process_b-im' located by 'By.xpath: (.//*[normalize-space(text()) and normalize-space(.)='Seller & Buyer Process'])[1]/following::img[1]' not found)
[[ATTACHMENT|C:\\Users\\HP\\Katalon Studio\\links\\Reports\\Chiragh links\\20190103_123143\\1546501184610.png]]

2019-01-03 12:39:44 - [MESSAGE][FAILED] - verifyElementPresent(findTestObject("Object Repository/How it Works-footer/Page_Chiragh/img_Seller  Buyer Process_b-im"), 3) FAILED.
Reason:
com.kms.katalon.core.exception.StepFailedException: Unable to verify object 'Object Repository/How it Works-footer/Page_Chiragh/img_Seller  Buyer Process_b-im' is present (Root cause: com.kms.katalon.core.exception.StepFailedException: com.kms.katalon.core.webui.exception.WebElementNotFoundException: Web element with id: 'Object Repository/How it Works-footer/Page_Chiragh/img_Seller  Buyer Process_b-im' located by 'By.xpath: (.//*[normalize-space(text()) and normalize-space(.)='Seller & Buyer Process'])[1]/following::img[1]' not found)
	at com.kms.katalon.core.keyword.internal.KeywordMain.stepFailed(KeywordMain.groovy:36)
	at com.kms.katalon.core.webui.keyword.internal.WebUIKeywordMain.stepFailed(WebUIKeywordMain.groovy:65)
	at com.kms.katalon.core.webui.keyword.internal.WebUIKeywordMain.runKeyword(WebUIKeywordMain.groovy:27)
	at com.kms.katalon.core.webui.keyword.builtin.VerifyElementPresentKeyword.verifyElementPresent(VerifyElementPresentKeyword.groovy:92)
	at com.kms.katalon.core.webui.keyword.builtin.VerifyElementPresentKeyword.execute(VerifyElementPresentKeyword.groovy:68)
	at com.kms.katalon.core.keyword.internal.KeywordExecutor.executeKeywordForPlatform(KeywordExecutor.groovy:53)
	at com.kms.katalon.core.webui.keyword.WebUiBuiltInKeywords.verifyElementPresent(WebUiBuiltInKeywords.groovy:1434)
	at com.kms.katalon.core.webui.keyword.WebUiBuiltInKeywords$verifyElementPresent$3.call(Unknown Source)
	at How it Works-footer.run(How it Works-footer:28)
	at com.kms.katalon.core.main.ScriptEngine.run(ScriptEngine.java:194)
	at com.kms.katalon.core.main.ScriptEngine.runScriptAsRawText(ScriptEngine.java:119)
	at com.kms.katalon.core.main.TestCaseExecutor.runScript(TestCaseExecutor.java:328)
	at com.kms.katalon.core.main.TestCaseExecutor.doExecute(TestCaseExecutor.java:319)
	at com.kms.katalon.core.main.TestCaseExecutor.processExecutionPhase(TestCaseExecutor.java:298)
	at com.kms.katalon.core.main.TestCaseExecutor.accessMainPhase(TestCaseExecutor.java:290)
	at com.kms.katalon.core.main.TestCaseExecutor.execute(TestCaseExecutor.java:224)
	at com.kms.katalon.core.main.TestSuiteExecutor.accessTestCaseMainPhase(TestSuiteExecutor.java:129)
	at com.kms.katalon.core.main.TestSuiteExecutor.accessTestSuiteMainPhase(TestSuiteExecutor.java:112)
	at com.kms.katalon.core.main.TestSuiteExecutor.execute(TestSuiteExecutor.java:81)
	at com.kms.katalon.core.main.TestCaseMain.startTestSuite(TestCaseMain.java:149)
	at com.kms.katalon.core.main.TestCaseMain$startTestSuite$0.call(Unknown Source)
	at TempTestSuite1546500703440.run(TempTestSuite1546500703440.groovy:36)


2019-01-03 12:39:44 - [TEST_STEP][PASSED] - Start listener action : sampleAfterTestCase: null

2019-01-03 12:39:44 - [TEST_STEP][PASSED] - println(testCaseContext.getTestCaseId()): null

2019-01-03 12:39:44 - [TEST_STEP][PASSED] - println(testCaseContext.getTestCaseStatus()): null]]></system-out>
         <system-err><![CDATA[2019-01-03 12:39:23 - [TEST_CASE][FAILED] - Test Cases/footer/How it Works-footer: Test Cases/footer/How it Works-footer FAILED.
Reason:
com.kms.katalon.core.exception.StepFailedException: Unable to verify object 'Object Repository/How it Works-footer/Page_Chiragh/img_Seller  Buyer Process_b-im' is present (Root cause: com.kms.katalon.core.exception.StepFailedException: com.kms.katalon.core.webui.exception.WebElementNotFoundException: Web element with id: 'Object Repository/How it Works-footer/Page_Chiragh/img_Seller  Buyer Process_b-im' located by 'By.xpath: (.//*[normalize-space(text()) and normalize-space(.)='Seller & Buyer Process'])[1]/following::img[1]' not found)
	at com.kms.katalon.core.keyword.internal.KeywordMain.stepFailed(KeywordMain.groovy:36)
	at com.kms.katalon.core.webui.keyword.internal.WebUIKeywordMain.stepFailed(WebUIKeywordMain.groovy:65)
	at com.kms.katalon.core.webui.keyword.internal.WebUIKeywordMain.runKeyword(WebUIKeywordMain.groovy:27)
	at com.kms.katalon.core.webui.keyword.builtin.VerifyElementPresentKeyword.verifyElementPresent(VerifyElementPresentKeyword.groovy:92)
	at com.kms.katalon.core.webui.keyword.builtin.VerifyElementPresentKeyword.execute(VerifyElementPresentKeyword.groovy:68)
	at com.kms.katalon.core.keyword.internal.KeywordExecutor.executeKeywordForPlatform(KeywordExecutor.groovy:53)
	at com.kms.katalon.core.webui.keyword.WebUiBuiltInKeywords.verifyElementPresent(WebUiBuiltInKeywords.groovy:1434)
	at com.kms.katalon.core.webui.keyword.WebUiBuiltInKeywords$verifyElementPresent$3.call(Unknown Source)
	at How it Works-footer.run(How it Works-footer:28)
	at com.kms.katalon.core.main.ScriptEngine.run(ScriptEngine.java:194)
	at com.kms.katalon.core.main.ScriptEngine.runScriptAsRawText(ScriptEngine.java:119)
	at com.kms.katalon.core.main.TestCaseExecutor.runScript(TestCaseExecutor.java:328)
	at com.kms.katalon.core.main.TestCaseExecutor.doExecute(TestCaseExecutor.java:319)
	at com.kms.katalon.core.main.TestCaseExecutor.processExecutionPhase(TestCaseExecutor.java:298)
	at com.kms.katalon.core.main.TestCaseExecutor.accessMainPhase(TestCaseExecutor.java:290)
	at com.kms.katalon.core.main.TestCaseExecutor.execute(TestCaseExecutor.java:224)
	at com.kms.katalon.core.main.TestSuiteExecutor.accessTestCaseMainPhase(TestSuiteExecutor.java:129)
	at com.kms.katalon.core.main.TestSuiteExecutor.accessTestSuiteMainPhase(TestSuiteExecutor.java:112)
	at com.kms.katalon.core.main.TestSuiteExecutor.execute(TestSuiteExecutor.java:81)
	at com.kms.katalon.core.main.TestCaseMain.startTestSuite(TestCaseMain.java:149)
	at com.kms.katalon.core.main.TestCaseMain$startTestSuite$0.call(Unknown Source)
	at TempTestSuite1546500703440.run(TempTestSuite1546500703440.groovy:36)]]></system-err>
      </testcase>
      <testcase name="Test Cases/footer/Privacy Policy-footer" classname="Test Cases/footer/Privacy Policy-footer" status="FAILED">
         <failure type="FAILED" message="Test Cases/footer/Privacy Policy-footer FAILED.
Reason:
com.kms.katalon.core.exception.StepFailedException: Unable to open browser with url: '' (Root cause: org.openqa.selenium.WebDriverException: java.net.SocketException: Permission denied: connect
Build info: version: '3.7.1', revision: '8a0099a', time: '2017-11-06T21:07:36.161Z'
System info: host: 'DESKTOP-2D7LI1O', ip: '192.168.137.1', os.name: 'Windows 10', os.arch: 'amd64', os.version: '10.0', java.version: '1.8.0_181'
Driver info: driver.version: CChromeDriver)
	at com.kms.katalon.core.keyword.internal.KeywordMain.stepFailed(KeywordMain.groovy:36)
	at com.kms.katalon.core.webui.keyword.internal.WebUIKeywordMain.stepFailed(WebUIKeywordMain.groovy:65)
	at com.kms.katalon.core.webui.keyword.internal.WebUIKeywordMain.runKeyword(WebUIKeywordMain.groovy:27)
	at com.kms.katalon.core.webui.keyword.builtin.OpenBrowserKeyword.openBrowser(OpenBrowserKeyword.groovy:81)
	at com.kms.katalon.core.webui.keyword.builtin.OpenBrowserKeyword.execute(OpenBrowserKeyword.groovy:67)
	at com.kms.katalon.core.keyword.internal.KeywordExecutor.executeKeywordForPlatform(KeywordExecutor.groovy:53)
	at com.kms.katalon.core.webui.keyword.WebUiBuiltInKeywords.openBrowser(WebUiBuiltInKeywords.groovy:60)
	at com.kms.katalon.core.webui.keyword.WebUiBuiltInKeywords$openBrowser.call(Unknown Source)
	at Privacy Policy-footer.run(Privacy Policy-footer:16)
	at com.kms.katalon.core.main.ScriptEngine.run(ScriptEngine.java:194)
	at com.kms.katalon.core.main.ScriptEngine.runScriptAsRawText(ScriptEngine.java:119)
	at com.kms.katalon.core.main.TestCaseExecutor.runScript(TestCaseExecutor.java:328)
	at com.kms.katalon.core.main.TestCaseExecutor.doExecute(TestCaseExecutor.java:319)
	at com.kms.katalon.core.main.TestCaseExecutor.processExecutionPhase(TestCaseExecutor.java:298)
	at com.kms.katalon.core.main.TestCaseExecutor.accessMainPhase(TestCaseExecutor.java:290)
	at com.kms.katalon.core.main.TestCaseExecutor.execute(TestCaseExecutor.java:224)
	at com.kms.katalon.core.main.TestSuiteExecutor.accessTestCaseMainPhase(TestSuiteExecutor.java:129)
	at com.kms.katalon.core.main.TestSuiteExecutor.accessTestSuiteMainPhase(TestSuiteExecutor.java:112)
	at com.kms.katalon.core.main.TestSuiteExecutor.execute(TestSuiteExecutor.java:81)
	at com.kms.katalon.core.main.TestCaseMain.startTestSuite(TestCaseMain.java:149)
	at com.kms.katalon.core.main.TestCaseMain$startTestSuite$0.call(Unknown Source)
	at TempTestSuite1546500703440.run(TempTestSuite1546500703440.groovy:36)
"/>
         <system-out><![CDATA[2019-01-03 12:39:44 - [TEST_CASE][FAILED] - Test Cases/footer/Privacy Policy-footer: Test Cases/footer/Privacy Policy-footer FAILED.
Reason:
com.kms.katalon.core.exception.StepFailedException: Unable to open browser with url: '' (Root cause: org.openqa.selenium.WebDriverException: java.net.SocketException: Permission denied: connect
Build info: version: '3.7.1', revision: '8a0099a', time: '2017-11-06T21:07:36.161Z'
System info: host: 'DESKTOP-2D7LI1O', ip: '192.168.137.1', os.name: 'Windows 10', os.arch: 'amd64', os.version: '10.0', java.version: '1.8.0_181'
Driver info: driver.version: CChromeDriver)
	at com.kms.katalon.core.keyword.internal.KeywordMain.stepFailed(KeywordMain.groovy:36)
	at com.kms.katalon.core.webui.keyword.internal.WebUIKeywordMain.stepFailed(WebUIKeywordMain.groovy:65)
	at com.kms.katalon.core.webui.keyword.internal.WebUIKeywordMain.runKeyword(WebUIKeywordMain.groovy:27)
	at com.kms.katalon.core.webui.keyword.builtin.OpenBrowserKeyword.openBrowser(OpenBrowserKeyword.groovy:81)
	at com.kms.katalon.core.webui.keyword.builtin.OpenBrowserKeyword.execute(OpenBrowserKeyword.groovy:67)
	at com.kms.katalon.core.keyword.internal.KeywordExecutor.executeKeywordForPlatform(KeywordExecutor.groovy:53)
	at com.kms.katalon.core.webui.keyword.WebUiBuiltInKeywords.openBrowser(WebUiBuiltInKeywords.groovy:60)
	at com.kms.katalon.core.webui.keyword.WebUiBuiltInKeywords$openBrowser.call(Unknown Source)
	at Privacy Policy-footer.run(Privacy Policy-footer:16)
	at com.kms.katalon.core.main.ScriptEngine.run(ScriptEngine.java:194)
	at com.kms.katalon.core.main.ScriptEngine.runScriptAsRawText(ScriptEngine.java:119)
	at com.kms.katalon.core.main.TestCaseExecutor.runScript(TestCaseExecutor.java:328)
	at com.kms.katalon.core.main.TestCaseExecutor.doExecute(TestCaseExecutor.java:319)
	at com.kms.katalon.core.main.TestCaseExecutor.processExecutionPhase(TestCaseExecutor.java:298)
	at com.kms.katalon.core.main.TestCaseExecutor.accessMainPhase(TestCaseExecutor.java:290)
	at com.kms.katalon.core.main.TestCaseExecutor.execute(TestCaseExecutor.java:224)
	at com.kms.katalon.core.main.TestSuiteExecutor.accessTestCaseMainPhase(TestSuiteExecutor.java:129)
	at com.kms.katalon.core.main.TestSuiteExecutor.accessTestSuiteMainPhase(TestSuiteExecutor.java:112)
	at com.kms.katalon.core.main.TestSuiteExecutor.execute(TestSuiteExecutor.java:81)
	at com.kms.katalon.core.main.TestCaseMain.startTestSuite(TestCaseMain.java:149)
	at com.kms.katalon.core.main.TestCaseMain$startTestSuite$0.call(Unknown Source)
	at TempTestSuite1546500703440.run(TempTestSuite1546500703440.groovy:36)


2019-01-03 12:39:45 - [TEST_STEP][FAILED] - openBrowser(""): openBrowser("") FAILED.
Reason:
com.kms.katalon.core.exception.StepFailedException: Unable to open browser with url: '' (Root cause: org.openqa.selenium.WebDriverException: java.net.SocketException: Permission denied: connect
Build info: version: '3.7.1', revision: '8a0099a', time: '2017-11-06T21:07:36.161Z'
System info: host: 'DESKTOP-2D7LI1O', ip: '192.168.137.1', os.name: 'Windows 10', os.arch: 'amd64', os.version: '10.0', java.version: '1.8.0_181'
Driver info: driver.version: CChromeDriver)
	at com.kms.katalon.core.keyword.internal.KeywordMain.stepFailed(KeywordMain.groovy:36)
	at com.kms.katalon.core.webui.keyword.internal.WebUIKeywordMain.stepFailed(WebUIKeywordMain.groovy:65)
	at com.kms.katalon.core.webui.keyword.internal.WebUIKeywordMain.runKeyword(WebUIKeywordMain.groovy:27)
	at com.kms.katalon.core.webui.keyword.builtin.OpenBrowserKeyword.openBrowser(OpenBrowserKeyword.groovy:81)
	at com.kms.katalon.core.webui.keyword.builtin.OpenBrowserKeyword.execute(OpenBrowserKeyword.groovy:67)
	at com.kms.katalon.core.keyword.internal.KeywordExecutor.executeKeywordForPlatform(KeywordExecutor.groovy:53)
	at com.kms.katalon.core.webui.keyword.WebUiBuiltInKeywords.openBrowser(WebUiBuiltInKeywords.groovy:60)
	at com.kms.katalon.core.webui.keyword.WebUiBuiltInKeywords$openBrowser.call(Unknown Source)
	at Privacy Policy-footer.run(Privacy Policy-footer:16)
	at com.kms.katalon.core.main.ScriptEngine.run(ScriptEngine.java:194)
	at com.kms.katalon.core.main.ScriptEngine.runScriptAsRawText(ScriptEngine.java:119)
	at com.kms.katalon.core.main.TestCaseExecutor.runScript(TestCaseExecutor.java:328)
	at com.kms.katalon.core.main.TestCaseExecutor.doExecute(TestCaseExecutor.java:319)
	at com.kms.katalon.core.main.TestCaseExecutor.processExecutionPhase(TestCaseExecutor.java:298)
	at com.kms.katalon.core.main.TestCaseExecutor.accessMainPhase(TestCaseExecutor.java:290)
	at com.kms.katalon.core.main.TestCaseExecutor.execute(TestCaseExecutor.java:224)
	at com.kms.katalon.core.main.TestSuiteExecutor.accessTestCaseMainPhase(TestSuiteExecutor.java:129)
	at com.kms.katalon.core.main.TestSuiteExecutor.accessTestSuiteMainPhase(TestSuiteExecutor.java:112)
	at com.kms.katalon.core.main.TestSuiteExecutor.execute(TestSuiteExecutor.java:81)
	at com.kms.katalon.core.main.TestCaseMain.startTestSuite(TestCaseMain.java:149)
	at com.kms.katalon.core.main.TestCaseMain$startTestSuite$0.call(Unknown Source)
	at TempTestSuite1546500703440.run(TempTestSuite1546500703440.groovy:36)


2019-01-03 12:39:45 - [MESSAGE][WARNING] - A browser is already opened. Closing browser and opening a new one

2019-01-03 12:39:46 - [MESSAGE][INFO] - Starting 'Chrome' driver

2019-01-03 12:39:46 - [MESSAGE][FAILED] - Unable to open browser with url: '' (Root cause: org.openqa.selenium.WebDriverException: java.net.SocketException: Permission denied: connect
Build info: version: '3.7.1', revision: '8a0099a', time: '2017-11-06T21:07:36.161Z'
System info: host: 'DESKTOP-2D7LI1O', ip: '192.168.137.1', os.name: 'Windows 10', os.arch: 'amd64', os.version: '10.0', java.version: '1.8.0_181'
Driver info: driver.version: CChromeDriver)

2019-01-03 12:39:46 - [MESSAGE][FAILED] - openBrowser("") FAILED.
Reason:
com.kms.katalon.core.exception.StepFailedException: Unable to open browser with url: '' (Root cause: org.openqa.selenium.WebDriverException: java.net.SocketException: Permission denied: connect
Build info: version: '3.7.1', revision: '8a0099a', time: '2017-11-06T21:07:36.161Z'
System info: host: 'DESKTOP-2D7LI1O', ip: '192.168.137.1', os.name: 'Windows 10', os.arch: 'amd64', os.version: '10.0', java.version: '1.8.0_181'
Driver info: driver.version: CChromeDriver)
	at com.kms.katalon.core.keyword.internal.KeywordMain.stepFailed(KeywordMain.groovy:36)
	at com.kms.katalon.core.webui.keyword.internal.WebUIKeywordMain.stepFailed(WebUIKeywordMain.groovy:65)
	at com.kms.katalon.core.webui.keyword.internal.WebUIKeywordMain.runKeyword(WebUIKeywordMain.groovy:27)
	at com.kms.katalon.core.webui.keyword.builtin.OpenBrowserKeyword.openBrowser(OpenBrowserKeyword.groovy:81)
	at com.kms.katalon.core.webui.keyword.builtin.OpenBrowserKeyword.execute(OpenBrowserKeyword.groovy:67)
	at com.kms.katalon.core.keyword.internal.KeywordExecutor.executeKeywordForPlatform(KeywordExecutor.groovy:53)
	at com.kms.katalon.core.webui.keyword.WebUiBuiltInKeywords.openBrowser(WebUiBuiltInKeywords.groovy:60)
	at com.kms.katalon.core.webui.keyword.WebUiBuiltInKeywords$openBrowser.call(Unknown Source)
	at Privacy Policy-footer.run(Privacy Policy-footer:16)
	at com.kms.katalon.core.main.ScriptEngine.run(ScriptEngine.java:194)
	at com.kms.katalon.core.main.ScriptEngine.runScriptAsRawText(ScriptEngine.java:119)
	at com.kms.katalon.core.main.TestCaseExecutor.runScript(TestCaseExecutor.java:328)
	at com.kms.katalon.core.main.TestCaseExecutor.doExecute(TestCaseExecutor.java:319)
	at com.kms.katalon.core.main.TestCaseExecutor.processExecutionPhase(TestCaseExecutor.java:298)
	at com.kms.katalon.core.main.TestCaseExecutor.accessMainPhase(TestCaseExecutor.java:290)
	at com.kms.katalon.core.main.TestCaseExecutor.execute(TestCaseExecutor.java:224)
	at com.kms.katalon.core.main.TestSuiteExecutor.accessTestCaseMainPhase(TestSuiteExecutor.java:129)
	at com.kms.katalon.core.main.TestSuiteExecutor.accessTestSuiteMainPhase(TestSuiteExecutor.java:112)
	at com.kms.katalon.core.main.TestSuiteExecutor.execute(TestSuiteExecutor.java:81)
	at com.kms.katalon.core.main.TestCaseMain.startTestSuite(TestCaseMain.java:149)
	at com.kms.katalon.core.main.TestCaseMain$startTestSuite$0.call(Unknown Source)
	at TempTestSuite1546500703440.run(TempTestSuite1546500703440.groovy:36)


2019-01-03 12:39:46 - [TEST_STEP][PASSED] - Start listener action : sampleAfterTestCase: null

2019-01-03 12:39:46 - [TEST_STEP][PASSED] - println(testCaseContext.getTestCaseId()): null

2019-01-03 12:39:46 - [TEST_STEP][PASSED] - println(testCaseContext.getTestCaseStatus()): null]]></system-out>
         <system-err><![CDATA[2019-01-03 12:39:44 - [TEST_CASE][FAILED] - Test Cases/footer/Privacy Policy-footer: Test Cases/footer/Privacy Policy-footer FAILED.
Reason:
com.kms.katalon.core.exception.StepFailedException: Unable to open browser with url: '' (Root cause: org.openqa.selenium.WebDriverException: java.net.SocketException: Permission denied: connect
Build info: version: '3.7.1', revision: '8a0099a', time: '2017-11-06T21:07:36.161Z'
System info: host: 'DESKTOP-2D7LI1O', ip: '192.168.137.1', os.name: 'Windows 10', os.arch: 'amd64', os.version: '10.0', java.version: '1.8.0_181'
Driver info: driver.version: CChromeDriver)
	at com.kms.katalon.core.keyword.internal.KeywordMain.stepFailed(KeywordMain.groovy:36)
	at com.kms.katalon.core.webui.keyword.internal.WebUIKeywordMain.stepFailed(WebUIKeywordMain.groovy:65)
	at com.kms.katalon.core.webui.keyword.internal.WebUIKeywordMain.runKeyword(WebUIKeywordMain.groovy:27)
	at com.kms.katalon.core.webui.keyword.builtin.OpenBrowserKeyword.openBrowser(OpenBrowserKeyword.groovy:81)
	at com.kms.katalon.core.webui.keyword.builtin.OpenBrowserKeyword.execute(OpenBrowserKeyword.groovy:67)
	at com.kms.katalon.core.keyword.internal.KeywordExecutor.executeKeywordForPlatform(KeywordExecutor.groovy:53)
	at com.kms.katalon.core.webui.keyword.WebUiBuiltInKeywords.openBrowser(WebUiBuiltInKeywords.groovy:60)
	at com.kms.katalon.core.webui.keyword.WebUiBuiltInKeywords$openBrowser.call(Unknown Source)
	at Privacy Policy-footer.run(Privacy Policy-footer:16)
	at com.kms.katalon.core.main.ScriptEngine.run(ScriptEngine.java:194)
	at com.kms.katalon.core.main.ScriptEngine.runScriptAsRawText(ScriptEngine.java:119)
	at com.kms.katalon.core.main.TestCaseExecutor.runScript(TestCaseExecutor.java:328)
	at com.kms.katalon.core.main.TestCaseExecutor.doExecute(TestCaseExecutor.java:319)
	at com.kms.katalon.core.main.TestCaseExecutor.processExecutionPhase(TestCaseExecutor.java:298)
	at com.kms.katalon.core.main.TestCaseExecutor.accessMainPhase(TestCaseExecutor.java:290)
	at com.kms.katalon.core.main.TestCaseExecutor.execute(TestCaseExecutor.java:224)
	at com.kms.katalon.core.main.TestSuiteExecutor.accessTestCaseMainPhase(TestSuiteExecutor.java:129)
	at com.kms.katalon.core.main.TestSuiteExecutor.accessTestSuiteMainPhase(TestSuiteExecutor.java:112)
	at com.kms.katalon.core.main.TestSuiteExecutor.execute(TestSuiteExecutor.java:81)
	at com.kms.katalon.core.main.TestCaseMain.startTestSuite(TestCaseMain.java:149)
	at com.kms.katalon.core.main.TestCaseMain$startTestSuite$0.call(Unknown Source)
	at TempTestSuite1546500703440.run(TempTestSuite1546500703440.groovy:36)]]></system-err>
      </testcase>
      <testcase name="Test Cases/footer/repurchase-footer" classname="Test Cases/footer/repurchase-footer" status="FAILED">
         <failure type="FAILED" message="Test Cases/footer/repurchase-footer FAILED.
Reason:
com.kms.katalon.core.exception.StepFailedException: Unable to open browser with url: '' (Root cause: org.openqa.selenium.WebDriverException: Timed out waiting for driver server to start.
Build info: version: '3.7.1', revision: '8a0099a', time: '2017-11-06T21:07:36.161Z'
System info: host: 'DESKTOP-2D7LI1O', ip: '192.168.137.1', os.name: 'Windows 10', os.arch: 'amd64', os.version: '10.0', java.version: '1.8.0_181'
Driver info: driver.version: CChromeDriver)
	at com.kms.katalon.core.keyword.internal.KeywordMain.stepFailed(KeywordMain.groovy:36)
	at com.kms.katalon.core.webui.keyword.internal.WebUIKeywordMain.stepFailed(WebUIKeywordMain.groovy:65)
	at com.kms.katalon.core.webui.keyword.internal.WebUIKeywordMain.runKeyword(WebUIKeywordMain.groovy:27)
	at com.kms.katalon.core.webui.keyword.builtin.OpenBrowserKeyword.openBrowser(OpenBrowserKeyword.groovy:81)
	at com.kms.katalon.core.webui.keyword.builtin.OpenBrowserKeyword.execute(OpenBrowserKeyword.groovy:67)
	at com.kms.katalon.core.keyword.internal.KeywordExecutor.executeKeywordForPlatform(KeywordExecutor.groovy:53)
	at com.kms.katalon.core.webui.keyword.WebUiBuiltInKeywords.openBrowser(WebUiBuiltInKeywords.groovy:60)
	at com.kms.katalon.core.webui.keyword.WebUiBuiltInKeywords$openBrowser.call(Unknown Source)
	at repurchase-footer.run(repurchase-footer:16)
	at com.kms.katalon.core.main.ScriptEngine.run(ScriptEngine.java:194)
	at com.kms.katalon.core.main.ScriptEngine.runScriptAsRawText(ScriptEngine.java:119)
	at com.kms.katalon.core.main.TestCaseExecutor.runScript(TestCaseExecutor.java:328)
	at com.kms.katalon.core.main.TestCaseExecutor.doExecute(TestCaseExecutor.java:319)
	at com.kms.katalon.core.main.TestCaseExecutor.processExecutionPhase(TestCaseExecutor.java:298)
	at com.kms.katalon.core.main.TestCaseExecutor.accessMainPhase(TestCaseExecutor.java:290)
	at com.kms.katalon.core.main.TestCaseExecutor.execute(TestCaseExecutor.java:224)
	at com.kms.katalon.core.main.TestSuiteExecutor.accessTestCaseMainPhase(TestSuiteExecutor.java:129)
	at com.kms.katalon.core.main.TestSuiteExecutor.accessTestSuiteMainPhase(TestSuiteExecutor.java:112)
	at com.kms.katalon.core.main.TestSuiteExecutor.execute(TestSuiteExecutor.java:81)
	at com.kms.katalon.core.main.TestCaseMain.startTestSuite(TestCaseMain.java:149)
	at com.kms.katalon.core.main.TestCaseMain$startTestSuite$0.call(Unknown Source)
	at TempTestSuite1546500703440.run(TempTestSuite1546500703440.groovy:36)
"/>
         <system-out><![CDATA[2019-01-03 12:39:46 - [TEST_CASE][FAILED] - Test Cases/footer/repurchase-footer: Test Cases/footer/repurchase-footer FAILED.
Reason:
com.kms.katalon.core.exception.StepFailedException: Unable to open browser with url: '' (Root cause: org.openqa.selenium.WebDriverException: Timed out waiting for driver server to start.
Build info: version: '3.7.1', revision: '8a0099a', time: '2017-11-06T21:07:36.161Z'
System info: host: 'DESKTOP-2D7LI1O', ip: '192.168.137.1', os.name: 'Windows 10', os.arch: 'amd64', os.version: '10.0', java.version: '1.8.0_181'
Driver info: driver.version: CChromeDriver)
	at com.kms.katalon.core.keyword.internal.KeywordMain.stepFailed(KeywordMain.groovy:36)
	at com.kms.katalon.core.webui.keyword.internal.WebUIKeywordMain.stepFailed(WebUIKeywordMain.groovy:65)
	at com.kms.katalon.core.webui.keyword.internal.WebUIKeywordMain.runKeyword(WebUIKeywordMain.groovy:27)
	at com.kms.katalon.core.webui.keyword.builtin.OpenBrowserKeyword.openBrowser(OpenBrowserKeyword.groovy:81)
	at com.kms.katalon.core.webui.keyword.builtin.OpenBrowserKeyword.execute(OpenBrowserKeyword.groovy:67)
	at com.kms.katalon.core.keyword.internal.KeywordExecutor.executeKeywordForPlatform(KeywordExecutor.groovy:53)
	at com.kms.katalon.core.webui.keyword.WebUiBuiltInKeywords.openBrowser(WebUiBuiltInKeywords.groovy:60)
	at com.kms.katalon.core.webui.keyword.WebUiBuiltInKeywords$openBrowser.call(Unknown Source)
	at repurchase-footer.run(repurchase-footer:16)
	at com.kms.katalon.core.main.ScriptEngine.run(ScriptEngine.java:194)
	at com.kms.katalon.core.main.ScriptEngine.runScriptAsRawText(ScriptEngine.java:119)
	at com.kms.katalon.core.main.TestCaseExecutor.runScript(TestCaseExecutor.java:328)
	at com.kms.katalon.core.main.TestCaseExecutor.doExecute(TestCaseExecutor.java:319)
	at com.kms.katalon.core.main.TestCaseExecutor.processExecutionPhase(TestCaseExecutor.java:298)
	at com.kms.katalon.core.main.TestCaseExecutor.accessMainPhase(TestCaseExecutor.java:290)
	at com.kms.katalon.core.main.TestCaseExecutor.execute(TestCaseExecutor.java:224)
	at com.kms.katalon.core.main.TestSuiteExecutor.accessTestCaseMainPhase(TestSuiteExecutor.java:129)
	at com.kms.katalon.core.main.TestSuiteExecutor.accessTestSuiteMainPhase(TestSuiteExecutor.java:112)
	at com.kms.katalon.core.main.TestSuiteExecutor.execute(TestSuiteExecutor.java:81)
	at com.kms.katalon.core.main.TestCaseMain.startTestSuite(TestCaseMain.java:149)
	at com.kms.katalon.core.main.TestCaseMain$startTestSuite$0.call(Unknown Source)
	at TempTestSuite1546500703440.run(TempTestSuite1546500703440.groovy:36)


2019-01-03 12:39:46 - [TEST_STEP][FAILED] - openBrowser(""): openBrowser("") FAILED.
Reason:
com.kms.katalon.core.exception.StepFailedException: Unable to open browser with url: '' (Root cause: org.openqa.selenium.WebDriverException: Timed out waiting for driver server to start.
Build info: version: '3.7.1', revision: '8a0099a', time: '2017-11-06T21:07:36.161Z'
System info: host: 'DESKTOP-2D7LI1O', ip: '192.168.137.1', os.name: 'Windows 10', os.arch: 'amd64', os.version: '10.0', java.version: '1.8.0_181'
Driver info: driver.version: CChromeDriver)
	at com.kms.katalon.core.keyword.internal.KeywordMain.stepFailed(KeywordMain.groovy:36)
	at com.kms.katalon.core.webui.keyword.internal.WebUIKeywordMain.stepFailed(WebUIKeywordMain.groovy:65)
	at com.kms.katalon.core.webui.keyword.internal.WebUIKeywordMain.runKeyword(WebUIKeywordMain.groovy:27)
	at com.kms.katalon.core.webui.keyword.builtin.OpenBrowserKeyword.openBrowser(OpenBrowserKeyword.groovy:81)
	at com.kms.katalon.core.webui.keyword.builtin.OpenBrowserKeyword.execute(OpenBrowserKeyword.groovy:67)
	at com.kms.katalon.core.keyword.internal.KeywordExecutor.executeKeywordForPlatform(KeywordExecutor.groovy:53)
	at com.kms.katalon.core.webui.keyword.WebUiBuiltInKeywords.openBrowser(WebUiBuiltInKeywords.groovy:60)
	at com.kms.katalon.core.webui.keyword.WebUiBuiltInKeywords$openBrowser.call(Unknown Source)
	at repurchase-footer.run(repurchase-footer:16)
	at com.kms.katalon.core.main.ScriptEngine.run(ScriptEngine.java:194)
	at com.kms.katalon.core.main.ScriptEngine.runScriptAsRawText(ScriptEngine.java:119)
	at com.kms.katalon.core.main.TestCaseExecutor.runScript(TestCaseExecutor.java:328)
	at com.kms.katalon.core.main.TestCaseExecutor.doExecute(TestCaseExecutor.java:319)
	at com.kms.katalon.core.main.TestCaseExecutor.processExecutionPhase(TestCaseExecutor.java:298)
	at com.kms.katalon.core.main.TestCaseExecutor.accessMainPhase(TestCaseExecutor.java:290)
	at com.kms.katalon.core.main.TestCaseExecutor.execute(TestCaseExecutor.java:224)
	at com.kms.katalon.core.main.TestSuiteExecutor.accessTestCaseMainPhase(TestSuiteExecutor.java:129)
	at com.kms.katalon.core.main.TestSuiteExecutor.accessTestSuiteMainPhase(TestSuiteExecutor.java:112)
	at com.kms.katalon.core.main.TestSuiteExecutor.execute(TestSuiteExecutor.java:81)
	at com.kms.katalon.core.main.TestCaseMain.startTestSuite(TestCaseMain.java:149)
	at com.kms.katalon.core.main.TestCaseMain$startTestSuite$0.call(Unknown Source)
	at TempTestSuite1546500703440.run(TempTestSuite1546500703440.groovy:36)


2019-01-03 12:39:46 - [MESSAGE][INFO] - Starting 'Chrome' driver

2019-01-03 12:40:06 - [MESSAGE][FAILED] - Unable to open browser with url: '' (Root cause: org.openqa.selenium.WebDriverException: Timed out waiting for driver server to start.
Build info: version: '3.7.1', revision: '8a0099a', time: '2017-11-06T21:07:36.161Z'
System info: host: 'DESKTOP-2D7LI1O', ip: '192.168.137.1', os.name: 'Windows 10', os.arch: 'amd64', os.version: '10.0', java.version: '1.8.0_181'
Driver info: driver.version: CChromeDriver)

2019-01-03 12:40:06 - [MESSAGE][FAILED] - openBrowser("") FAILED.
Reason:
com.kms.katalon.core.exception.StepFailedException: Unable to open browser with url: '' (Root cause: org.openqa.selenium.WebDriverException: Timed out waiting for driver server to start.
Build info: version: '3.7.1', revision: '8a0099a', time: '2017-11-06T21:07:36.161Z'
System info: host: 'DESKTOP-2D7LI1O', ip: '192.168.137.1', os.name: 'Windows 10', os.arch: 'amd64', os.version: '10.0', java.version: '1.8.0_181'
Driver info: driver.version: CChromeDriver)
	at com.kms.katalon.core.keyword.internal.KeywordMain.stepFailed(KeywordMain.groovy:36)
	at com.kms.katalon.core.webui.keyword.internal.WebUIKeywordMain.stepFailed(WebUIKeywordMain.groovy:65)
	at com.kms.katalon.core.webui.keyword.internal.WebUIKeywordMain.runKeyword(WebUIKeywordMain.groovy:27)
	at com.kms.katalon.core.webui.keyword.builtin.OpenBrowserKeyword.openBrowser(OpenBrowserKeyword.groovy:81)
	at com.kms.katalon.core.webui.keyword.builtin.OpenBrowserKeyword.execute(OpenBrowserKeyword.groovy:67)
	at com.kms.katalon.core.keyword.internal.KeywordExecutor.executeKeywordForPlatform(KeywordExecutor.groovy:53)
	at com.kms.katalon.core.webui.keyword.WebUiBuiltInKeywords.openBrowser(WebUiBuiltInKeywords.groovy:60)
	at com.kms.katalon.core.webui.keyword.WebUiBuiltInKeywords$openBrowser.call(Unknown Source)
	at repurchase-footer.run(repurchase-footer:16)
	at com.kms.katalon.core.main.ScriptEngine.run(ScriptEngine.java:194)
	at com.kms.katalon.core.main.ScriptEngine.runScriptAsRawText(ScriptEngine.java:119)
	at com.kms.katalon.core.main.TestCaseExecutor.runScript(TestCaseExecutor.java:328)
	at com.kms.katalon.core.main.TestCaseExecutor.doExecute(TestCaseExecutor.java:319)
	at com.kms.katalon.core.main.TestCaseExecutor.processExecutionPhase(TestCaseExecutor.java:298)
	at com.kms.katalon.core.main.TestCaseExecutor.accessMainPhase(TestCaseExecutor.java:290)
	at com.kms.katalon.core.main.TestCaseExecutor.execute(TestCaseExecutor.java:224)
	at com.kms.katalon.core.main.TestSuiteExecutor.accessTestCaseMainPhase(TestSuiteExecutor.java:129)
	at com.kms.katalon.core.main.TestSuiteExecutor.accessTestSuiteMainPhase(TestSuiteExecutor.java:112)
	at com.kms.katalon.core.main.TestSuiteExecutor.execute(TestSuiteExecutor.java:81)
	at com.kms.katalon.core.main.TestCaseMain.startTestSuite(TestCaseMain.java:149)
	at com.kms.katalon.core.main.TestCaseMain$startTestSuite$0.call(Unknown Source)
	at TempTestSuite1546500703440.run(TempTestSuite1546500703440.groovy:36)


2019-01-03 12:40:06 - [TEST_STEP][PASSED] - Start listener action : sampleAfterTestCase: null

2019-01-03 12:40:06 - [TEST_STEP][PASSED] - println(testCaseContext.getTestCaseId()): null

2019-01-03 12:40:06 - [TEST_STEP][PASSED] - println(testCaseContext.getTestCaseStatus()): null]]></system-out>
         <system-err><![CDATA[2019-01-03 12:39:46 - [TEST_CASE][FAILED] - Test Cases/footer/repurchase-footer: Test Cases/footer/repurchase-footer FAILED.
Reason:
com.kms.katalon.core.exception.StepFailedException: Unable to open browser with url: '' (Root cause: org.openqa.selenium.WebDriverException: Timed out waiting for driver server to start.
Build info: version: '3.7.1', revision: '8a0099a', time: '2017-11-06T21:07:36.161Z'
System info: host: 'DESKTOP-2D7LI1O', ip: '192.168.137.1', os.name: 'Windows 10', os.arch: 'amd64', os.version: '10.0', java.version: '1.8.0_181'
Driver info: driver.version: CChromeDriver)
	at com.kms.katalon.core.keyword.internal.KeywordMain.stepFailed(KeywordMain.groovy:36)
	at com.kms.katalon.core.webui.keyword.internal.WebUIKeywordMain.stepFailed(WebUIKeywordMain.groovy:65)
	at com.kms.katalon.core.webui.keyword.internal.WebUIKeywordMain.runKeyword(WebUIKeywordMain.groovy:27)
	at com.kms.katalon.core.webui.keyword.builtin.OpenBrowserKeyword.openBrowser(OpenBrowserKeyword.groovy:81)
	at com.kms.katalon.core.webui.keyword.builtin.OpenBrowserKeyword.execute(OpenBrowserKeyword.groovy:67)
	at com.kms.katalon.core.keyword.internal.KeywordExecutor.executeKeywordForPlatform(KeywordExecutor.groovy:53)
	at com.kms.katalon.core.webui.keyword.WebUiBuiltInKeywords.openBrowser(WebUiBuiltInKeywords.groovy:60)
	at com.kms.katalon.core.webui.keyword.WebUiBuiltInKeywords$openBrowser.call(Unknown Source)
	at repurchase-footer.run(repurchase-footer:16)
	at com.kms.katalon.core.main.ScriptEngine.run(ScriptEngine.java:194)
	at com.kms.katalon.core.main.ScriptEngine.runScriptAsRawText(ScriptEngine.java:119)
	at com.kms.katalon.core.main.TestCaseExecutor.runScript(TestCaseExecutor.java:328)
	at com.kms.katalon.core.main.TestCaseExecutor.doExecute(TestCaseExecutor.java:319)
	at com.kms.katalon.core.main.TestCaseExecutor.processExecutionPhase(TestCaseExecutor.java:298)
	at com.kms.katalon.core.main.TestCaseExecutor.accessMainPhase(TestCaseExecutor.java:290)
	at com.kms.katalon.core.main.TestCaseExecutor.execute(TestCaseExecutor.java:224)
	at com.kms.katalon.core.main.TestSuiteExecutor.accessTestCaseMainPhase(TestSuiteExecutor.java:129)
	at com.kms.katalon.core.main.TestSuiteExecutor.accessTestSuiteMainPhase(TestSuiteExecutor.java:112)
	at com.kms.katalon.core.main.TestSuiteExecutor.execute(TestSuiteExecutor.java:81)
	at com.kms.katalon.core.main.TestCaseMain.startTestSuite(TestCaseMain.java:149)
	at com.kms.katalon.core.main.TestCaseMain$startTestSuite$0.call(Unknown Source)
	at TempTestSuite1546500703440.run(TempTestSuite1546500703440.groovy:36)]]></system-err>
      </testcase>
      <testcase name="Test Cases/footer/sell a property" classname="Test Cases/footer/sell a property" status="FAILED">
         <failure type="FAILED" message="Test Cases/footer/sell a property FAILED.
Reason:
com.kms.katalon.core.exception.StepFailedException: Unable to open browser with url: '' (Root cause: org.openqa.selenium.WebDriverException: Timed out waiting for driver server to start.
Build info: version: '3.7.1', revision: '8a0099a', time: '2017-11-06T21:07:36.161Z'
System info: host: 'DESKTOP-2D7LI1O', ip: '192.168.137.1', os.name: 'Windows 10', os.arch: 'amd64', os.version: '10.0', java.version: '1.8.0_181'
Driver info: driver.version: CChromeDriver)
	at com.kms.katalon.core.keyword.internal.KeywordMain.stepFailed(KeywordMain.groovy:36)
	at com.kms.katalon.core.webui.keyword.internal.WebUIKeywordMain.stepFailed(WebUIKeywordMain.groovy:65)
	at com.kms.katalon.core.webui.keyword.internal.WebUIKeywordMain.runKeyword(WebUIKeywordMain.groovy:27)
	at com.kms.katalon.core.webui.keyword.builtin.OpenBrowserKeyword.openBrowser(OpenBrowserKeyword.groovy:81)
	at com.kms.katalon.core.webui.keyword.builtin.OpenBrowserKeyword.execute(OpenBrowserKeyword.groovy:67)
	at com.kms.katalon.core.keyword.internal.KeywordExecutor.executeKeywordForPlatform(KeywordExecutor.groovy:53)
	at com.kms.katalon.core.webui.keyword.WebUiBuiltInKeywords.openBrowser(WebUiBuiltInKeywords.groovy:60)
	at com.kms.katalon.core.webui.keyword.WebUiBuiltInKeywords$openBrowser.call(Unknown Source)
	at sell a property.run(sell a property:16)
	at com.kms.katalon.core.main.ScriptEngine.run(ScriptEngine.java:194)
	at com.kms.katalon.core.main.ScriptEngine.runScriptAsRawText(ScriptEngine.java:119)
	at com.kms.katalon.core.main.TestCaseExecutor.runScript(TestCaseExecutor.java:328)
	at com.kms.katalon.core.main.TestCaseExecutor.doExecute(TestCaseExecutor.java:319)
	at com.kms.katalon.core.main.TestCaseExecutor.processExecutionPhase(TestCaseExecutor.java:298)
	at com.kms.katalon.core.main.TestCaseExecutor.accessMainPhase(TestCaseExecutor.java:290)
	at com.kms.katalon.core.main.TestCaseExecutor.execute(TestCaseExecutor.java:224)
	at com.kms.katalon.core.main.TestSuiteExecutor.accessTestCaseMainPhase(TestSuiteExecutor.java:129)
	at com.kms.katalon.core.main.TestSuiteExecutor.accessTestSuiteMainPhase(TestSuiteExecutor.java:112)
	at com.kms.katalon.core.main.TestSuiteExecutor.execute(TestSuiteExecutor.java:81)
	at com.kms.katalon.core.main.TestCaseMain.startTestSuite(TestCaseMain.java:149)
	at com.kms.katalon.core.main.TestCaseMain$startTestSuite$0.call(Unknown Source)
	at TempTestSuite1546500703440.run(TempTestSuite1546500703440.groovy:36)
"/>
         <system-out><![CDATA[2019-01-03 12:40:06 - [TEST_CASE][FAILED] - Test Cases/footer/sell a property: Test Cases/footer/sell a property FAILED.
Reason:
com.kms.katalon.core.exception.StepFailedException: Unable to open browser with url: '' (Root cause: org.openqa.selenium.WebDriverException: Timed out waiting for driver server to start.
Build info: version: '3.7.1', revision: '8a0099a', time: '2017-11-06T21:07:36.161Z'
System info: host: 'DESKTOP-2D7LI1O', ip: '192.168.137.1', os.name: 'Windows 10', os.arch: 'amd64', os.version: '10.0', java.version: '1.8.0_181'
Driver info: driver.version: CChromeDriver)
	at com.kms.katalon.core.keyword.internal.KeywordMain.stepFailed(KeywordMain.groovy:36)
	at com.kms.katalon.core.webui.keyword.internal.WebUIKeywordMain.stepFailed(WebUIKeywordMain.groovy:65)
	at com.kms.katalon.core.webui.keyword.internal.WebUIKeywordMain.runKeyword(WebUIKeywordMain.groovy:27)
	at com.kms.katalon.core.webui.keyword.builtin.OpenBrowserKeyword.openBrowser(OpenBrowserKeyword.groovy:81)
	at com.kms.katalon.core.webui.keyword.builtin.OpenBrowserKeyword.execute(OpenBrowserKeyword.groovy:67)
	at com.kms.katalon.core.keyword.internal.KeywordExecutor.executeKeywordForPlatform(KeywordExecutor.groovy:53)
	at com.kms.katalon.core.webui.keyword.WebUiBuiltInKeywords.openBrowser(WebUiBuiltInKeywords.groovy:60)
	at com.kms.katalon.core.webui.keyword.WebUiBuiltInKeywords$openBrowser.call(Unknown Source)
	at sell a property.run(sell a property:16)
	at com.kms.katalon.core.main.ScriptEngine.run(ScriptEngine.java:194)
	at com.kms.katalon.core.main.ScriptEngine.runScriptAsRawText(ScriptEngine.java:119)
	at com.kms.katalon.core.main.TestCaseExecutor.runScript(TestCaseExecutor.java:328)
	at com.kms.katalon.core.main.TestCaseExecutor.doExecute(TestCaseExecutor.java:319)
	at com.kms.katalon.core.main.TestCaseExecutor.processExecutionPhase(TestCaseExecutor.java:298)
	at com.kms.katalon.core.main.TestCaseExecutor.accessMainPhase(TestCaseExecutor.java:290)
	at com.kms.katalon.core.main.TestCaseExecutor.execute(TestCaseExecutor.java:224)
	at com.kms.katalon.core.main.TestSuiteExecutor.accessTestCaseMainPhase(TestSuiteExecutor.java:129)
	at com.kms.katalon.core.main.TestSuiteExecutor.accessTestSuiteMainPhase(TestSuiteExecutor.java:112)
	at com.kms.katalon.core.main.TestSuiteExecutor.execute(TestSuiteExecutor.java:81)
	at com.kms.katalon.core.main.TestCaseMain.startTestSuite(TestCaseMain.java:149)
	at com.kms.katalon.core.main.TestCaseMain$startTestSuite$0.call(Unknown Source)
	at TempTestSuite1546500703440.run(TempTestSuite1546500703440.groovy:36)


2019-01-03 12:40:07 - [TEST_STEP][FAILED] - openBrowser(""): openBrowser("") FAILED.
Reason:
com.kms.katalon.core.exception.StepFailedException: Unable to open browser with url: '' (Root cause: org.openqa.selenium.WebDriverException: Timed out waiting for driver server to start.
Build info: version: '3.7.1', revision: '8a0099a', time: '2017-11-06T21:07:36.161Z'
System info: host: 'DESKTOP-2D7LI1O', ip: '192.168.137.1', os.name: 'Windows 10', os.arch: 'amd64', os.version: '10.0', java.version: '1.8.0_181'
Driver info: driver.version: CChromeDriver)
	at com.kms.katalon.core.keyword.internal.KeywordMain.stepFailed(KeywordMain.groovy:36)
	at com.kms.katalon.core.webui.keyword.internal.WebUIKeywordMain.stepFailed(WebUIKeywordMain.groovy:65)
	at com.kms.katalon.core.webui.keyword.internal.WebUIKeywordMain.runKeyword(WebUIKeywordMain.groovy:27)
	at com.kms.katalon.core.webui.keyword.builtin.OpenBrowserKeyword.openBrowser(OpenBrowserKeyword.groovy:81)
	at com.kms.katalon.core.webui.keyword.builtin.OpenBrowserKeyword.execute(OpenBrowserKeyword.groovy:67)
	at com.kms.katalon.core.keyword.internal.KeywordExecutor.executeKeywordForPlatform(KeywordExecutor.groovy:53)
	at com.kms.katalon.core.webui.keyword.WebUiBuiltInKeywords.openBrowser(WebUiBuiltInKeywords.groovy:60)
	at com.kms.katalon.core.webui.keyword.WebUiBuiltInKeywords$openBrowser.call(Unknown Source)
	at sell a property.run(sell a property:16)
	at com.kms.katalon.core.main.ScriptEngine.run(ScriptEngine.java:194)
	at com.kms.katalon.core.main.ScriptEngine.runScriptAsRawText(ScriptEngine.java:119)
	at com.kms.katalon.core.main.TestCaseExecutor.runScript(TestCaseExecutor.java:328)
	at com.kms.katalon.core.main.TestCaseExecutor.doExecute(TestCaseExecutor.java:319)
	at com.kms.katalon.core.main.TestCaseExecutor.processExecutionPhase(TestCaseExecutor.java:298)
	at com.kms.katalon.core.main.TestCaseExecutor.accessMainPhase(TestCaseExecutor.java:290)
	at com.kms.katalon.core.main.TestCaseExecutor.execute(TestCaseExecutor.java:224)
	at com.kms.katalon.core.main.TestSuiteExecutor.accessTestCaseMainPhase(TestSuiteExecutor.java:129)
	at com.kms.katalon.core.main.TestSuiteExecutor.accessTestSuiteMainPhase(TestSuiteExecutor.java:112)
	at com.kms.katalon.core.main.TestSuiteExecutor.execute(TestSuiteExecutor.java:81)
	at com.kms.katalon.core.main.TestCaseMain.startTestSuite(TestCaseMain.java:149)
	at com.kms.katalon.core.main.TestCaseMain$startTestSuite$0.call(Unknown Source)
	at TempTestSuite1546500703440.run(TempTestSuite1546500703440.groovy:36)


2019-01-03 12:40:07 - [MESSAGE][INFO] - Starting 'Chrome' driver

2019-01-03 12:40:27 - [MESSAGE][FAILED] - Unable to open browser with url: '' (Root cause: org.openqa.selenium.WebDriverException: Timed out waiting for driver server to start.
Build info: version: '3.7.1', revision: '8a0099a', time: '2017-11-06T21:07:36.161Z'
System info: host: 'DESKTOP-2D7LI1O', ip: '192.168.137.1', os.name: 'Windows 10', os.arch: 'amd64', os.version: '10.0', java.version: '1.8.0_181'
Driver info: driver.version: CChromeDriver)

2019-01-03 12:40:27 - [MESSAGE][FAILED] - openBrowser("") FAILED.
Reason:
com.kms.katalon.core.exception.StepFailedException: Unable to open browser with url: '' (Root cause: org.openqa.selenium.WebDriverException: Timed out waiting for driver server to start.
Build info: version: '3.7.1', revision: '8a0099a', time: '2017-11-06T21:07:36.161Z'
System info: host: 'DESKTOP-2D7LI1O', ip: '192.168.137.1', os.name: 'Windows 10', os.arch: 'amd64', os.version: '10.0', java.version: '1.8.0_181'
Driver info: driver.version: CChromeDriver)
	at com.kms.katalon.core.keyword.internal.KeywordMain.stepFailed(KeywordMain.groovy:36)
	at com.kms.katalon.core.webui.keyword.internal.WebUIKeywordMain.stepFailed(WebUIKeywordMain.groovy:65)
	at com.kms.katalon.core.webui.keyword.internal.WebUIKeywordMain.runKeyword(WebUIKeywordMain.groovy:27)
	at com.kms.katalon.core.webui.keyword.builtin.OpenBrowserKeyword.openBrowser(OpenBrowserKeyword.groovy:81)
	at com.kms.katalon.core.webui.keyword.builtin.OpenBrowserKeyword.execute(OpenBrowserKeyword.groovy:67)
	at com.kms.katalon.core.keyword.internal.KeywordExecutor.executeKeywordForPlatform(KeywordExecutor.groovy:53)
	at com.kms.katalon.core.webui.keyword.WebUiBuiltInKeywords.openBrowser(WebUiBuiltInKeywords.groovy:60)
	at com.kms.katalon.core.webui.keyword.WebUiBuiltInKeywords$openBrowser.call(Unknown Source)
	at sell a property.run(sell a property:16)
	at com.kms.katalon.core.main.ScriptEngine.run(ScriptEngine.java:194)
	at com.kms.katalon.core.main.ScriptEngine.runScriptAsRawText(ScriptEngine.java:119)
	at com.kms.katalon.core.main.TestCaseExecutor.runScript(TestCaseExecutor.java:328)
	at com.kms.katalon.core.main.TestCaseExecutor.doExecute(TestCaseExecutor.java:319)
	at com.kms.katalon.core.main.TestCaseExecutor.processExecutionPhase(TestCaseExecutor.java:298)
	at com.kms.katalon.core.main.TestCaseExecutor.accessMainPhase(TestCaseExecutor.java:290)
	at com.kms.katalon.core.main.TestCaseExecutor.execute(TestCaseExecutor.java:224)
	at com.kms.katalon.core.main.TestSuiteExecutor.accessTestCaseMainPhase(TestSuiteExecutor.java:129)
	at com.kms.katalon.core.main.TestSuiteExecutor.accessTestSuiteMainPhase(TestSuiteExecutor.java:112)
	at com.kms.katalon.core.main.TestSuiteExecutor.execute(TestSuiteExecutor.java:81)
	at com.kms.katalon.core.main.TestCaseMain.startTestSuite(TestCaseMain.java:149)
	at com.kms.katalon.core.main.TestCaseMain$startTestSuite$0.call(Unknown Source)
	at TempTestSuite1546500703440.run(TempTestSuite1546500703440.groovy:36)


2019-01-03 12:40:27 - [TEST_STEP][PASSED] - Start listener action : sampleAfterTestCase: null

2019-01-03 12:40:27 - [TEST_STEP][PASSED] - println(testCaseContext.getTestCaseId()): null

2019-01-03 12:40:27 - [TEST_STEP][PASSED] - println(testCaseContext.getTestCaseStatus()): null]]></system-out>
         <system-err><![CDATA[2019-01-03 12:40:06 - [TEST_CASE][FAILED] - Test Cases/footer/sell a property: Test Cases/footer/sell a property FAILED.
Reason:
com.kms.katalon.core.exception.StepFailedException: Unable to open browser with url: '' (Root cause: org.openqa.selenium.WebDriverException: Timed out waiting for driver server to start.
Build info: version: '3.7.1', revision: '8a0099a', time: '2017-11-06T21:07:36.161Z'
System info: host: 'DESKTOP-2D7LI1O', ip: '192.168.137.1', os.name: 'Windows 10', os.arch: 'amd64', os.version: '10.0', java.version: '1.8.0_181'
Driver info: driver.version: CChromeDriver)
	at com.kms.katalon.core.keyword.internal.KeywordMain.stepFailed(KeywordMain.groovy:36)
	at com.kms.katalon.core.webui.keyword.internal.WebUIKeywordMain.stepFailed(WebUIKeywordMain.groovy:65)
	at com.kms.katalon.core.webui.keyword.internal.WebUIKeywordMain.runKeyword(WebUIKeywordMain.groovy:27)
	at com.kms.katalon.core.webui.keyword.builtin.OpenBrowserKeyword.openBrowser(OpenBrowserKeyword.groovy:81)
	at com.kms.katalon.core.webui.keyword.builtin.OpenBrowserKeyword.execute(OpenBrowserKeyword.groovy:67)
	at com.kms.katalon.core.keyword.internal.KeywordExecutor.executeKeywordForPlatform(KeywordExecutor.groovy:53)
	at com.kms.katalon.core.webui.keyword.WebUiBuiltInKeywords.openBrowser(WebUiBuiltInKeywords.groovy:60)
	at com.kms.katalon.core.webui.keyword.WebUiBuiltInKeywords$openBrowser.call(Unknown Source)
	at sell a property.run(sell a property:16)
	at com.kms.katalon.core.main.ScriptEngine.run(ScriptEngine.java:194)
	at com.kms.katalon.core.main.ScriptEngine.runScriptAsRawText(ScriptEngine.java:119)
	at com.kms.katalon.core.main.TestCaseExecutor.runScript(TestCaseExecutor.java:328)
	at com.kms.katalon.core.main.TestCaseExecutor.doExecute(TestCaseExecutor.java:319)
	at com.kms.katalon.core.main.TestCaseExecutor.processExecutionPhase(TestCaseExecutor.java:298)
	at com.kms.katalon.core.main.TestCaseExecutor.accessMainPhase(TestCaseExecutor.java:290)
	at com.kms.katalon.core.main.TestCaseExecutor.execute(TestCaseExecutor.java:224)
	at com.kms.katalon.core.main.TestSuiteExecutor.accessTestCaseMainPhase(TestSuiteExecutor.java:129)
	at com.kms.katalon.core.main.TestSuiteExecutor.accessTestSuiteMainPhase(TestSuiteExecutor.java:112)
	at com.kms.katalon.core.main.TestSuiteExecutor.execute(TestSuiteExecutor.java:81)
	at com.kms.katalon.core.main.TestCaseMain.startTestSuite(TestCaseMain.java:149)
	at com.kms.katalon.core.main.TestCaseMain$startTestSuite$0.call(Unknown Source)
	at TempTestSuite1546500703440.run(TempTestSuite1546500703440.groovy:36)]]></system-err>
      </testcase>
      <testcase name="Test Cases/footer/Subscribe button" classname="Test Cases/footer/Subscribe button" status="FAILED">
         <failure type="FAILED" message="Test Cases/footer/Subscribe button FAILED.
Reason:
com.kms.katalon.core.exception.StepFailedException: Unable to accept alert (Root cause: com.kms.katalon.core.exception.StepFailedException: No alert found)
	at com.kms.katalon.core.keyword.internal.KeywordMain.stepFailed(KeywordMain.groovy:36)
	at com.kms.katalon.core.webui.keyword.internal.WebUIKeywordMain.stepFailed(WebUIKeywordMain.groovy:65)
	at com.kms.katalon.core.webui.keyword.internal.WebUIKeywordMain.runKeyword(WebUIKeywordMain.groovy:27)
	at com.kms.katalon.core.webui.keyword.builtin.AcceptAlertKeyword.acceptAlert(AcceptAlertKeyword.groovy:71)
	at com.kms.katalon.core.webui.keyword.builtin.AcceptAlertKeyword.execute(AcceptAlertKeyword.groovy:66)
	at com.kms.katalon.core.keyword.internal.KeywordExecutor.executeKeywordForPlatform(KeywordExecutor.groovy:53)
	at com.kms.katalon.core.webui.keyword.WebUiBuiltInKeywords.acceptAlert(WebUiBuiltInKeywords.groovy:1492)
	at com.kms.katalon.core.webui.keyword.WebUiBuiltInKeywords$acceptAlert$7.call(Unknown Source)
	at Subscribe button.run(Subscribe button:30)
	at com.kms.katalon.core.main.ScriptEngine.run(ScriptEngine.java:194)
	at com.kms.katalon.core.main.ScriptEngine.runScriptAsRawText(ScriptEngine.java:119)
	at com.kms.katalon.core.main.TestCaseExecutor.runScript(TestCaseExecutor.java:328)
	at com.kms.katalon.core.main.TestCaseExecutor.doExecute(TestCaseExecutor.java:319)
	at com.kms.katalon.core.main.TestCaseExecutor.processExecutionPhase(TestCaseExecutor.java:298)
	at com.kms.katalon.core.main.TestCaseExecutor.accessMainPhase(TestCaseExecutor.java:290)
	at com.kms.katalon.core.main.TestCaseExecutor.execute(TestCaseExecutor.java:224)
	at com.kms.katalon.core.main.TestSuiteExecutor.accessTestCaseMainPhase(TestSuiteExecutor.java:129)
	at com.kms.katalon.core.main.TestSuiteExecutor.accessTestSuiteMainPhase(TestSuiteExecutor.java:112)
	at com.kms.katalon.core.main.TestSuiteExecutor.execute(TestSuiteExecutor.java:81)
	at com.kms.katalon.core.main.TestCaseMain.startTestSuite(TestCaseMain.java:149)
	at com.kms.katalon.core.main.TestCaseMain$startTestSuite$0.call(Unknown Source)
	at TempTestSuite1546500703440.run(TempTestSuite1546500703440.groovy:36)
"/>
         <system-out><![CDATA[2019-01-03 12:40:27 - [TEST_CASE][FAILED] - Test Cases/footer/Subscribe button: Test Cases/footer/Subscribe button FAILED.
Reason:
com.kms.katalon.core.exception.StepFailedException: Unable to accept alert (Root cause: com.kms.katalon.core.exception.StepFailedException: No alert found)
	at com.kms.katalon.core.keyword.internal.KeywordMain.stepFailed(KeywordMain.groovy:36)
	at com.kms.katalon.core.webui.keyword.internal.WebUIKeywordMain.stepFailed(WebUIKeywordMain.groovy:65)
	at com.kms.katalon.core.webui.keyword.internal.WebUIKeywordMain.runKeyword(WebUIKeywordMain.groovy:27)
	at com.kms.katalon.core.webui.keyword.builtin.AcceptAlertKeyword.acceptAlert(AcceptAlertKeyword.groovy:71)
	at com.kms.katalon.core.webui.keyword.builtin.AcceptAlertKeyword.execute(AcceptAlertKeyword.groovy:66)
	at com.kms.katalon.core.keyword.internal.KeywordExecutor.executeKeywordForPlatform(KeywordExecutor.groovy:53)
	at com.kms.katalon.core.webui.keyword.WebUiBuiltInKeywords.acceptAlert(WebUiBuiltInKeywords.groovy:1492)
	at com.kms.katalon.core.webui.keyword.WebUiBuiltInKeywords$acceptAlert$7.call(Unknown Source)
	at Subscribe button.run(Subscribe button:30)
	at com.kms.katalon.core.main.ScriptEngine.run(ScriptEngine.java:194)
	at com.kms.katalon.core.main.ScriptEngine.runScriptAsRawText(ScriptEngine.java:119)
	at com.kms.katalon.core.main.TestCaseExecutor.runScript(TestCaseExecutor.java:328)
	at com.kms.katalon.core.main.TestCaseExecutor.doExecute(TestCaseExecutor.java:319)
	at com.kms.katalon.core.main.TestCaseExecutor.processExecutionPhase(TestCaseExecutor.java:298)
	at com.kms.katalon.core.main.TestCaseExecutor.accessMainPhase(TestCaseExecutor.java:290)
	at com.kms.katalon.core.main.TestCaseExecutor.execute(TestCaseExecutor.java:224)
	at com.kms.katalon.core.main.TestSuiteExecutor.accessTestCaseMainPhase(TestSuiteExecutor.java:129)
	at com.kms.katalon.core.main.TestSuiteExecutor.accessTestSuiteMainPhase(TestSuiteExecutor.java:112)
	at com.kms.katalon.core.main.TestSuiteExecutor.execute(TestSuiteExecutor.java:81)
	at com.kms.katalon.core.main.TestCaseMain.startTestSuite(TestCaseMain.java:149)
	at com.kms.katalon.core.main.TestCaseMain$startTestSuite$0.call(Unknown Source)
	at TempTestSuite1546500703440.run(TempTestSuite1546500703440.groovy:36)


2019-01-03 12:40:27 - [TEST_STEP][PASSED] - openBrowser(""): Browser is opened with url: ''

2019-01-03 12:40:27 - [MESSAGE][INFO] - Starting 'Chrome' driver

2019-01-03 12:40:39 - [MESSAGE][PASSED] - Browser is opened with url: ''

2019-01-03 12:40:39 - [TEST_STEP][PASSED] - navigateToUrl(Url): Navigate to 'http://demo.chiragh.com/' successfully

2019-01-03 12:40:48 - [MESSAGE][PASSED] - Navigate to 'http://demo.chiragh.com/' successfully

2019-01-03 12:40:48 - [TEST_STEP][PASSED] - maximizeWindow(): Current window maximized

2019-01-03 12:40:49 - [MESSAGE][PASSED] - Current window maximized

2019-01-03 12:40:49 - [TEST_STEP][PASSED] - delay(3): Delayed 3 second(s)

2019-01-03 12:40:52 - [MESSAGE][PASSED] - Delayed 3 second(s)

2019-01-03 12:40:52 - [TEST_STEP][PASSED] - setText(findTestObject("Object Repository/Subscribe/Page_Chiragh/input_Newsletter_form-control"), "a@gmail.com"): Text 'a@gmail.com' is set on object 'Object Repository/Subscribe/Page_Chiragh/input_Newsletter_form-control'

2019-01-03 12:40:52 - [MESSAGE][PASSED] - Text 'a@gmail.com' is set on object 'Object Repository/Subscribe/Page_Chiragh/input_Newsletter_form-control'

2019-01-03 12:40:52 - [TEST_STEP][PASSED] - click(findTestObject("Object Repository/Subscribe/Page_Chiragh/button_Subscribe")): Object: 'Object Repository/Subscribe/Page_Chiragh/button_Subscribe' is clicked on

2019-01-03 12:40:52 - [MESSAGE][PASSED] - Object: 'Object Repository/Subscribe/Page_Chiragh/button_Subscribe' is clicked on

2019-01-03 12:40:52 - [TEST_STEP][PASSED] - delay(3): Delayed 3 second(s)

2019-01-03 12:40:55 - [MESSAGE][PASSED] - Delayed 3 second(s)

2019-01-03 12:40:55 - [TEST_STEP][FAILED] - acceptAlert(): acceptAlert() FAILED.
Reason:
com.kms.katalon.core.exception.StepFailedException: Unable to accept alert (Root cause: com.kms.katalon.core.exception.StepFailedException: No alert found)
	at com.kms.katalon.core.keyword.internal.KeywordMain.stepFailed(KeywordMain.groovy:36)
	at com.kms.katalon.core.webui.keyword.internal.WebUIKeywordMain.stepFailed(WebUIKeywordMain.groovy:65)
	at com.kms.katalon.core.webui.keyword.internal.WebUIKeywordMain.runKeyword(WebUIKeywordMain.groovy:27)
	at com.kms.katalon.core.webui.keyword.builtin.AcceptAlertKeyword.acceptAlert(AcceptAlertKeyword.groovy:71)
	at com.kms.katalon.core.webui.keyword.builtin.AcceptAlertKeyword.execute(AcceptAlertKeyword.groovy:66)
	at com.kms.katalon.core.keyword.internal.KeywordExecutor.executeKeywordForPlatform(KeywordExecutor.groovy:53)
	at com.kms.katalon.core.webui.keyword.WebUiBuiltInKeywords.acceptAlert(WebUiBuiltInKeywords.groovy:1492)
	at com.kms.katalon.core.webui.keyword.WebUiBuiltInKeywords$acceptAlert$7.call(Unknown Source)
	at Subscribe button.run(Subscribe button:30)
	at com.kms.katalon.core.main.ScriptEngine.run(ScriptEngine.java:194)
	at com.kms.katalon.core.main.ScriptEngine.runScriptAsRawText(ScriptEngine.java:119)
	at com.kms.katalon.core.main.TestCaseExecutor.runScript(TestCaseExecutor.java:328)
	at com.kms.katalon.core.main.TestCaseExecutor.doExecute(TestCaseExecutor.java:319)
	at com.kms.katalon.core.main.TestCaseExecutor.processExecutionPhase(TestCaseExecutor.java:298)
	at com.kms.katalon.core.main.TestCaseExecutor.accessMainPhase(TestCaseExecutor.java:290)
	at com.kms.katalon.core.main.TestCaseExecutor.execute(TestCaseExecutor.java:224)
	at com.kms.katalon.core.main.TestSuiteExecutor.accessTestCaseMainPhase(TestSuiteExecutor.java:129)
	at com.kms.katalon.core.main.TestSuiteExecutor.accessTestSuiteMainPhase(TestSuiteExecutor.java:112)
	at com.kms.katalon.core.main.TestSuiteExecutor.execute(TestSuiteExecutor.java:81)
	at com.kms.katalon.core.main.TestCaseMain.startTestSuite(TestCaseMain.java:149)
	at com.kms.katalon.core.main.TestCaseMain$startTestSuite$0.call(Unknown Source)
	at TempTestSuite1546500703440.run(TempTestSuite1546500703440.groovy:36)


2019-01-03 12:40:56 - [MESSAGE][FAILED] - No alert found
[[ATTACHMENT|C:\\Users\\HP\\Katalon Studio\\links\\Reports\\Chiragh links\\20190103_123143\\1546501255951.png]]

2019-01-03 12:40:56 - [MESSAGE][FAILED] - Unable to accept alert (Root cause: com.kms.katalon.core.exception.StepFailedException: No alert found)
[[ATTACHMENT|C:\\Users\\HP\\Katalon Studio\\links\\Reports\\Chiragh links\\20190103_123143\\1546501256214.png]]

2019-01-03 12:40:56 - [MESSAGE][FAILED] - acceptAlert() FAILED.
Reason:
com.kms.katalon.core.exception.StepFailedException: Unable to accept alert (Root cause: com.kms.katalon.core.exception.StepFailedException: No alert found)
	at com.kms.katalon.core.keyword.internal.KeywordMain.stepFailed(KeywordMain.groovy:36)
	at com.kms.katalon.core.webui.keyword.internal.WebUIKeywordMain.stepFailed(WebUIKeywordMain.groovy:65)
	at com.kms.katalon.core.webui.keyword.internal.WebUIKeywordMain.runKeyword(WebUIKeywordMain.groovy:27)
	at com.kms.katalon.core.webui.keyword.builtin.AcceptAlertKeyword.acceptAlert(AcceptAlertKeyword.groovy:71)
	at com.kms.katalon.core.webui.keyword.builtin.AcceptAlertKeyword.execute(AcceptAlertKeyword.groovy:66)
	at com.kms.katalon.core.keyword.internal.KeywordExecutor.executeKeywordForPlatform(KeywordExecutor.groovy:53)
	at com.kms.katalon.core.webui.keyword.WebUiBuiltInKeywords.acceptAlert(WebUiBuiltInKeywords.groovy:1492)
	at com.kms.katalon.core.webui.keyword.WebUiBuiltInKeywords$acceptAlert$7.call(Unknown Source)
	at Subscribe button.run(Subscribe button:30)
	at com.kms.katalon.core.main.ScriptEngine.run(ScriptEngine.java:194)
	at com.kms.katalon.core.main.ScriptEngine.runScriptAsRawText(ScriptEngine.java:119)
	at com.kms.katalon.core.main.TestCaseExecutor.runScript(TestCaseExecutor.java:328)
	at com.kms.katalon.core.main.TestCaseExecutor.doExecute(TestCaseExecutor.java:319)
	at com.kms.katalon.core.main.TestCaseExecutor.processExecutionPhase(TestCaseExecutor.java:298)
	at com.kms.katalon.core.main.TestCaseExecutor.accessMainPhase(TestCaseExecutor.java:290)
	at com.kms.katalon.core.main.TestCaseExecutor.execute(TestCaseExecutor.java:224)
	at com.kms.katalon.core.main.TestSuiteExecutor.accessTestCaseMainPhase(TestSuiteExecutor.java:129)
	at com.kms.katalon.core.main.TestSuiteExecutor.accessTestSuiteMainPhase(TestSuiteExecutor.java:112)
	at com.kms.katalon.core.main.TestSuiteExecutor.execute(TestSuiteExecutor.java:81)
	at com.kms.katalon.core.main.TestCaseMain.startTestSuite(TestCaseMain.java:149)
	at com.kms.katalon.core.main.TestCaseMain$startTestSuite$0.call(Unknown Source)
	at TempTestSuite1546500703440.run(TempTestSuite1546500703440.groovy:36)


2019-01-03 12:40:56 - [TEST_STEP][PASSED] - Start listener action : sampleAfterTestCase: null

2019-01-03 12:40:56 - [TEST_STEP][PASSED] - println(testCaseContext.getTestCaseId()): null

2019-01-03 12:40:56 - [TEST_STEP][PASSED] - println(testCaseContext.getTestCaseStatus()): null]]></system-out>
         <system-err><![CDATA[2019-01-03 12:40:27 - [TEST_CASE][FAILED] - Test Cases/footer/Subscribe button: Test Cases/footer/Subscribe button FAILED.
Reason:
com.kms.katalon.core.exception.StepFailedException: Unable to accept alert (Root cause: com.kms.katalon.core.exception.StepFailedException: No alert found)
	at com.kms.katalon.core.keyword.internal.KeywordMain.stepFailed(KeywordMain.groovy:36)
	at com.kms.katalon.core.webui.keyword.internal.WebUIKeywordMain.stepFailed(WebUIKeywordMain.groovy:65)
	at com.kms.katalon.core.webui.keyword.internal.WebUIKeywordMain.runKeyword(WebUIKeywordMain.groovy:27)
	at com.kms.katalon.core.webui.keyword.builtin.AcceptAlertKeyword.acceptAlert(AcceptAlertKeyword.groovy:71)
	at com.kms.katalon.core.webui.keyword.builtin.AcceptAlertKeyword.execute(AcceptAlertKeyword.groovy:66)
	at com.kms.katalon.core.keyword.internal.KeywordExecutor.executeKeywordForPlatform(KeywordExecutor.groovy:53)
	at com.kms.katalon.core.webui.keyword.WebUiBuiltInKeywords.acceptAlert(WebUiBuiltInKeywords.groovy:1492)
	at com.kms.katalon.core.webui.keyword.WebUiBuiltInKeywords$acceptAlert$7.call(Unknown Source)
	at Subscribe button.run(Subscribe button:30)
	at com.kms.katalon.core.main.ScriptEngine.run(ScriptEngine.java:194)
	at com.kms.katalon.core.main.ScriptEngine.runScriptAsRawText(ScriptEngine.java:119)
	at com.kms.katalon.core.main.TestCaseExecutor.runScript(TestCaseExecutor.java:328)
	at com.kms.katalon.core.main.TestCaseExecutor.doExecute(TestCaseExecutor.java:319)
	at com.kms.katalon.core.main.TestCaseExecutor.processExecutionPhase(TestCaseExecutor.java:298)
	at com.kms.katalon.core.main.TestCaseExecutor.accessMainPhase(TestCaseExecutor.java:290)
	at com.kms.katalon.core.main.TestCaseExecutor.execute(TestCaseExecutor.java:224)
	at com.kms.katalon.core.main.TestSuiteExecutor.accessTestCaseMainPhase(TestSuiteExecutor.java:129)
	at com.kms.katalon.core.main.TestSuiteExecutor.accessTestSuiteMainPhase(TestSuiteExecutor.java:112)
	at com.kms.katalon.core.main.TestSuiteExecutor.execute(TestSuiteExecutor.java:81)
	at com.kms.katalon.core.main.TestCaseMain.startTestSuite(TestCaseMain.java:149)
	at com.kms.katalon.core.main.TestCaseMain$startTestSuite$0.call(Unknown Source)
	at TempTestSuite1546500703440.run(TempTestSuite1546500703440.groovy:36)]]></system-err>
      </testcase>
      <testcase name="Test Cases/footer/Terms and Conditions- footer" classname="Test Cases/footer/Terms and Conditions- footer" status="PASSED">
         <system-out><![CDATA[2019-01-03 12:40:56 - [TEST_CASE][PASSED] - Test Cases/footer/Terms and Conditions- footer: Test Cases/footer/Terms and Conditions- footer

2019-01-03 12:40:56 - [TEST_STEP][PASSED] - openBrowser(""): Browser is opened with url: ''

2019-01-03 12:40:56 - [MESSAGE][WARNING] - A browser is already opened. Closing browser and opening a new one

2019-01-03 12:40:57 - [MESSAGE][INFO] - Starting 'Chrome' driver

2019-01-03 12:40:59 - [MESSAGE][PASSED] - Browser is opened with url: ''

2019-01-03 12:40:59 - [TEST_STEP][PASSED] - navigateToUrl(Url): Navigate to 'http://demo.chiragh.com/' successfully

2019-01-03 12:41:07 - [MESSAGE][PASSED] - Navigate to 'http://demo.chiragh.com/' successfully

2019-01-03 12:41:07 - [TEST_STEP][PASSED] - maximizeWindow(): Current window maximized

2019-01-03 12:41:08 - [MESSAGE][PASSED] - Current window maximized

2019-01-03 12:41:08 - [TEST_STEP][PASSED] - delay(3): Delayed 3 second(s)

2019-01-03 12:41:11 - [MESSAGE][PASSED] - Delayed 3 second(s)

2019-01-03 12:41:11 - [TEST_STEP][PASSED] - click(findTestObject("Object Repository/Terms and Conditions/Page_Chiragh/a_Terms  Conditions")): Object: 'Object Repository/Terms and Conditions/Page_Chiragh/a_Terms  Conditions' is clicked on

2019-01-03 12:41:12 - [MESSAGE][PASSED] - Object: 'Object Repository/Terms and Conditions/Page_Chiragh/a_Terms  Conditions' is clicked on

2019-01-03 12:41:12 - [TEST_STEP][PASSED] - delay(3): Delayed 3 second(s)

2019-01-03 12:41:15 - [MESSAGE][PASSED] - Delayed 3 second(s)

2019-01-03 12:41:15 - [TEST_STEP][PASSED] - verifyElementPresent(findTestObject("Object Repository/Terms and Conditions/Page_Chiragh/div_Terms  Conditions"), 3): Object 'Object Repository/Terms and Conditions/Page_Chiragh/div_Terms  Conditions' is present

2019-01-03 12:41:15 - [MESSAGE][PASSED] - Object 'Object Repository/Terms and Conditions/Page_Chiragh/div_Terms  Conditions' is present

2019-01-03 12:41:15 - [TEST_STEP][PASSED] - closeBrowser(): Browser is closed

2019-01-03 12:41:16 - [MESSAGE][PASSED] - Browser is closed

2019-01-03 12:41:16 - [TEST_STEP][PASSED] - Start listener action : sampleAfterTestCase: null

2019-01-03 12:41:16 - [TEST_STEP][PASSED] - println(testCaseContext.getTestCaseId()): null

2019-01-03 12:41:16 - [TEST_STEP][PASSED] - println(testCaseContext.getTestCaseStatus()): null]]></system-out>
         <system-err><![CDATA[]]></system-err>
      </testcase>
      <testcase name="Test Cases/about us page/start buying now button" classname="Test Cases/about us page/start buying now button" status="FAILED">
         <failure type="FAILED" message="Test Cases/about us page/start buying now button FAILED.
Reason:
com.kms.katalon.core.exception.StepFailedException: Unable to verify text 'Current Auctions' is present  (Root cause: com.kms.katalon.core.exception.StepFailedException: Text 'Current Auctions' is not present on page )
	at com.kms.katalon.core.keyword.internal.KeywordMain.stepFailed(KeywordMain.groovy:36)
	at com.kms.katalon.core.webui.keyword.internal.WebUIKeywordMain.stepFailed(WebUIKeywordMain.groovy:65)
	at com.kms.katalon.core.webui.keyword.internal.WebUIKeywordMain.runKeyword(WebUIKeywordMain.groovy:27)
	at com.kms.katalon.core.webui.keyword.builtin.VerifyTextPresentKeyword.verifyTextPresent(VerifyTextPresentKeyword.groovy:83)
	at com.kms.katalon.core.webui.keyword.builtin.VerifyTextPresentKeyword.execute(VerifyTextPresentKeyword.groovy:68)
	at com.kms.katalon.core.keyword.internal.KeywordExecutor.executeKeywordForPlatform(KeywordExecutor.groovy:53)
	at com.kms.katalon.core.webui.keyword.WebUiBuiltInKeywords.verifyTextPresent(WebUiBuiltInKeywords.groovy:1693)
	at com.kms.katalon.core.webui.keyword.WebUiBuiltInKeywords$verifyTextPresent$6.call(Unknown Source)
	at start buying now button.run(start buying now button:30)
	at com.kms.katalon.core.main.ScriptEngine.run(ScriptEngine.java:194)
	at com.kms.katalon.core.main.ScriptEngine.runScriptAsRawText(ScriptEngine.java:119)
	at com.kms.katalon.core.main.TestCaseExecutor.runScript(TestCaseExecutor.java:328)
	at com.kms.katalon.core.main.TestCaseExecutor.doExecute(TestCaseExecutor.java:319)
	at com.kms.katalon.core.main.TestCaseExecutor.processExecutionPhase(TestCaseExecutor.java:298)
	at com.kms.katalon.core.main.TestCaseExecutor.accessMainPhase(TestCaseExecutor.java:290)
	at com.kms.katalon.core.main.TestCaseExecutor.execute(TestCaseExecutor.java:224)
	at com.kms.katalon.core.main.TestSuiteExecutor.accessTestCaseMainPhase(TestSuiteExecutor.java:129)
	at com.kms.katalon.core.main.TestSuiteExecutor.accessTestSuiteMainPhase(TestSuiteExecutor.java:112)
	at com.kms.katalon.core.main.TestSuiteExecutor.execute(TestSuiteExecutor.java:81)
	at com.kms.katalon.core.main.TestCaseMain.startTestSuite(TestCaseMain.java:149)
	at com.kms.katalon.core.main.TestCaseMain$startTestSuite$0.call(Unknown Source)
	at TempTestSuite1546500703440.run(TempTestSuite1546500703440.groovy:36)
"/>
         <system-out><![CDATA[2019-01-03 12:41:16 - [TEST_CASE][FAILED] - Test Cases/about us page/start buying now button: Test Cases/about us page/start buying now button FAILED.
Reason:
com.kms.katalon.core.exception.StepFailedException: Unable to verify text 'Current Auctions' is present  (Root cause: com.kms.katalon.core.exception.StepFailedException: Text 'Current Auctions' is not present on page )
	at com.kms.katalon.core.keyword.internal.KeywordMain.stepFailed(KeywordMain.groovy:36)
	at com.kms.katalon.core.webui.keyword.internal.WebUIKeywordMain.stepFailed(WebUIKeywordMain.groovy:65)
	at com.kms.katalon.core.webui.keyword.internal.WebUIKeywordMain.runKeyword(WebUIKeywordMain.groovy:27)
	at com.kms.katalon.core.webui.keyword.builtin.VerifyTextPresentKeyword.verifyTextPresent(VerifyTextPresentKeyword.groovy:83)
	at com.kms.katalon.core.webui.keyword.builtin.VerifyTextPresentKeyword.execute(VerifyTextPresentKeyword.groovy:68)
	at com.kms.katalon.core.keyword.internal.KeywordExecutor.executeKeywordForPlatform(KeywordExecutor.groovy:53)
	at com.kms.katalon.core.webui.keyword.WebUiBuiltInKeywords.verifyTextPresent(WebUiBuiltInKeywords.groovy:1693)
	at com.kms.katalon.core.webui.keyword.WebUiBuiltInKeywords$verifyTextPresent$6.call(Unknown Source)
	at start buying now button.run(start buying now button:30)
	at com.kms.katalon.core.main.ScriptEngine.run(ScriptEngine.java:194)
	at com.kms.katalon.core.main.ScriptEngine.runScriptAsRawText(ScriptEngine.java:119)
	at com.kms.katalon.core.main.TestCaseExecutor.runScript(TestCaseExecutor.java:328)
	at com.kms.katalon.core.main.TestCaseExecutor.doExecute(TestCaseExecutor.java:319)
	at com.kms.katalon.core.main.TestCaseExecutor.processExecutionPhase(TestCaseExecutor.java:298)
	at com.kms.katalon.core.main.TestCaseExecutor.accessMainPhase(TestCaseExecutor.java:290)
	at com.kms.katalon.core.main.TestCaseExecutor.execute(TestCaseExecutor.java:224)
	at com.kms.katalon.core.main.TestSuiteExecutor.accessTestCaseMainPhase(TestSuiteExecutor.java:129)
	at com.kms.katalon.core.main.TestSuiteExecutor.accessTestSuiteMainPhase(TestSuiteExecutor.java:112)
	at com.kms.katalon.core.main.TestSuiteExecutor.execute(TestSuiteExecutor.java:81)
	at com.kms.katalon.core.main.TestCaseMain.startTestSuite(TestCaseMain.java:149)
	at com.kms.katalon.core.main.TestCaseMain$startTestSuite$0.call(Unknown Source)
	at TempTestSuite1546500703440.run(TempTestSuite1546500703440.groovy:36)


2019-01-03 12:41:16 - [TEST_STEP][PASSED] - openBrowser(""): Browser is opened with url: ''

2019-01-03 12:41:16 - [MESSAGE][INFO] - Starting 'Chrome' driver

2019-01-03 12:41:18 - [MESSAGE][PASSED] - Browser is opened with url: ''

2019-01-03 12:41:18 - [TEST_STEP][PASSED] - navigateToUrl(Url): Navigate to 'http://demo.chiragh.com/' successfully

2019-01-03 12:41:27 - [MESSAGE][PASSED] - Navigate to 'http://demo.chiragh.com/' successfully

2019-01-03 12:41:27 - [TEST_STEP][PASSED] - maximizeWindow(): Current window maximized

2019-01-03 12:41:28 - [MESSAGE][PASSED] - Current window maximized

2019-01-03 12:41:28 - [TEST_STEP][PASSED] - delay(5): Delayed 5 second(s)

2019-01-03 12:41:33 - [MESSAGE][PASSED] - Delayed 5 second(s)

2019-01-03 12:41:33 - [TEST_STEP][PASSED] - click(findTestObject("about us/Page_Chiragh/a_About Us(current) (1)")): Object: 'Object Repository/about us/Page_Chiragh/a_About Us(current) (1)' is clicked on

2019-01-03 12:41:33 - [MESSAGE][PASSED] - Object: 'Object Repository/about us/Page_Chiragh/a_About Us(current) (1)' is clicked on

2019-01-03 12:41:33 - [TEST_STEP][PASSED] - click(findTestObject("about us/Page_Chiragh/Page_Chiragh/button_Start Buying")): Object: 'Object Repository/about us/Page_Chiragh/Page_Chiragh/button_Start Buying' is clicked on

2019-01-03 12:41:34 - [MESSAGE][PASSED] - Object: 'Object Repository/about us/Page_Chiragh/Page_Chiragh/button_Start Buying' is clicked on

2019-01-03 12:41:34 - [TEST_STEP][PASSED] - waitForPageLoad(5): Wait for page load successfully

2019-01-03 12:41:34 - [MESSAGE][PASSED] - Wait for page load successfully

2019-01-03 12:41:34 - [TEST_STEP][FAILED] - verifyTextPresent("Current Auctions", false): verifyTextPresent("Current Auctions", false) FAILED.
Reason:
com.kms.katalon.core.exception.StepFailedException: Unable to verify text 'Current Auctions' is present  (Root cause: com.kms.katalon.core.exception.StepFailedException: Text 'Current Auctions' is not present on page )
	at com.kms.katalon.core.keyword.internal.KeywordMain.stepFailed(KeywordMain.groovy:36)
	at com.kms.katalon.core.webui.keyword.internal.WebUIKeywordMain.stepFailed(WebUIKeywordMain.groovy:65)
	at com.kms.katalon.core.webui.keyword.internal.WebUIKeywordMain.runKeyword(WebUIKeywordMain.groovy:27)
	at com.kms.katalon.core.webui.keyword.builtin.VerifyTextPresentKeyword.verifyTextPresent(VerifyTextPresentKeyword.groovy:83)
	at com.kms.katalon.core.webui.keyword.builtin.VerifyTextPresentKeyword.execute(VerifyTextPresentKeyword.groovy:68)
	at com.kms.katalon.core.keyword.internal.KeywordExecutor.executeKeywordForPlatform(KeywordExecutor.groovy:53)
	at com.kms.katalon.core.webui.keyword.WebUiBuiltInKeywords.verifyTextPresent(WebUiBuiltInKeywords.groovy:1693)
	at com.kms.katalon.core.webui.keyword.WebUiBuiltInKeywords$verifyTextPresent$6.call(Unknown Source)
	at start buying now button.run(start buying now button:30)
	at com.kms.katalon.core.main.ScriptEngine.run(ScriptEngine.java:194)
	at com.kms.katalon.core.main.ScriptEngine.runScriptAsRawText(ScriptEngine.java:119)
	at com.kms.katalon.core.main.TestCaseExecutor.runScript(TestCaseExecutor.java:328)
	at com.kms.katalon.core.main.TestCaseExecutor.doExecute(TestCaseExecutor.java:319)
	at com.kms.katalon.core.main.TestCaseExecutor.processExecutionPhase(TestCaseExecutor.java:298)
	at com.kms.katalon.core.main.TestCaseExecutor.accessMainPhase(TestCaseExecutor.java:290)
	at com.kms.katalon.core.main.TestCaseExecutor.execute(TestCaseExecutor.java:224)
	at com.kms.katalon.core.main.TestSuiteExecutor.accessTestCaseMainPhase(TestSuiteExecutor.java:129)
	at com.kms.katalon.core.main.TestSuiteExecutor.accessTestSuiteMainPhase(TestSuiteExecutor.java:112)
	at com.kms.katalon.core.main.TestSuiteExecutor.execute(TestSuiteExecutor.java:81)
	at com.kms.katalon.core.main.TestCaseMain.startTestSuite(TestCaseMain.java:149)
	at com.kms.katalon.core.main.TestCaseMain$startTestSuite$0.call(Unknown Source)
	at TempTestSuite1546500703440.run(TempTestSuite1546500703440.groovy:36)


2019-01-03 12:41:34 - [MESSAGE][FAILED] - Text 'Current Auctions' is not present on page 

2019-01-03 12:41:34 - [MESSAGE][FAILED] - Unable to verify text 'Current Auctions' is present  (Root cause: com.kms.katalon.core.exception.StepFailedException: Text 'Current Auctions' is not present on page )
[[ATTACHMENT|C:\\Users\\HP\\Katalon Studio\\links\\Reports\\Chiragh links\\20190103_123143\\1546501294371.png]]

2019-01-03 12:41:34 - [MESSAGE][FAILED] - verifyTextPresent("Current Auctions", false) FAILED.
Reason:
com.kms.katalon.core.exception.StepFailedException: Unable to verify text 'Current Auctions' is present  (Root cause: com.kms.katalon.core.exception.StepFailedException: Text 'Current Auctions' is not present on page )
	at com.kms.katalon.core.keyword.internal.KeywordMain.stepFailed(KeywordMain.groovy:36)
	at com.kms.katalon.core.webui.keyword.internal.WebUIKeywordMain.stepFailed(WebUIKeywordMain.groovy:65)
	at com.kms.katalon.core.webui.keyword.internal.WebUIKeywordMain.runKeyword(WebUIKeywordMain.groovy:27)
	at com.kms.katalon.core.webui.keyword.builtin.VerifyTextPresentKeyword.verifyTextPresent(VerifyTextPresentKeyword.groovy:83)
	at com.kms.katalon.core.webui.keyword.builtin.VerifyTextPresentKeyword.execute(VerifyTextPresentKeyword.groovy:68)
	at com.kms.katalon.core.keyword.internal.KeywordExecutor.executeKeywordForPlatform(KeywordExecutor.groovy:53)
	at com.kms.katalon.core.webui.keyword.WebUiBuiltInKeywords.verifyTextPresent(WebUiBuiltInKeywords.groovy:1693)
	at com.kms.katalon.core.webui.keyword.WebUiBuiltInKeywords$verifyTextPresent$6.call(Unknown Source)
	at start buying now button.run(start buying now button:30)
	at com.kms.katalon.core.main.ScriptEngine.run(ScriptEngine.java:194)
	at com.kms.katalon.core.main.ScriptEngine.runScriptAsRawText(ScriptEngine.java:119)
	at com.kms.katalon.core.main.TestCaseExecutor.runScript(TestCaseExecutor.java:328)
	at com.kms.katalon.core.main.TestCaseExecutor.doExecute(TestCaseExecutor.java:319)
	at com.kms.katalon.core.main.TestCaseExecutor.processExecutionPhase(TestCaseExecutor.java:298)
	at com.kms.katalon.core.main.TestCaseExecutor.accessMainPhase(TestCaseExecutor.java:290)
	at com.kms.katalon.core.main.TestCaseExecutor.execute(TestCaseExecutor.java:224)
	at com.kms.katalon.core.main.TestSuiteExecutor.accessTestCaseMainPhase(TestSuiteExecutor.java:129)
	at com.kms.katalon.core.main.TestSuiteExecutor.accessTestSuiteMainPhase(TestSuiteExecutor.java:112)
	at com.kms.katalon.core.main.TestSuiteExecutor.execute(TestSuiteExecutor.java:81)
	at com.kms.katalon.core.main.TestCaseMain.startTestSuite(TestCaseMain.java:149)
	at com.kms.katalon.core.main.TestCaseMain$startTestSuite$0.call(Unknown Source)
	at TempTestSuite1546500703440.run(TempTestSuite1546500703440.groovy:36)


2019-01-03 12:41:34 - [TEST_STEP][PASSED] - Start listener action : sampleAfterTestCase: null

2019-01-03 12:41:34 - [TEST_STEP][PASSED] - println(testCaseContext.getTestCaseId()): null

2019-01-03 12:41:34 - [TEST_STEP][PASSED] - println(testCaseContext.getTestCaseStatus()): null]]></system-out>
         <system-err><![CDATA[2019-01-03 12:41:16 - [TEST_CASE][FAILED] - Test Cases/about us page/start buying now button: Test Cases/about us page/start buying now button FAILED.
Reason:
com.kms.katalon.core.exception.StepFailedException: Unable to verify text 'Current Auctions' is present  (Root cause: com.kms.katalon.core.exception.StepFailedException: Text 'Current Auctions' is not present on page )
	at com.kms.katalon.core.keyword.internal.KeywordMain.stepFailed(KeywordMain.groovy:36)
	at com.kms.katalon.core.webui.keyword.internal.WebUIKeywordMain.stepFailed(WebUIKeywordMain.groovy:65)
	at com.kms.katalon.core.webui.keyword.internal.WebUIKeywordMain.runKeyword(WebUIKeywordMain.groovy:27)
	at com.kms.katalon.core.webui.keyword.builtin.VerifyTextPresentKeyword.verifyTextPresent(VerifyTextPresentKeyword.groovy:83)
	at com.kms.katalon.core.webui.keyword.builtin.VerifyTextPresentKeyword.execute(VerifyTextPresentKeyword.groovy:68)
	at com.kms.katalon.core.keyword.internal.KeywordExecutor.executeKeywordForPlatform(KeywordExecutor.groovy:53)
	at com.kms.katalon.core.webui.keyword.WebUiBuiltInKeywords.verifyTextPresent(WebUiBuiltInKeywords.groovy:1693)
	at com.kms.katalon.core.webui.keyword.WebUiBuiltInKeywords$verifyTextPresent$6.call(Unknown Source)
	at start buying now button.run(start buying now button:30)
	at com.kms.katalon.core.main.ScriptEngine.run(ScriptEngine.java:194)
	at com.kms.katalon.core.main.ScriptEngine.runScriptAsRawText(ScriptEngine.java:119)
	at com.kms.katalon.core.main.TestCaseExecutor.runScript(TestCaseExecutor.java:328)
	at com.kms.katalon.core.main.TestCaseExecutor.doExecute(TestCaseExecutor.java:319)
	at com.kms.katalon.core.main.TestCaseExecutor.processExecutionPhase(TestCaseExecutor.java:298)
	at com.kms.katalon.core.main.TestCaseExecutor.accessMainPhase(TestCaseExecutor.java:290)
	at com.kms.katalon.core.main.TestCaseExecutor.execute(TestCaseExecutor.java:224)
	at com.kms.katalon.core.main.TestSuiteExecutor.accessTestCaseMainPhase(TestSuiteExecutor.java:129)
	at com.kms.katalon.core.main.TestSuiteExecutor.accessTestSuiteMainPhase(TestSuiteExecutor.java:112)
	at com.kms.katalon.core.main.TestSuiteExecutor.execute(TestSuiteExecutor.java:81)
	at com.kms.katalon.core.main.TestCaseMain.startTestSuite(TestCaseMain.java:149)
	at com.kms.katalon.core.main.TestCaseMain$startTestSuite$0.call(Unknown Source)
	at TempTestSuite1546500703440.run(TempTestSuite1546500703440.groovy:36)]]></system-err>
      </testcase>
      <testcase name="Test Cases/about us page/start selling now button" classname="Test Cases/about us page/start selling now button" status="FAILED">
         <failure type="FAILED" message="Test Cases/about us page/start selling now button FAILED.
Reason:
com.kms.katalon.core.exception.StepFailedException: Unable to verify object 'Object Repository/sell/Page_Chiragh/Page_Chiragh/form_Sign In' is present (Root cause: com.kms.katalon.core.exception.StepFailedException: com.kms.katalon.core.webui.exception.WebElementNotFoundException: Web element with id: 'Object Repository/sell/Page_Chiragh/Page_Chiragh/form_Sign In' located by 'By.xpath: (.//*[normalize-space(text()) and normalize-space(.)='Resources'])[1]/following::form[1]' not found)
	at com.kms.katalon.core.keyword.internal.KeywordMain.stepFailed(KeywordMain.groovy:36)
	at com.kms.katalon.core.webui.keyword.internal.WebUIKeywordMain.stepFailed(WebUIKeywordMain.groovy:65)
	at com.kms.katalon.core.webui.keyword.internal.WebUIKeywordMain.runKeyword(WebUIKeywordMain.groovy:27)
	at com.kms.katalon.core.webui.keyword.builtin.VerifyElementPresentKeyword.verifyElementPresent(VerifyElementPresentKeyword.groovy:92)
	at com.kms.katalon.core.webui.keyword.builtin.VerifyElementPresentKeyword.execute(VerifyElementPresentKeyword.groovy:68)
	at com.kms.katalon.core.keyword.internal.KeywordExecutor.executeKeywordForPlatform(KeywordExecutor.groovy:53)
	at com.kms.katalon.core.webui.keyword.WebUiBuiltInKeywords.verifyElementPresent(WebUiBuiltInKeywords.groovy:1434)
	at com.kms.katalon.core.webui.keyword.WebUiBuiltInKeywords$verifyElementPresent$3.call(Unknown Source)
	at start selling now button.run(start selling now button:30)
	at com.kms.katalon.core.main.ScriptEngine.run(ScriptEngine.java:194)
	at com.kms.katalon.core.main.ScriptEngine.runScriptAsRawText(ScriptEngine.java:119)
	at com.kms.katalon.core.main.TestCaseExecutor.runScript(TestCaseExecutor.java:328)
	at com.kms.katalon.core.main.TestCaseExecutor.doExecute(TestCaseExecutor.java:319)
	at com.kms.katalon.core.main.TestCaseExecutor.processExecutionPhase(TestCaseExecutor.java:298)
	at com.kms.katalon.core.main.TestCaseExecutor.accessMainPhase(TestCaseExecutor.java:290)
	at com.kms.katalon.core.main.TestCaseExecutor.execute(TestCaseExecutor.java:224)
	at com.kms.katalon.core.main.TestSuiteExecutor.accessTestCaseMainPhase(TestSuiteExecutor.java:129)
	at com.kms.katalon.core.main.TestSuiteExecutor.accessTestSuiteMainPhase(TestSuiteExecutor.java:112)
	at com.kms.katalon.core.main.TestSuiteExecutor.execute(TestSuiteExecutor.java:81)
	at com.kms.katalon.core.main.TestCaseMain.startTestSuite(TestCaseMain.java:149)
	at com.kms.katalon.core.main.TestCaseMain$startTestSuite$0.call(Unknown Source)
	at TempTestSuite1546500703440.run(TempTestSuite1546500703440.groovy:36)
"/>
         <system-out><![CDATA[2019-01-03 12:41:34 - [TEST_CASE][FAILED] - Test Cases/about us page/start selling now button: Test Cases/about us page/start selling now button FAILED.
Reason:
com.kms.katalon.core.exception.StepFailedException: Unable to verify object 'Object Repository/sell/Page_Chiragh/Page_Chiragh/form_Sign In' is present (Root cause: com.kms.katalon.core.exception.StepFailedException: com.kms.katalon.core.webui.exception.WebElementNotFoundException: Web element with id: 'Object Repository/sell/Page_Chiragh/Page_Chiragh/form_Sign In' located by 'By.xpath: (.//*[normalize-space(text()) and normalize-space(.)='Resources'])[1]/following::form[1]' not found)
	at com.kms.katalon.core.keyword.internal.KeywordMain.stepFailed(KeywordMain.groovy:36)
	at com.kms.katalon.core.webui.keyword.internal.WebUIKeywordMain.stepFailed(WebUIKeywordMain.groovy:65)
	at com.kms.katalon.core.webui.keyword.internal.WebUIKeywordMain.runKeyword(WebUIKeywordMain.groovy:27)
	at com.kms.katalon.core.webui.keyword.builtin.VerifyElementPresentKeyword.verifyElementPresent(VerifyElementPresentKeyword.groovy:92)
	at com.kms.katalon.core.webui.keyword.builtin.VerifyElementPresentKeyword.execute(VerifyElementPresentKeyword.groovy:68)
	at com.kms.katalon.core.keyword.internal.KeywordExecutor.executeKeywordForPlatform(KeywordExecutor.groovy:53)
	at com.kms.katalon.core.webui.keyword.WebUiBuiltInKeywords.verifyElementPresent(WebUiBuiltInKeywords.groovy:1434)
	at com.kms.katalon.core.webui.keyword.WebUiBuiltInKeywords$verifyElementPresent$3.call(Unknown Source)
	at start selling now button.run(start selling now button:30)
	at com.kms.katalon.core.main.ScriptEngine.run(ScriptEngine.java:194)
	at com.kms.katalon.core.main.ScriptEngine.runScriptAsRawText(ScriptEngine.java:119)
	at com.kms.katalon.core.main.TestCaseExecutor.runScript(TestCaseExecutor.java:328)
	at com.kms.katalon.core.main.TestCaseExecutor.doExecute(TestCaseExecutor.java:319)
	at com.kms.katalon.core.main.TestCaseExecutor.processExecutionPhase(TestCaseExecutor.java:298)
	at com.kms.katalon.core.main.TestCaseExecutor.accessMainPhase(TestCaseExecutor.java:290)
	at com.kms.katalon.core.main.TestCaseExecutor.execute(TestCaseExecutor.java:224)
	at com.kms.katalon.core.main.TestSuiteExecutor.accessTestCaseMainPhase(TestSuiteExecutor.java:129)
	at com.kms.katalon.core.main.TestSuiteExecutor.accessTestSuiteMainPhase(TestSuiteExecutor.java:112)
	at com.kms.katalon.core.main.TestSuiteExecutor.execute(TestSuiteExecutor.java:81)
	at com.kms.katalon.core.main.TestCaseMain.startTestSuite(TestCaseMain.java:149)
	at com.kms.katalon.core.main.TestCaseMain$startTestSuite$0.call(Unknown Source)
	at TempTestSuite1546500703440.run(TempTestSuite1546500703440.groovy:36)


2019-01-03 12:41:34 - [TEST_STEP][PASSED] - openBrowser(""): Browser is opened with url: ''

2019-01-03 12:41:34 - [MESSAGE][WARNING] - A browser is already opened. Closing browser and opening a new one

2019-01-03 12:41:35 - [MESSAGE][INFO] - Starting 'Chrome' driver

2019-01-03 12:41:38 - [MESSAGE][PASSED] - Browser is opened with url: ''

2019-01-03 12:41:38 - [TEST_STEP][PASSED] - navigateToUrl(Url): Navigate to 'http://demo.chiragh.com/' successfully

2019-01-03 12:41:46 - [MESSAGE][PASSED] - Navigate to 'http://demo.chiragh.com/' successfully

2019-01-03 12:41:46 - [TEST_STEP][PASSED] - maximizeWindow(): Current window maximized

2019-01-03 12:41:47 - [MESSAGE][PASSED] - Current window maximized

2019-01-03 12:41:47 - [TEST_STEP][PASSED] - delay(5): Delayed 5 second(s)

2019-01-03 12:41:52 - [MESSAGE][PASSED] - Delayed 5 second(s)

2019-01-03 12:41:52 - [TEST_STEP][PASSED] - click(findTestObject("Object Repository/about us/Page_Chiragh/a_About Us(current) (1)")): Object: 'Object Repository/about us/Page_Chiragh/a_About Us(current) (1)' is clicked on

2019-01-03 12:41:53 - [MESSAGE][PASSED] - Object: 'Object Repository/about us/Page_Chiragh/a_About Us(current) (1)' is clicked on

2019-01-03 12:41:53 - [TEST_STEP][PASSED] - click(findTestObject("Object Repository/about us/Page_Chiragh/button_Start                Se")): Object: 'Object Repository/about us/Page_Chiragh/button_Start                Se' is clicked on

2019-01-03 12:41:53 - [MESSAGE][PASSED] - Object: 'Object Repository/about us/Page_Chiragh/button_Start                Se' is clicked on

2019-01-03 12:41:53 - [TEST_STEP][PASSED] - waitForPageLoad(5): Wait for page load successfully

2019-01-03 12:41:53 - [MESSAGE][PASSED] - Wait for page load successfully

2019-01-03 12:41:53 - [TEST_STEP][FAILED] - if (verifyElementPresent(findTestObject("sell/Page_Chiragh/Page_Chiragh/form_Sign In"), 3) == true): if (verifyElementPresent(findTestObject("sell/Page_Chiragh/Page_Chiragh/form_Sign In"), 3) == true) FAILED.
Reason:
com.kms.katalon.core.exception.StepFailedException: Unable to verify object 'Object Repository/sell/Page_Chiragh/Page_Chiragh/form_Sign In' is present (Root cause: com.kms.katalon.core.exception.StepFailedException: com.kms.katalon.core.webui.exception.WebElementNotFoundException: Web element with id: 'Object Repository/sell/Page_Chiragh/Page_Chiragh/form_Sign In' located by 'By.xpath: (.//*[normalize-space(text()) and normalize-space(.)='Resources'])[1]/following::form[1]' not found)
	at com.kms.katalon.core.keyword.internal.KeywordMain.stepFailed(KeywordMain.groovy:36)
	at com.kms.katalon.core.webui.keyword.internal.WebUIKeywordMain.stepFailed(WebUIKeywordMain.groovy:65)
	at com.kms.katalon.core.webui.keyword.internal.WebUIKeywordMain.runKeyword(WebUIKeywordMain.groovy:27)
	at com.kms.katalon.core.webui.keyword.builtin.VerifyElementPresentKeyword.verifyElementPresent(VerifyElementPresentKeyword.groovy:92)
	at com.kms.katalon.core.webui.keyword.builtin.VerifyElementPresentKeyword.execute(VerifyElementPresentKeyword.groovy:68)
	at com.kms.katalon.core.keyword.internal.KeywordExecutor.executeKeywordForPlatform(KeywordExecutor.groovy:53)
	at com.kms.katalon.core.webui.keyword.WebUiBuiltInKeywords.verifyElementPresent(WebUiBuiltInKeywords.groovy:1434)
	at com.kms.katalon.core.webui.keyword.WebUiBuiltInKeywords$verifyElementPresent$3.call(Unknown Source)
	at start selling now button.run(start selling now button:30)
	at com.kms.katalon.core.main.ScriptEngine.run(ScriptEngine.java:194)
	at com.kms.katalon.core.main.ScriptEngine.runScriptAsRawText(ScriptEngine.java:119)
	at com.kms.katalon.core.main.TestCaseExecutor.runScript(TestCaseExecutor.java:328)
	at com.kms.katalon.core.main.TestCaseExecutor.doExecute(TestCaseExecutor.java:319)
	at com.kms.katalon.core.main.TestCaseExecutor.processExecutionPhase(TestCaseExecutor.java:298)
	at com.kms.katalon.core.main.TestCaseExecutor.accessMainPhase(TestCaseExecutor.java:290)
	at com.kms.katalon.core.main.TestCaseExecutor.execute(TestCaseExecutor.java:224)
	at com.kms.katalon.core.main.TestSuiteExecutor.accessTestCaseMainPhase(TestSuiteExecutor.java:129)
	at com.kms.katalon.core.main.TestSuiteExecutor.accessTestSuiteMainPhase(TestSuiteExecutor.java:112)
	at com.kms.katalon.core.main.TestSuiteExecutor.execute(TestSuiteExecutor.java:81)
	at com.kms.katalon.core.main.TestCaseMain.startTestSuite(TestCaseMain.java:149)
	at com.kms.katalon.core.main.TestCaseMain$startTestSuite$0.call(Unknown Source)
	at TempTestSuite1546500703440.run(TempTestSuite1546500703440.groovy:36)


2019-01-03 12:41:56 - [MESSAGE][INFO] - Unable to find the element located by 'By.xpath: (.//*[normalize-space(text()) and normalize-space(.)='Resources'])[1]/following::form[1]'. Please recheck the objects properties to make sure the desired element is located. 

2019-01-03 12:41:56 - [MESSAGE][FAILED] - com.kms.katalon.core.webui.exception.WebElementNotFoundException: Web element with id: 'Object Repository/sell/Page_Chiragh/Page_Chiragh/form_Sign In' located by 'By.xpath: (.//*[normalize-space(text()) and normalize-space(.)='Resources'])[1]/following::form[1]' not found
[[ATTACHMENT|C:\\Users\\HP\\Katalon Studio\\links\\Reports\\Chiragh links\\20190103_123143\\1546501316564.png]]

2019-01-03 12:41:57 - [MESSAGE][FAILED] - Unable to verify object 'Object Repository/sell/Page_Chiragh/Page_Chiragh/form_Sign In' is present (Root cause: com.kms.katalon.core.exception.StepFailedException: com.kms.katalon.core.webui.exception.WebElementNotFoundException: Web element with id: 'Object Repository/sell/Page_Chiragh/Page_Chiragh/form_Sign In' located by 'By.xpath: (.//*[normalize-space(text()) and normalize-space(.)='Resources'])[1]/following::form[1]' not found)
[[ATTACHMENT|C:\\Users\\HP\\Katalon Studio\\links\\Reports\\Chiragh links\\20190103_123143\\1546501316846.png]]

2019-01-03 12:41:57 - [MESSAGE][FAILED] - if (verifyElementPresent(findTestObject("sell/Page_Chiragh/Page_Chiragh/form_Sign In"), 3) == true) FAILED.
Reason:
com.kms.katalon.core.exception.StepFailedException: Unable to verify object 'Object Repository/sell/Page_Chiragh/Page_Chiragh/form_Sign In' is present (Root cause: com.kms.katalon.core.exception.StepFailedException: com.kms.katalon.core.webui.exception.WebElementNotFoundException: Web element with id: 'Object Repository/sell/Page_Chiragh/Page_Chiragh/form_Sign In' located by 'By.xpath: (.//*[normalize-space(text()) and normalize-space(.)='Resources'])[1]/following::form[1]' not found)
	at com.kms.katalon.core.keyword.internal.KeywordMain.stepFailed(KeywordMain.groovy:36)
	at com.kms.katalon.core.webui.keyword.internal.WebUIKeywordMain.stepFailed(WebUIKeywordMain.groovy:65)
	at com.kms.katalon.core.webui.keyword.internal.WebUIKeywordMain.runKeyword(WebUIKeywordMain.groovy:27)
	at com.kms.katalon.core.webui.keyword.builtin.VerifyElementPresentKeyword.verifyElementPresent(VerifyElementPresentKeyword.groovy:92)
	at com.kms.katalon.core.webui.keyword.builtin.VerifyElementPresentKeyword.execute(VerifyElementPresentKeyword.groovy:68)
	at com.kms.katalon.core.keyword.internal.KeywordExecutor.executeKeywordForPlatform(KeywordExecutor.groovy:53)
	at com.kms.katalon.core.webui.keyword.WebUiBuiltInKeywords.verifyElementPresent(WebUiBuiltInKeywords.groovy:1434)
	at com.kms.katalon.core.webui.keyword.WebUiBuiltInKeywords$verifyElementPresent$3.call(Unknown Source)
	at start selling now button.run(start selling now button:30)
	at com.kms.katalon.core.main.ScriptEngine.run(ScriptEngine.java:194)
	at com.kms.katalon.core.main.ScriptEngine.runScriptAsRawText(ScriptEngine.java:119)
	at com.kms.katalon.core.main.TestCaseExecutor.runScript(TestCaseExecutor.java:328)
	at com.kms.katalon.core.main.TestCaseExecutor.doExecute(TestCaseExecutor.java:319)
	at com.kms.katalon.core.main.TestCaseExecutor.processExecutionPhase(TestCaseExecutor.java:298)
	at com.kms.katalon.core.main.TestCaseExecutor.accessMainPhase(TestCaseExecutor.java:290)
	at com.kms.katalon.core.main.TestCaseExecutor.execute(TestCaseExecutor.java:224)
	at com.kms.katalon.core.main.TestSuiteExecutor.accessTestCaseMainPhase(TestSuiteExecutor.java:129)
	at com.kms.katalon.core.main.TestSuiteExecutor.accessTestSuiteMainPhase(TestSuiteExecutor.java:112)
	at com.kms.katalon.core.main.TestSuiteExecutor.execute(TestSuiteExecutor.java:81)
	at com.kms.katalon.core.main.TestCaseMain.startTestSuite(TestCaseMain.java:149)
	at com.kms.katalon.core.main.TestCaseMain$startTestSuite$0.call(Unknown Source)
	at TempTestSuite1546500703440.run(TempTestSuite1546500703440.groovy:36)


2019-01-03 12:41:57 - [TEST_STEP][PASSED] - Start listener action : sampleAfterTestCase: null

2019-01-03 12:41:57 - [TEST_STEP][PASSED] - println(testCaseContext.getTestCaseId()): null

2019-01-03 12:41:57 - [TEST_STEP][PASSED] - println(testCaseContext.getTestCaseStatus()): null]]></system-out>
         <system-err><![CDATA[2019-01-03 12:41:34 - [TEST_CASE][FAILED] - Test Cases/about us page/start selling now button: Test Cases/about us page/start selling now button FAILED.
Reason:
com.kms.katalon.core.exception.StepFailedException: Unable to verify object 'Object Repository/sell/Page_Chiragh/Page_Chiragh/form_Sign In' is present (Root cause: com.kms.katalon.core.exception.StepFailedException: com.kms.katalon.core.webui.exception.WebElementNotFoundException: Web element with id: 'Object Repository/sell/Page_Chiragh/Page_Chiragh/form_Sign In' located by 'By.xpath: (.//*[normalize-space(text()) and normalize-space(.)='Resources'])[1]/following::form[1]' not found)
	at com.kms.katalon.core.keyword.internal.KeywordMain.stepFailed(KeywordMain.groovy:36)
	at com.kms.katalon.core.webui.keyword.internal.WebUIKeywordMain.stepFailed(WebUIKeywordMain.groovy:65)
	at com.kms.katalon.core.webui.keyword.internal.WebUIKeywordMain.runKeyword(WebUIKeywordMain.groovy:27)
	at com.kms.katalon.core.webui.keyword.builtin.VerifyElementPresentKeyword.verifyElementPresent(VerifyElementPresentKeyword.groovy:92)
	at com.kms.katalon.core.webui.keyword.builtin.VerifyElementPresentKeyword.execute(VerifyElementPresentKeyword.groovy:68)
	at com.kms.katalon.core.keyword.internal.KeywordExecutor.executeKeywordForPlatform(KeywordExecutor.groovy:53)
	at com.kms.katalon.core.webui.keyword.WebUiBuiltInKeywords.verifyElementPresent(WebUiBuiltInKeywords.groovy:1434)
	at com.kms.katalon.core.webui.keyword.WebUiBuiltInKeywords$verifyElementPresent$3.call(Unknown Source)
	at start selling now button.run(start selling now button:30)
	at com.kms.katalon.core.main.ScriptEngine.run(ScriptEngine.java:194)
	at com.kms.katalon.core.main.ScriptEngine.runScriptAsRawText(ScriptEngine.java:119)
	at com.kms.katalon.core.main.TestCaseExecutor.runScript(TestCaseExecutor.java:328)
	at com.kms.katalon.core.main.TestCaseExecutor.doExecute(TestCaseExecutor.java:319)
	at com.kms.katalon.core.main.TestCaseExecutor.processExecutionPhase(TestCaseExecutor.java:298)
	at com.kms.katalon.core.main.TestCaseExecutor.accessMainPhase(TestCaseExecutor.java:290)
	at com.kms.katalon.core.main.TestCaseExecutor.execute(TestCaseExecutor.java:224)
	at com.kms.katalon.core.main.TestSuiteExecutor.accessTestCaseMainPhase(TestSuiteExecutor.java:129)
	at com.kms.katalon.core.main.TestSuiteExecutor.accessTestSuiteMainPhase(TestSuiteExecutor.java:112)
	at com.kms.katalon.core.main.TestSuiteExecutor.execute(TestSuiteExecutor.java:81)
	at com.kms.katalon.core.main.TestCaseMain.startTestSuite(TestCaseMain.java:149)
	at com.kms.katalon.core.main.TestCaseMain$startTestSuite$0.call(Unknown Source)
	at TempTestSuite1546500703440.run(TempTestSuite1546500703440.groovy:36)]]></system-err>
      </testcase>
      <system-out><![CDATA[2019-01-03 12:31:47 - [TEST_SUITE][FAILED] - Chiragh links: Test Cases/home page/first learn more FAILED.
Reason:
com.kms.katalon.core.exception.StepFailedException: Unable to accept alert (Root cause: com.kms.katalon.core.exception.StepFailedException: No alert found)
	at com.kms.katalon.core.keyword.internal.KeywordMain.stepFailed(KeywordMain.groovy:36)
	at com.kms.katalon.core.webui.keyword.internal.WebUIKeywordMain.stepFailed(WebUIKeywordMain.groovy:65)
	at com.kms.katalon.core.webui.keyword.internal.WebUIKeywordMain.runKeyword(WebUIKeywordMain.groovy:27)
	at com.kms.katalon.core.webui.keyword.builtin.AcceptAlertKeyword.acceptAlert(AcceptAlertKeyword.groovy:71)
	at com.kms.katalon.core.webui.keyword.builtin.AcceptAlertKeyword.execute(AcceptAlertKeyword.groovy:66)
	at com.kms.katalon.core.keyword.internal.KeywordExecutor.executeKeywordForPlatform(KeywordExecutor.groovy:53)
	at com.kms.katalon.core.webui.keyword.WebUiBuiltInKeywords.acceptAlert(WebUiBuiltInKeywords.groovy:1492)
	at com.kms.katalon.core.webui.keyword.WebUiBuiltInKeywords$acceptAlert$7.call(Unknown Source)
	at first learn more.run(first learn more:22)
	at com.kms.katalon.core.main.ScriptEngine.run(ScriptEngine.java:194)
	at com.kms.katalon.core.main.ScriptEngine.runScriptAsRawText(ScriptEngine.java:119)
	at com.kms.katalon.core.main.TestCaseExecutor.runScript(TestCaseExecutor.java:328)
	at com.kms.katalon.core.main.TestCaseExecutor.doExecute(TestCaseExecutor.java:319)
	at com.kms.katalon.core.main.TestCaseExecutor.processExecutionPhase(TestCaseExecutor.java:298)
	at com.kms.katalon.core.main.TestCaseExecutor.accessMainPhase(TestCaseExecutor.java:290)
	at com.kms.katalon.core.main.TestCaseExecutor.execute(TestCaseExecutor.java:224)
	at com.kms.katalon.core.main.TestSuiteExecutor.accessTestCaseMainPhase(TestSuiteExecutor.java:129)
	at com.kms.katalon.core.main.TestSuiteExecutor.accessTestSuiteMainPhase(TestSuiteExecutor.java:112)
	at com.kms.katalon.core.main.TestSuiteExecutor.execute(TestSuiteExecutor.java:81)
	at com.kms.katalon.core.main.TestCaseMain.startTestSuite(TestCaseMain.java:149)
	at com.kms.katalon.core.main.TestCaseMain$startTestSuite$0.call(Unknown Source)
	at TempTestSuite1546500703440.run(TempTestSuite1546500703440.groovy:36)]]></system-out>
      <system-err><![CDATA[2019-01-03 12:31:47 - [TEST_SUITE][FAILED] - Chiragh links: Test Cases/home page/first learn more FAILED.
Reason:
com.kms.katalon.core.exception.StepFailedException: Unable to accept alert (Root cause: com.kms.katalon.core.exception.StepFailedException: No alert found)
	at com.kms.katalon.core.keyword.internal.KeywordMain.stepFailed(KeywordMain.groovy:36)
	at com.kms.katalon.core.webui.keyword.internal.WebUIKeywordMain.stepFailed(WebUIKeywordMain.groovy:65)
	at com.kms.katalon.core.webui.keyword.internal.WebUIKeywordMain.runKeyword(WebUIKeywordMain.groovy:27)
	at com.kms.katalon.core.webui.keyword.builtin.AcceptAlertKeyword.acceptAlert(AcceptAlertKeyword.groovy:71)
	at com.kms.katalon.core.webui.keyword.builtin.AcceptAlertKeyword.execute(AcceptAlertKeyword.groovy:66)
	at com.kms.katalon.core.keyword.internal.KeywordExecutor.executeKeywordForPlatform(KeywordExecutor.groovy:53)
	at com.kms.katalon.core.webui.keyword.WebUiBuiltInKeywords.acceptAlert(WebUiBuiltInKeywords.groovy:1492)
	at com.kms.katalon.core.webui.keyword.WebUiBuiltInKeywords$acceptAlert$7.call(Unknown Source)
	at first learn more.run(first learn more:22)
	at com.kms.katalon.core.main.ScriptEngine.run(ScriptEngine.java:194)
	at com.kms.katalon.core.main.ScriptEngine.runScriptAsRawText(ScriptEngine.java:119)
	at com.kms.katalon.core.main.TestCaseExecutor.runScript(TestCaseExecutor.java:328)
	at com.kms.katalon.core.main.TestCaseExecutor.doExecute(TestCaseExecutor.java:319)
	at com.kms.katalon.core.main.TestCaseExecutor.processExecutionPhase(TestCaseExecutor.java:298)
	at com.kms.katalon.core.main.TestCaseExecutor.accessMainPhase(TestCaseExecutor.java:290)
	at com.kms.katalon.core.main.TestCaseExecutor.execute(TestCaseExecutor.java:224)
	at com.kms.katalon.core.main.TestSuiteExecutor.accessTestCaseMainPhase(TestSuiteExecutor.java:129)
	at com.kms.katalon.core.main.TestSuiteExecutor.accessTestSuiteMainPhase(TestSuiteExecutor.java:112)
	at com.kms.katalon.core.main.TestSuiteExecutor.execute(TestSuiteExecutor.java:81)
	at com.kms.katalon.core.main.TestCaseMain.startTestSuite(TestCaseMain.java:149)
	at com.kms.katalon.core.main.TestCaseMain$startTestSuite$0.call(Unknown Source)
	at TempTestSuite1546500703440.run(TempTestSuite1546500703440.groovy:36)]]></system-err>
   </testsuite>
</testsuites>
